{"synthetic": false,
 "schemaVersion": "2025-09-10",
 "outputs":
 {"o": ["0e185b7521579b53.olean"],
  "i": "bec438a2348e3f38.ilean",
  "c": "32928dea8cd2c6b3.c"},
 "log":
 [{"message":
   ".> LEAN_PATH=/Users/augustusthwack/Desktop/Logos_Library/.lake/packages/Cli/.lake/build/lib/lean:/Users/augustusthwack/Desktop/Logos_Library/.lake/packages/batteries/.lake/build/lib/lean:/Users/augustusthwack/Desktop/Logos_Library/.lake/packages/Qq/.lake/build/lib/lean:/Users/augustusthwack/Desktop/Logos_Library/.lake/packages/aesop/.lake/build/lib/lean:/Users/augustusthwack/Desktop/Logos_Library/.lake/packages/proofwidgets/.lake/build/lib/lean:/Users/augustusthwack/Desktop/Logos_Library/.lake/packages/importGraph/.lake/build/lib/lean:/Users/augustusthwack/Desktop/Logos_Library/.lake/packages/LeanSearchClient/.lake/build/lib/lean:/Users/augustusthwack/Desktop/Logos_Library/.lake/packages/plausible/.lake/build/lib/lean:/Users/augustusthwack/Desktop/Logos_Library/.lake/packages/mathlib/.lake/build/lib/lean:/Users/augustusthwack/Desktop/Logos_Library/.lake/build/lib/lean /Users/augustusthwack/.elan/toolchains/leanprover--lean4---v4.29.0-rc2/bin/lean /Users/augustusthwack/Desktop/Logos_Library/LogosLibrary/QuantumMechanics/UnitaryEvo/Resolvent.lean -o /Users/augustusthwack/Desktop/Logos_Library/.lake/build/lib/lean/LogosLibrary/QuantumMechanics/UnitaryEvo/Resolvent.olean -i /Users/augustusthwack/Desktop/Logos_Library/.lake/build/lib/lean/LogosLibrary/QuantumMechanics/UnitaryEvo/Resolvent.ilean -c /Users/augustusthwack/Desktop/Logos_Library/.lake/build/ir/LogosLibrary/QuantumMechanics/UnitaryEvo/Resolvent.c --setup /Users/augustusthwack/Desktop/Logos_Library/.lake/build/ir/LogosLibrary/QuantumMechanics/UnitaryEvo/Resolvent.setup.json --json",
   "level": "trace"}],
 "inputs":
 [["LogosLibrary.QuantumMechanics.UnitaryEvo.Resolvent:deps",
   [["deps",
     [["logos_library/LogosLibrary:extraDep",
       [["@logos_library:extraDep", "00000000000006bb"]]],
      ["imports",
       [["LogosLibrary.QuantumMechanics.UnitaryEvo.Resolvent.Basic transitive imports (legacy)",
         "15e6fcc7bc782474"],
        ["LogosLibrary.QuantumMechanics.UnitaryEvo.Resolvent.Basic:importAllArts",
         "ba8164dc5b1ae73f"],
        ["LogosLibrary.QuantumMechanics.UnitaryEvo.Resolvent.LowerBound transitive imports (legacy)",
         "764211403cd6eeb9"],
        ["LogosLibrary.QuantumMechanics.UnitaryEvo.Resolvent.LowerBound:importAllArts",
         "1006d629e92e9041"],
        ["LogosLibrary.QuantumMechanics.UnitaryEvo.Resolvent.NormExpansion transitive imports (legacy)",
         "764211403cd6eeb9"],
        ["LogosLibrary.QuantumMechanics.UnitaryEvo.Resolvent.NormExpansion:importAllArts",
         "36fe641dc230434f"],
        ["LogosLibrary.QuantumMechanics.UnitaryEvo.Resolvent.SpecialCases transitive imports (legacy)",
         "bc9a7a7b41ecdc81"],
        ["LogosLibrary.QuantumMechanics.UnitaryEvo.Resolvent.SpecialCases:importAllArts",
         "3bc02cec63b343e8"],
        ["LogosLibrary.QuantumMechanics.UnitaryEvo.Resolvent.Range transitive imports (legacy)",
         "ab58b3453615ccf4"],
        ["LogosLibrary.QuantumMechanics.UnitaryEvo.Resolvent.Range:importAllArts",
         "f4e86b7679b131fc"],
        ["LogosLibrary.QuantumMechanics.UnitaryEvo.Resolvent.Core transitive imports (legacy)",
         "a0307eaae9b59c61"],
        ["LogosLibrary.QuantumMechanics.UnitaryEvo.Resolvent.Core:importAllArts",
         "e2fff1cf5d23b046"],
        ["LogosLibrary.QuantumMechanics.UnitaryEvo.Resolvent.Identities transitive imports (legacy)",
         "0e42231808f6965b"],
        ["LogosLibrary.QuantumMechanics.UnitaryEvo.Resolvent.Identities:importAllArts",
         "12196b7688f8f4cf"],
        ["LogosLibrary.QuantumMechanics.UnitaryEvo.Resolvent.Analytic transitive imports (legacy)",
         "cdbdf229e604f6c8"],
        ["LogosLibrary.QuantumMechanics.UnitaryEvo.Resolvent.Analytic:importAllArts",
         "7ba1960ed96ae99b"]]]]],
    ["libs",
     [["import dynlibs", "00000000000006bb"],
      ["package external libraries", "00000000000006bb"],
      ["module dynlibs", "00000000000006bb"],
      ["module plugins", "00000000000006bb"]]]]],
  ["Lean 4.29.0, commit 83e54b65b65d1d3ce31d99d820a7bd5f3e219295",
   "e77748eb16099172"],
  ["/Users/augustusthwack/Desktop/Logos_Library/LogosLibrary/QuantumMechanics/UnitaryEvo/Resolvent.lean",
   "f1724a4a0e5ddfd4"],
  ["options", "00000000000006bb"],
  ["isModule: false", "feefd2a0d3a1847e"],
  ["Module.name: LogosLibrary.QuantumMechanics.UnitaryEvo.Resolvent",
   "8f34624e551a386f"],
  ["Package.id?: (some logos_library)", "94a92e73ca6dc2d7"],
  ["Module.leanArgs: #[]", "00000000000006bb"]],
 "depHash": "583f945cd6d25146"}