{"synthetic": false,
 "schemaVersion": "2025-09-10",
 "outputs":
 {"o": ["832058d68bf048d0.olean"],
  "i": "21d976c0e52c941b.ilean",
  "c": "ab2e7a6803baa1ac.c"},
 "log":
 [{"message":
   ".> LEAN_PATH=/Users/augustusthwack/Desktop/Logos_Library/.lake/packages/Cli/.lake/build/lib/lean:/Users/augustusthwack/Desktop/Logos_Library/.lake/packages/batteries/.lake/build/lib/lean:/Users/augustusthwack/Desktop/Logos_Library/.lake/packages/Qq/.lake/build/lib/lean:/Users/augustusthwack/Desktop/Logos_Library/.lake/packages/aesop/.lake/build/lib/lean:/Users/augustusthwack/Desktop/Logos_Library/.lake/packages/proofwidgets/.lake/build/lib/lean:/Users/augustusthwack/Desktop/Logos_Library/.lake/packages/importGraph/.lake/build/lib/lean:/Users/augustusthwack/Desktop/Logos_Library/.lake/packages/LeanSearchClient/.lake/build/lib/lean:/Users/augustusthwack/Desktop/Logos_Library/.lake/packages/plausible/.lake/build/lib/lean:/Users/augustusthwack/Desktop/Logos_Library/.lake/packages/mathlib/.lake/build/lib/lean:/Users/augustusthwack/Desktop/Logos_Library/.lake/build/lib/lean /Users/augustusthwack/.elan/toolchains/leanprover--lean4---v4.29.0-rc2/bin/lean /Users/augustusthwack/Desktop/Logos_Library/LogosLibrary/QuantumMechanics/UnitaryEvo/Yosida/Duhamel/Commutation.lean -o /Users/augustusthwack/Desktop/Logos_Library/.lake/build/lib/lean/LogosLibrary/QuantumMechanics/UnitaryEvo/Yosida/Duhamel/Commutation.olean -i /Users/augustusthwack/Desktop/Logos_Library/.lake/build/lib/lean/LogosLibrary/QuantumMechanics/UnitaryEvo/Yosida/Duhamel/Commutation.ilean -c /Users/augustusthwack/Desktop/Logos_Library/.lake/build/ir/LogosLibrary/QuantumMechanics/UnitaryEvo/Yosida/Duhamel/Commutation.c --setup /Users/augustusthwack/Desktop/Logos_Library/.lake/build/ir/LogosLibrary/QuantumMechanics/UnitaryEvo/Yosida/Duhamel/Commutation.setup.json --json",
   "level": "trace"}],
 "inputs":
 [["LogosLibrary.QuantumMechanics.UnitaryEvo.Yosida.Duhamel.Commutation:deps",
   [["deps",
     [["logos_library/LogosLibrary:extraDep",
       [["@logos_library:extraDep", "00000000000006bb"]]],
      ["imports",
       [["LogosLibrary.QuantumMechanics.UnitaryEvo.Yosida.Duhamel.Helpers transitive imports (legacy)",
         "ff48aec8b6e8d891"],
        ["LogosLibrary.QuantumMechanics.UnitaryEvo.Yosida.Duhamel.Helpers:importAllArts",
         "b6b2255f3af3bb90"]]]]],
    ["libs",
     [["import dynlibs", "00000000000006bb"],
      ["package external libraries", "00000000000006bb"],
      ["module dynlibs", "00000000000006bb"],
      ["module plugins", "00000000000006bb"]]]]],
  ["Lean 4.29.0, commit 83e54b65b65d1d3ce31d99d820a7bd5f3e219295",
   "e77748eb16099172"],
  ["/Users/augustusthwack/Desktop/Logos_Library/LogosLibrary/QuantumMechanics/UnitaryEvo/Yosida/Duhamel/Commutation.lean",
   "e7d8a4ed4fbc33e5"],
  ["options", "00000000000006bb"],
  ["isModule: false", "feefd2a0d3a1847e"],
  ["Module.name: LogosLibrary.QuantumMechanics.UnitaryEvo.Yosida.Duhamel.Commutation",
   "e03dbbe152a788fc"],
  ["Package.id?: (some logos_library)", "94a92e73ca6dc2d7"],
  ["Module.leanArgs: #[]", "00000000000006bb"]],
 "depHash": "cf111daafaea1332"}