{"synthetic": false,
 "schemaVersion": "2025-09-10",
 "outputs":
 {"o": ["5fdd789db9051e0e.olean"],
  "i": "c7afe4a06c1b2ff9.ilean",
  "c": "c178ae557ce9f1bf.c"},
 "log":
 [{"message":
   ".> LEAN_PATH=/Users/augustusthwack/Desktop/Logos_Library/.lake/packages/Cli/.lake/build/lib/lean:/Users/augustusthwack/Desktop/Logos_Library/.lake/packages/batteries/.lake/build/lib/lean:/Users/augustusthwack/Desktop/Logos_Library/.lake/packages/Qq/.lake/build/lib/lean:/Users/augustusthwack/Desktop/Logos_Library/.lake/packages/aesop/.lake/build/lib/lean:/Users/augustusthwack/Desktop/Logos_Library/.lake/packages/proofwidgets/.lake/build/lib/lean:/Users/augustusthwack/Desktop/Logos_Library/.lake/packages/importGraph/.lake/build/lib/lean:/Users/augustusthwack/Desktop/Logos_Library/.lake/packages/LeanSearchClient/.lake/build/lib/lean:/Users/augustusthwack/Desktop/Logos_Library/.lake/packages/plausible/.lake/build/lib/lean:/Users/augustusthwack/Desktop/Logos_Library/.lake/packages/mathlib/.lake/build/lib/lean:/Users/augustusthwack/Desktop/Logos_Library/.lake/build/lib/lean /Users/augustusthwack/.elan/toolchains/leanprover--lean4---v4.29.0-rc2/bin/lean /Users/augustusthwack/Desktop/Logos_Library/LogosLibrary/InformationGeometry/CramerRao/Basic.lean -o /Users/augustusthwack/Desktop/Logos_Library/.lake/build/lib/lean/LogosLibrary/InformationGeometry/CramerRao/Basic.olean -i /Users/augustusthwack/Desktop/Logos_Library/.lake/build/lib/lean/LogosLibrary/InformationGeometry/CramerRao/Basic.ilean -c /Users/augustusthwack/Desktop/Logos_Library/.lake/build/ir/LogosLibrary/InformationGeometry/CramerRao/Basic.c --setup /Users/augustusthwack/Desktop/Logos_Library/.lake/build/ir/LogosLibrary/InformationGeometry/CramerRao/Basic.setup.json --json",
   "level": "trace"}],
 "inputs":
 [["LogosLibrary.InformationGeometry.CramerRao.Basic:deps",
   [["deps",
     [["logos_library/LogosLibrary:extraDep",
       [["@logos_library:extraDep", "00000000000006bb"]]],
      ["imports",
       [["LogosLibrary.InformationGeometry.Fisher.StatisticalManifold transitive imports (legacy)",
         "00da02091650aea5"],
        ["LogosLibrary.InformationGeometry.Fisher.StatisticalManifold:importAllArts",
         "a7ca9b9cc30a1b6d"],
        ["Mathlib.LinearAlgebra.Matrix.PosDef transitive imports (legacy)",
         "e4e4037053f61d23"],
        ["Mathlib.LinearAlgebra.Matrix.PosDef:importAllArts",
         "5cbe435f249b0f43"],
        ["Mathlib.Analysis.InnerProductSpace.Basic transitive imports (legacy)",
         "093f01418431dab2"],
        ["Mathlib.Analysis.InnerProductSpace.Basic:importAllArts",
         "8c0baa35086bcd0e"],
        ["Mathlib.Analysis.Calculus.ParametricIntegral transitive imports (legacy)",
         "3dbffffd07711fda"],
        ["Mathlib.Analysis.Calculus.ParametricIntegral:importAllArts",
         "81924d406055058f"]]]]],
    ["libs",
     [["import dynlibs", "00000000000006bb"],
      ["package external libraries", "00000000000006bb"],
      ["module dynlibs", "00000000000006bb"],
      ["module plugins", "00000000000006bb"]]]]],
  ["Lean 4.29.0, commit 83e54b65b65d1d3ce31d99d820a7bd5f3e219295",
   "e77748eb16099172"],
  ["/Users/augustusthwack/Desktop/Logos_Library/LogosLibrary/InformationGeometry/CramerRao/Basic.lean",
   "8ca2769ef9cc43ac"],
  ["options", "00000000000006bb"],
  ["isModule: false", "feefd2a0d3a1847e"],
  ["Module.name: LogosLibrary.InformationGeometry.CramerRao.Basic",
   "9e18ea5e2f9f86ca"],
  ["Package.id?: (some logos_library)", "94a92e73ca6dc2d7"],
  ["Module.leanArgs: #[]", "00000000000006bb"]],
 "depHash": "80bd1a09ad065f45"}