{"synthetic": false,
 "schemaVersion": "2025-09-10",
 "outputs":
 {"o": ["becc538ff7dfaf5f.olean"],
  "i": "5d4b4cd80cf51a8a.ilean",
  "c": "ecc76363c460f989.c"},
 "log":
 [{"message":
   ".> LEAN_PATH=/Users/augustusthwack/Desktop/Logos_Library/.lake/packages/Cli/.lake/build/lib/lean:/Users/augustusthwack/Desktop/Logos_Library/.lake/packages/batteries/.lake/build/lib/lean:/Users/augustusthwack/Desktop/Logos_Library/.lake/packages/Qq/.lake/build/lib/lean:/Users/augustusthwack/Desktop/Logos_Library/.lake/packages/aesop/.lake/build/lib/lean:/Users/augustusthwack/Desktop/Logos_Library/.lake/packages/proofwidgets/.lake/build/lib/lean:/Users/augustusthwack/Desktop/Logos_Library/.lake/packages/importGraph/.lake/build/lib/lean:/Users/augustusthwack/Desktop/Logos_Library/.lake/packages/LeanSearchClient/.lake/build/lib/lean:/Users/augustusthwack/Desktop/Logos_Library/.lake/packages/plausible/.lake/build/lib/lean:/Users/augustusthwack/Desktop/Logos_Library/.lake/packages/mathlib/.lake/build/lib/lean:/Users/augustusthwack/Desktop/Logos_Library/.lake/build/lib/lean /Users/augustusthwack/.elan/toolchains/leanprover--lean4---v4.29.0-rc2/bin/lean /Users/augustusthwack/Desktop/Logos_Library/LogosLibrary/Superior/Strings/Basic.lean -o /Users/augustusthwack/Desktop/Logos_Library/.lake/build/lib/lean/LogosLibrary/Superior/Strings/Basic.olean -i /Users/augustusthwack/Desktop/Logos_Library/.lake/build/lib/lean/LogosLibrary/Superior/Strings/Basic.ilean -c /Users/augustusthwack/Desktop/Logos_Library/.lake/build/ir/LogosLibrary/Superior/Strings/Basic.c --setup /Users/augustusthwack/Desktop/Logos_Library/.lake/build/ir/LogosLibrary/Superior/Strings/Basic.setup.json --json",
   "level": "trace"}],
 "inputs":
 [["LogosLibrary.Superior.Strings.Basic:deps",
   [["deps",
     [["logos_library/LogosLibrary:extraDep",
       [["@logos_library:extraDep", "00000000000006bb"]]],
      ["imports",
       [["Mathlib.Analysis.SpecialFunctions.Pow.Real transitive imports (legacy)",
         "863c1104e0393823"],
        ["Mathlib.Analysis.SpecialFunctions.Pow.Real:importAllArts",
         "80e6ef56ec943812"],
        ["Mathlib.Analysis.SpecialFunctions.Sqrt transitive imports (legacy)",
         "890f67c08726a144"],
        ["Mathlib.Analysis.SpecialFunctions.Sqrt:importAllArts",
         "2ec5d092cbdf5a0f"],
        ["Mathlib.Analysis.Real.Pi.Bounds transitive imports (legacy)",
         "7271ff318681d026"],
        ["Mathlib.Analysis.Real.Pi.Bounds:importAllArts",
         "b5ea4bf3c2050fe7"]]]]],
    ["libs",
     [["import dynlibs", "00000000000006bb"],
      ["package external libraries", "00000000000006bb"],
      ["module dynlibs", "00000000000006bb"],
      ["module plugins", "00000000000006bb"]]]]],
  ["Lean 4.29.0, commit 83e54b65b65d1d3ce31d99d820a7bd5f3e219295",
   "e77748eb16099172"],
  ["/Users/augustusthwack/Desktop/Logos_Library/LogosLibrary/Superior/Strings/Basic.lean",
   "a5d53df18c07a889"],
  ["options", "00000000000006bb"],
  ["isModule: false", "feefd2a0d3a1847e"],
  ["Module.name: LogosLibrary.Superior.Strings.Basic", "c26cd841943fc085"],
  ["Package.id?: (some logos_library)", "94a92e73ca6dc2d7"],
  ["Module.leanArgs: #[]", "00000000000006bb"]],
 "depHash": "7aa79f92eff1e708"}