{"synthetic": false,
 "outputs":
 {"o": ["5207704773643867809"],
  "i": "12060872628366782091",
  "c": "1750375023100064806"},
 "log":
 [{"message":
   ".> LEAN_PATH=/Users/augustusthwack/Desktop/Logos_Library/.lake/packages/Cli/.lake/build/lib/lean:/Users/augustusthwack/Desktop/Logos_Library/.lake/packages/batteries/.lake/build/lib/lean:/Users/augustusthwack/Desktop/Logos_Library/.lake/packages/Qq/.lake/build/lib/lean:/Users/augustusthwack/Desktop/Logos_Library/.lake/packages/aesop/.lake/build/lib/lean:/Users/augustusthwack/Desktop/Logos_Library/.lake/packages/proofwidgets/.lake/build/lib/lean:/Users/augustusthwack/Desktop/Logos_Library/.lake/packages/importGraph/.lake/build/lib/lean:/Users/augustusthwack/Desktop/Logos_Library/.lake/packages/LeanSearchClient/.lake/build/lib/lean:/Users/augustusthwack/Desktop/Logos_Library/.lake/packages/plausible/.lake/build/lib/lean:/Users/augustusthwack/Desktop/Logos_Library/.lake/packages/mathlib/.lake/build/lib/lean:/Users/augustusthwack/Desktop/Logos_Library/.lake/build/lib/lean /Users/augustusthwack/.elan/toolchains/leanprover--lean4---v4.23.0-rc2/bin/lean /Users/augustusthwack/Desktop/Logos_Library/LogosLibrary/Superior/Strings/Synthesis.lean -o /Users/augustusthwack/Desktop/Logos_Library/.lake/build/lib/lean/LogosLibrary/Superior/Strings/Synthesis.olean -i /Users/augustusthwack/Desktop/Logos_Library/.lake/build/lib/lean/LogosLibrary/Superior/Strings/Synthesis.ilean -c /Users/augustusthwack/Desktop/Logos_Library/.lake/build/ir/LogosLibrary/Superior/Strings/Synthesis.c --setup /Users/augustusthwack/Desktop/Logos_Library/.lake/build/ir/LogosLibrary/Superior/Strings/Synthesis.setup.json --json",
   "level": "trace"}],
 "inputs":
 [["LogosLibrary.Superior.Strings.Synthesis:deps",
   [["deps",
     [["logos_library/LogosLibrary:extraDep",
       [["@logos_library:extraDep", "1723"]]],
      ["imports",
       [["LogosLibrary.Superior.Strings.Basic transitive imports (legacy)",
         "16403080239662103363"],
        ["LogosLibrary.Superior.Strings.Basic:importAllArts",
         "8469384145194761588"],
        ["LogosLibrary.Superior.Strings.Thermal transitive imports (legacy)",
         "12127312482109120038"],
        ["LogosLibrary.Superior.Strings.Thermal:importAllArts",
         "14981861024627435103"],
        ["LogosLibrary.Superior.Strings.Topology transitive imports (legacy)",
         "11077615293359131511"],
        ["LogosLibrary.Superior.Strings.Topology:importAllArts",
         "17514049169531513747"],
        ["LogosLibrary.Superior.Strings.Quaternion transitive imports (legacy)",
         "8016703623776313095"],
        ["LogosLibrary.Superior.Strings.Quaternion:importAllArts",
         "5893082165956698346"],
        ["LogosLibrary.Superior.ThermalTime.Basic transitive imports (legacy)",
         "13321086739222866377"],
        ["LogosLibrary.Superior.ThermalTime.Basic:importAllArts",
         "1898067414926233710"]]]]],
    ["libs",
     [["import dynlibs", "1723"],
      ["package external libraries", "1723"],
      ["module dynlibs", "1723"],
      ["module plugins", "1723"]]]]],
  ["Lean 4.23.0, commit ad1a017949674a947f0d6794cbf7130d642c6530",
   "2372534101328293747"],
  ["/Users/augustusthwack/Desktop/Logos_Library/LogosLibrary/Superior/Strings/Synthesis.lean",
   "17838909498867254999"],
  ["options", "1723"],
  ["Module.leanArgs: #[]", "1723"]],
 "depHash": "16361707674724551872"}