{"synthetic": false,
 "schemaVersion": "2025-09-10",
 "outputs":
 {"o": ["a4cd4ed4f97e825f.olean"],
  "i": "8ba8b4b6acc46a82.ilean",
  "c": "40dc771f1917ce86.c"},
 "log":
 [{"message":
   ".> LEAN_PATH=/Users/augustusthwack/Desktop/Logos_Library/.lake/packages/Cli/.lake/build/lib/lean:/Users/augustusthwack/Desktop/Logos_Library/.lake/packages/batteries/.lake/build/lib/lean:/Users/augustusthwack/Desktop/Logos_Library/.lake/packages/Qq/.lake/build/lib/lean:/Users/augustusthwack/Desktop/Logos_Library/.lake/packages/aesop/.lake/build/lib/lean:/Users/augustusthwack/Desktop/Logos_Library/.lake/packages/proofwidgets/.lake/build/lib/lean:/Users/augustusthwack/Desktop/Logos_Library/.lake/packages/importGraph/.lake/build/lib/lean:/Users/augustusthwack/Desktop/Logos_Library/.lake/packages/LeanSearchClient/.lake/build/lib/lean:/Users/augustusthwack/Desktop/Logos_Library/.lake/packages/plausible/.lake/build/lib/lean:/Users/augustusthwack/Desktop/Logos_Library/.lake/packages/mathlib/.lake/build/lib/lean:/Users/augustusthwack/Desktop/Logos_Library/.lake/build/lib/lean /Users/augustusthwack/.elan/toolchains/leanprover--lean4---v4.29.0-rc2/bin/lean /Users/augustusthwack/Desktop/Logos_Library/LogosLibrary/QuantumMechanics/UnitaryEvo/Resolvent/Identities.lean -o /Users/augustusthwack/Desktop/Logos_Library/.lake/build/lib/lean/LogosLibrary/QuantumMechanics/UnitaryEvo/Resolvent/Identities.olean -i /Users/augustusthwack/Desktop/Logos_Library/.lake/build/lib/lean/LogosLibrary/QuantumMechanics/UnitaryEvo/Resolvent/Identities.ilean -c /Users/augustusthwack/Desktop/Logos_Library/.lake/build/ir/LogosLibrary/QuantumMechanics/UnitaryEvo/Resolvent/Identities.c --setup /Users/augustusthwack/Desktop/Logos_Library/.lake/build/ir/LogosLibrary/QuantumMechanics/UnitaryEvo/Resolvent/Identities.setup.json --json",
   "level": "trace"}],
 "inputs":
 [["LogosLibrary.QuantumMechanics.UnitaryEvo.Resolvent.Identities:deps",
   [["deps",
     [["logos_library/LogosLibrary:extraDep",
       [["@logos_library:extraDep", "00000000000006bb"]]],
      ["imports",
       [["LogosLibrary.QuantumMechanics.UnitaryEvo.Resolvent.Core transitive imports (legacy)",
         "a0307eaae9b59c61"],
        ["LogosLibrary.QuantumMechanics.UnitaryEvo.Resolvent.Core:importAllArts",
         "e2fff1cf5d23b046"]]]]],
    ["libs",
     [["import dynlibs", "00000000000006bb"],
      ["package external libraries", "00000000000006bb"],
      ["module dynlibs", "00000000000006bb"],
      ["module plugins", "00000000000006bb"]]]]],
  ["Lean 4.29.0, commit 83e54b65b65d1d3ce31d99d820a7bd5f3e219295",
   "e77748eb16099172"],
  ["/Users/augustusthwack/Desktop/Logos_Library/LogosLibrary/QuantumMechanics/UnitaryEvo/Resolvent/Identities.lean",
   "02216e1d7a4e4aac"],
  ["options", "00000000000006bb"],
  ["isModule: false", "feefd2a0d3a1847e"],
  ["Module.name: LogosLibrary.QuantumMechanics.UnitaryEvo.Resolvent.Identities",
   "bd293bfa0457ebd0"],
  ["Package.id?: (some logos_library)", "94a92e73ca6dc2d7"],
  ["Module.leanArgs: #[]", "00000000000006bb"]],
 "depHash": "cb946c6efb173193"}