{"synthetic": false,
 "outputs":
 {"o": ["714802703060889182"],
  "i": "1824251626760984422",
  "c": "12434883498974418166"},
 "log":
 [{"message":
   ".> LEAN_PATH=/Users/augustusthwack/Desktop/Logos_Library/.lake/packages/Cli/.lake/build/lib/lean:/Users/augustusthwack/Desktop/Logos_Library/.lake/packages/batteries/.lake/build/lib/lean:/Users/augustusthwack/Desktop/Logos_Library/.lake/packages/Qq/.lake/build/lib/lean:/Users/augustusthwack/Desktop/Logos_Library/.lake/packages/aesop/.lake/build/lib/lean:/Users/augustusthwack/Desktop/Logos_Library/.lake/packages/proofwidgets/.lake/build/lib/lean:/Users/augustusthwack/Desktop/Logos_Library/.lake/packages/importGraph/.lake/build/lib/lean:/Users/augustusthwack/Desktop/Logos_Library/.lake/packages/LeanSearchClient/.lake/build/lib/lean:/Users/augustusthwack/Desktop/Logos_Library/.lake/packages/plausible/.lake/build/lib/lean:/Users/augustusthwack/Desktop/Logos_Library/.lake/packages/mathlib/.lake/build/lib/lean:/Users/augustusthwack/Desktop/Logos_Library/.lake/build/lib/lean /Users/augustusthwack/.elan/toolchains/leanprover--lean4---v4.23.0-rc2/bin/lean /Users/augustusthwack/Desktop/Logos_Library/LogosLibrary/QuantumMechanics/ModularTheory/KMS/Condition.lean -o /Users/augustusthwack/Desktop/Logos_Library/.lake/build/lib/lean/LogosLibrary/QuantumMechanics/ModularTheory/KMS/Condition.olean -i /Users/augustusthwack/Desktop/Logos_Library/.lake/build/lib/lean/LogosLibrary/QuantumMechanics/ModularTheory/KMS/Condition.ilean -c /Users/augustusthwack/Desktop/Logos_Library/.lake/build/ir/LogosLibrary/QuantumMechanics/ModularTheory/KMS/Condition.c --setup /Users/augustusthwack/Desktop/Logos_Library/.lake/build/ir/LogosLibrary/QuantumMechanics/ModularTheory/KMS/Condition.setup.json --json",
   "level": "trace"}],
 "inputs":
 [["LogosLibrary.QuantumMechanics.ModularTheory.KMS.Condition:deps",
   [["deps",
     [["logos_library/LogosLibrary:extraDep",
       [["@logos_library:extraDep", "1723"]]],
      ["imports",
       [["Mathlib.Analysis.Complex.Basic transitive imports (legacy)",
         "1352480495965224072"],
        ["Mathlib.Analysis.Complex.Basic:importAllArts",
         "12487630245828607840"],
        ["Mathlib.Analysis.Calculus.FDeriv.Basic transitive imports (legacy)",
         "5042141294670966725"],
        ["Mathlib.Analysis.Calculus.FDeriv.Basic:importAllArts",
         "17760732783513558115"],
        ["Mathlib.Topology.ContinuousOn transitive imports (legacy)",
         "9011523148942590212"],
        ["Mathlib.Topology.ContinuousOn:importAllArts", "10369797496063694761"],
        ["Mathlib.Algebra.Star.Module transitive imports (legacy)",
         "6320765034110042303"],
        ["Mathlib.Algebra.Star.Module:importAllArts", "2059947755218755166"],
        ["Mathlib.Analysis.Convex.Basic transitive imports (legacy)",
         "8605443220702218212"],
        ["Mathlib.Analysis.Convex.Basic:importAllArts", "8999002984118843910"],
        ["Mathlib.Analysis.Calculus.FDeriv.Add transitive imports (legacy)",
         "3846054973460626053"],
        ["Mathlib.Analysis.Calculus.FDeriv.Add:importAllArts",
         "2744537731557199984"],
        ["Mathlib.Analysis.Complex.Liouville transitive imports (legacy)",
         "11162728299811292584"],
        ["Mathlib.Analysis.Complex.Liouville:importAllArts",
         "8730939757204155946"],
        ["LogosLibrary.QuantumMechanics.ModularTheory.KMS.PeriodicStrip transitive imports (legacy)",
         "8684570352025630037"],
        ["LogosLibrary.QuantumMechanics.ModularTheory.KMS.PeriodicStrip:importAllArts",
         "7817743565280676116"]]]]],
    ["libs",
     [["import dynlibs", "1723"],
      ["package external libraries", "1723"],
      ["module dynlibs", "1723"],
      ["module plugins", "1723"]]]]],
  ["Lean 4.23.0, commit ad1a017949674a947f0d6794cbf7130d642c6530",
   "2372534101328293747"],
  ["/Users/augustusthwack/Desktop/Logos_Library/LogosLibrary/QuantumMechanics/ModularTheory/KMS/Condition.lean",
   "16088637973905088565"],
  ["options", "1723"],
  ["Module.leanArgs: #[]", "1723"]],
 "depHash": "10515942836961173052"}