{"synthetic": false,
 "outputs":
 {"o": ["4307638371045520566"],
  "i": "12962036992166838828",
  "c": "13574661701803933608"},
 "log":
 [{"message":
   ".> LEAN_PATH=/Users/augustusthwack/Desktop/Logos_Library/.lake/packages/Cli/.lake/build/lib/lean:/Users/augustusthwack/Desktop/Logos_Library/.lake/packages/batteries/.lake/build/lib/lean:/Users/augustusthwack/Desktop/Logos_Library/.lake/packages/Qq/.lake/build/lib/lean:/Users/augustusthwack/Desktop/Logos_Library/.lake/packages/aesop/.lake/build/lib/lean:/Users/augustusthwack/Desktop/Logos_Library/.lake/packages/proofwidgets/.lake/build/lib/lean:/Users/augustusthwack/Desktop/Logos_Library/.lake/packages/importGraph/.lake/build/lib/lean:/Users/augustusthwack/Desktop/Logos_Library/.lake/packages/LeanSearchClient/.lake/build/lib/lean:/Users/augustusthwack/Desktop/Logos_Library/.lake/packages/plausible/.lake/build/lib/lean:/Users/augustusthwack/Desktop/Logos_Library/.lake/packages/mathlib/.lake/build/lib/lean:/Users/augustusthwack/Desktop/Logos_Library/.lake/build/lib/lean /Users/augustusthwack/.elan/toolchains/leanprover--lean4---v4.23.0-rc2/bin/lean /Users/augustusthwack/Desktop/Logos_Library/LogosLibrary/QuantumMechanics/ModularTheory/KMS/PeriodicStrip.lean -o /Users/augustusthwack/Desktop/Logos_Library/.lake/build/lib/lean/LogosLibrary/QuantumMechanics/ModularTheory/KMS/PeriodicStrip.olean -i /Users/augustusthwack/Desktop/Logos_Library/.lake/build/lib/lean/LogosLibrary/QuantumMechanics/ModularTheory/KMS/PeriodicStrip.ilean -c /Users/augustusthwack/Desktop/Logos_Library/.lake/build/ir/LogosLibrary/QuantumMechanics/ModularTheory/KMS/PeriodicStrip.c --setup /Users/augustusthwack/Desktop/Logos_Library/.lake/build/ir/LogosLibrary/QuantumMechanics/ModularTheory/KMS/PeriodicStrip.setup.json --json",
   "level": "trace"}],
 "inputs":
 [["LogosLibrary.QuantumMechanics.ModularTheory.KMS.PeriodicStrip:deps",
   [["deps",
     [["logos_library/LogosLibrary:extraDep",
       [["@logos_library:extraDep", "1723"]]],
      ["imports",
       [["Mathlib.Analysis.Complex.Basic transitive imports (legacy)",
         "1352480495965224072"],
        ["Mathlib.Analysis.Complex.Basic:importAllArts",
         "12487630245828607840"],
        ["Mathlib.Analysis.Complex.Liouville transitive imports (legacy)",
         "11162728299811292584"],
        ["Mathlib.Analysis.Complex.Liouville:importAllArts",
         "8730939757204155946"],
        ["Mathlib.Analysis.Calculus.FDeriv.Basic transitive imports (legacy)",
         "5042141294670966725"],
        ["Mathlib.Analysis.Calculus.FDeriv.Basic:importAllArts",
         "17760732783513558115"],
        ["Mathlib.Topology.ContinuousOn transitive imports (legacy)",
         "9011523148942590212"],
        ["Mathlib.Topology.ContinuousOn:importAllArts", "10369797496063694761"],
        ["Mathlib.Algebra.Order.Floor.Defs transitive imports (legacy)",
         "10232011390264705590"],
        ["Mathlib.Algebra.Order.Floor.Defs:importAllArts",
         "4451641449209058961"],
        ["Mathlib.Algebra.Order.Floor.Ring transitive imports (legacy)",
         "4405453744242693151"],
        ["Mathlib.Algebra.Order.Floor.Ring:importAllArts",
         "12359650374803833109"],
        ["Mathlib.Algebra.Order.Floor.Semiring transitive imports (legacy)",
         "6690197852961272308"],
        ["Mathlib.Algebra.Order.Floor.Semiring:importAllArts",
         "7398618144490521170"],
        ["Mathlib.Algebra.Order.Floor.Div transitive imports (legacy)",
         "9397939727939330150"],
        ["Mathlib.Algebra.Order.Floor.Div:importAllArts",
         "4640103103816499425"],
        ["Mathlib.Algebra.Order.Floor.Semifield transitive imports (legacy)",
         "17894688778482384697"],
        ["Mathlib.Algebra.Order.Floor.Semifield:importAllArts",
         "1570663555728464596"],
        ["Mathlib.Analysis.SpecialFunctions.Complex.Log transitive imports (legacy)",
         "9190922368913910091"],
        ["Mathlib.Analysis.SpecialFunctions.Complex.Log:importAllArts",
         "13592815780138348978"],
        ["Mathlib.Analysis.Complex.CauchyIntegral transitive imports (legacy)",
         "3734662985327866875"],
        ["Mathlib.Analysis.Complex.CauchyIntegral:importAllArts",
         "2807433631561411647"],
        ["Mathlib.Analysis.Complex.RemovableSingularity transitive imports (legacy)",
         "1564629302601810122"],
        ["Mathlib.Analysis.Complex.RemovableSingularity:importAllArts",
         "11654632400384261885"]]]]],
    ["libs",
     [["import dynlibs", "1723"],
      ["package external libraries", "1723"],
      ["module dynlibs", "1723"],
      ["module plugins", "1723"]]]]],
  ["Lean 4.23.0, commit ad1a017949674a947f0d6794cbf7130d642c6530",
   "2372534101328293747"],
  ["/Users/augustusthwack/Desktop/Logos_Library/LogosLibrary/QuantumMechanics/ModularTheory/KMS/PeriodicStrip.lean",
   "4370083967339416696"],
  ["options", "1723"],
  ["Module.leanArgs: #[]", "1723"]],
 "depHash": "11515774608224442832"}