{"synthetic": false,
 "outputs":
 {"o": ["13504574178080568446"],
  "i": "11810355196859862027",
  "c": "12975619373277430539"},
 "log":
 [{"message":
   ".> LEAN_PATH=/Users/augustusthwack/Desktop/Logos_Library/.lake/packages/Cli/.lake/build/lib/lean:/Users/augustusthwack/Desktop/Logos_Library/.lake/packages/batteries/.lake/build/lib/lean:/Users/augustusthwack/Desktop/Logos_Library/.lake/packages/Qq/.lake/build/lib/lean:/Users/augustusthwack/Desktop/Logos_Library/.lake/packages/aesop/.lake/build/lib/lean:/Users/augustusthwack/Desktop/Logos_Library/.lake/packages/proofwidgets/.lake/build/lib/lean:/Users/augustusthwack/Desktop/Logos_Library/.lake/packages/importGraph/.lake/build/lib/lean:/Users/augustusthwack/Desktop/Logos_Library/.lake/packages/LeanSearchClient/.lake/build/lib/lean:/Users/augustusthwack/Desktop/Logos_Library/.lake/packages/plausible/.lake/build/lib/lean:/Users/augustusthwack/Desktop/Logos_Library/.lake/packages/mathlib/.lake/build/lib/lean:/Users/augustusthwack/Desktop/Logos_Library/.lake/build/lib/lean /Users/augustusthwack/.elan/toolchains/leanprover--lean4---v4.23.0-rc2/bin/lean /Users/augustusthwack/Desktop/Logos_Library/LogosLibrary/Superior/SpectralTriples/ProductGeometry.lean -o /Users/augustusthwack/Desktop/Logos_Library/.lake/build/lib/lean/LogosLibrary/Superior/SpectralTriples/ProductGeometry.olean -i /Users/augustusthwack/Desktop/Logos_Library/.lake/build/lib/lean/LogosLibrary/Superior/SpectralTriples/ProductGeometry.ilean -c /Users/augustusthwack/Desktop/Logos_Library/.lake/build/ir/LogosLibrary/Superior/SpectralTriples/ProductGeometry.c --setup /Users/augustusthwack/Desktop/Logos_Library/.lake/build/ir/LogosLibrary/Superior/SpectralTriples/ProductGeometry.setup.json --json",
   "level": "trace"}],
 "inputs":
 [["LogosLibrary.Superior.SpectralTriples.ProductGeometry:deps",
   [["deps",
     [["logos_library/LogosLibrary:extraDep",
       [["@logos_library:extraDep", "1723"]]],
      ["imports",
       [["Mathlib.Tactic transitive imports (legacy)", "15342355384038864083"],
        ["Mathlib.Tactic:importAllArts", "12249218903789294660"],
        ["LogosLibrary.Superior.SpectralTriples.SpectralAction transitive imports (legacy)",
         "12235162313041332741"],
        ["LogosLibrary.Superior.SpectralTriples.SpectralAction:importAllArts",
         "11707858963517292598"]]]]],
    ["libs",
     [["import dynlibs", "1723"],
      ["package external libraries", "1723"],
      ["module dynlibs", "1723"],
      ["module plugins", "1723"]]]]],
  ["Lean 4.23.0, commit ad1a017949674a947f0d6794cbf7130d642c6530",
   "2372534101328293747"],
  ["/Users/augustusthwack/Desktop/Logos_Library/LogosLibrary/Superior/SpectralTriples/ProductGeometry.lean",
   "12474937606737373885"],
  ["options", "1723"],
  ["Module.leanArgs: #[]", "1723"]],
 "depHash": "12978746899195325443"}