{"synthetic": false,
 "outputs":
 {"o": ["4695517243391185513"],
  "i": "18047479275781293141",
  "c": "13117466478607494709"},
 "log":
 [{"message":
   ".> LEAN_PATH=/Users/augustusthwack/Desktop/Logos_Library/.lake/packages/Cli/.lake/build/lib/lean:/Users/augustusthwack/Desktop/Logos_Library/.lake/packages/batteries/.lake/build/lib/lean:/Users/augustusthwack/Desktop/Logos_Library/.lake/packages/Qq/.lake/build/lib/lean:/Users/augustusthwack/Desktop/Logos_Library/.lake/packages/aesop/.lake/build/lib/lean:/Users/augustusthwack/Desktop/Logos_Library/.lake/packages/proofwidgets/.lake/build/lib/lean:/Users/augustusthwack/Desktop/Logos_Library/.lake/packages/importGraph/.lake/build/lib/lean:/Users/augustusthwack/Desktop/Logos_Library/.lake/packages/LeanSearchClient/.lake/build/lib/lean:/Users/augustusthwack/Desktop/Logos_Library/.lake/packages/plausible/.lake/build/lib/lean:/Users/augustusthwack/Desktop/Logos_Library/.lake/packages/mathlib/.lake/build/lib/lean:/Users/augustusthwack/Desktop/Logos_Library/.lake/build/lib/lean /Users/augustusthwack/.elan/toolchains/leanprover--lean4---v4.23.0-rc2/bin/lean /Users/augustusthwack/Desktop/Logos_Library/LogosLibrary/Superior/SpectralTriples/SpectralAction.lean -o /Users/augustusthwack/Desktop/Logos_Library/.lake/build/lib/lean/LogosLibrary/Superior/SpectralTriples/SpectralAction.olean -i /Users/augustusthwack/Desktop/Logos_Library/.lake/build/lib/lean/LogosLibrary/Superior/SpectralTriples/SpectralAction.ilean -c /Users/augustusthwack/Desktop/Logos_Library/.lake/build/ir/LogosLibrary/Superior/SpectralTriples/SpectralAction.c --setup /Users/augustusthwack/Desktop/Logos_Library/.lake/build/ir/LogosLibrary/Superior/SpectralTriples/SpectralAction.setup.json --json",
   "level": "trace"}],
 "inputs":
 [["LogosLibrary.Superior.SpectralTriples.SpectralAction:deps",
   [["deps",
     [["logos_library/LogosLibrary:extraDep",
       [["@logos_library:extraDep", "1723"]]],
      ["imports",
       [["Mathlib.Tactic transitive imports (legacy)", "15342355384038864083"],
        ["Mathlib.Tactic:importAllArts", "12249218903789294660"],
        ["Mathlib.Analysis.SpecialFunctions.Pow.Real transitive imports (legacy)",
         "14654769234711299725"],
        ["Mathlib.Analysis.SpecialFunctions.Pow.Real:importAllArts",
         "2919516147463387357"],
        ["LogosLibrary.Superior.SpectralTriples.SpectralDefs transitive imports (legacy)",
         "9178621368509886732"],
        ["LogosLibrary.Superior.SpectralTriples.SpectralDefs:importAllArts",
         "11071006069398219661"]]]]],
    ["libs",
     [["import dynlibs", "1723"],
      ["package external libraries", "1723"],
      ["module dynlibs", "1723"],
      ["module plugins", "1723"]]]]],
  ["Lean 4.23.0, commit ad1a017949674a947f0d6794cbf7130d642c6530",
   "2372534101328293747"],
  ["/Users/augustusthwack/Desktop/Logos_Library/LogosLibrary/Superior/SpectralTriples/SpectralAction.lean",
   "4143987633807516681"],
  ["options", "1723"],
  ["Module.leanArgs: #[]", "1723"]],
 "depHash": "10290255234562695407"}