{"synthetic": false,
 "outputs":
 {"o": ["10123384664420794472"],
  "i": "7444068954396063141",
  "c": "1747088773920882356"},
 "log":
 [{"message":
   ".> LEAN_PATH=/Users/augustusthwack/Desktop/Logos_Library/.lake/packages/Cli/.lake/build/lib/lean:/Users/augustusthwack/Desktop/Logos_Library/.lake/packages/batteries/.lake/build/lib/lean:/Users/augustusthwack/Desktop/Logos_Library/.lake/packages/Qq/.lake/build/lib/lean:/Users/augustusthwack/Desktop/Logos_Library/.lake/packages/aesop/.lake/build/lib/lean:/Users/augustusthwack/Desktop/Logos_Library/.lake/packages/proofwidgets/.lake/build/lib/lean:/Users/augustusthwack/Desktop/Logos_Library/.lake/packages/importGraph/.lake/build/lib/lean:/Users/augustusthwack/Desktop/Logos_Library/.lake/packages/LeanSearchClient/.lake/build/lib/lean:/Users/augustusthwack/Desktop/Logos_Library/.lake/packages/plausible/.lake/build/lib/lean:/Users/augustusthwack/Desktop/Logos_Library/.lake/packages/mathlib/.lake/build/lib/lean:/Users/augustusthwack/Desktop/Logos_Library/.lake/build/lib/lean /Users/augustusthwack/.elan/toolchains/leanprover--lean4---v4.23.0-rc2/bin/lean /Users/augustusthwack/Desktop/Logos_Library/LogosLibrary/Superior/Bridges/Knots/MinimumKnot.lean -o /Users/augustusthwack/Desktop/Logos_Library/.lake/build/lib/lean/LogosLibrary/Superior/Bridges/Knots/MinimumKnot.olean -i /Users/augustusthwack/Desktop/Logos_Library/.lake/build/lib/lean/LogosLibrary/Superior/Bridges/Knots/MinimumKnot.ilean -c /Users/augustusthwack/Desktop/Logos_Library/.lake/build/ir/LogosLibrary/Superior/Bridges/Knots/MinimumKnot.c --setup /Users/augustusthwack/Desktop/Logos_Library/.lake/build/ir/LogosLibrary/Superior/Bridges/Knots/MinimumKnot.setup.json --json",
   "level": "trace"}],
 "inputs":
 [["LogosLibrary.Superior.Bridges.Knots.MinimumKnot:deps",
   [["deps",
     [["logos_library/LogosLibrary:extraDep",
       [["@logos_library:extraDep", "1723"]]],
      ["imports",
       [["LogosLibrary.Superior.Strings.Topology transitive imports (legacy)",
         "11077615293359131511"],
        ["LogosLibrary.Superior.Strings.Topology:importAllArts",
         "17514049169531513747"],
        ["LogosLibrary.Superior.Strings.Quaternion transitive imports (legacy)",
         "8016703623776313095"],
        ["LogosLibrary.Superior.Strings.Quaternion:importAllArts",
         "5893082165956698346"],
        ["LogosLibrary.Superior.Strings.Basic transitive imports (legacy)",
         "16403080239662103363"],
        ["LogosLibrary.Superior.Strings.Basic:importAllArts",
         "8469384145194761588"],
        ["LogosLibrary.Superior.YangMills.HopfFibration transitive imports (legacy)",
         "5968235940486596459"],
        ["LogosLibrary.Superior.YangMills.HopfFibration:importAllArts",
         "17432740934070520607"],
        ["Mathlib.Algebra.Quaternion transitive imports (legacy)",
         "677534004515467262"],
        ["Mathlib.Algebra.Quaternion:importAllArts", "12054416052297323684"],
        ["Mathlib.Analysis.SpecialFunctions.Trigonometric.Basic transitive imports (legacy)",
         "12370059941757383938"],
        ["Mathlib.Analysis.SpecialFunctions.Trigonometric.Basic:importAllArts",
         "10240573478734384225"],
        ["Mathlib.Analysis.SpecialFunctions.Pow.Real transitive imports (legacy)",
         "14654769234711299725"],
        ["Mathlib.Analysis.SpecialFunctions.Pow.Real:importAllArts",
         "2919516147463387357"],
        ["Mathlib.Analysis.SpecialFunctions.Sqrt transitive imports (legacy)",
         "9269756688916543690"],
        ["Mathlib.Analysis.SpecialFunctions.Sqrt:importAllArts",
         "13332402593265495687"],
        ["Mathlib.Tactic transitive imports (legacy)", "15342355384038864083"],
        ["Mathlib.Tactic:importAllArts", "12249218903789294660"]]]]],
    ["libs",
     [["import dynlibs", "1723"],
      ["package external libraries", "1723"],
      ["module dynlibs", "1723"],
      ["module plugins", "1723"]]]]],
  ["Lean 4.23.0, commit ad1a017949674a947f0d6794cbf7130d642c6530",
   "2372534101328293747"],
  ["/Users/augustusthwack/Desktop/Logos_Library/LogosLibrary/Superior/Bridges/Knots/MinimumKnot.lean",
   "9610466713058628828"],
  ["options", "1723"],
  ["Module.leanArgs: #[]", "1723"]],
 "depHash": "5988383394987981580"}