{"synthetic": false,
 "outputs":
 {"o": ["17115193829773437579"],
  "i": "6671212787724414641",
  "c": "15763235301966780554"},
 "log":
 [{"message":
   ".> LEAN_PATH=/Users/augustusthwack/Desktop/Logos_Library/.lake/packages/Cli/.lake/build/lib/lean:/Users/augustusthwack/Desktop/Logos_Library/.lake/packages/batteries/.lake/build/lib/lean:/Users/augustusthwack/Desktop/Logos_Library/.lake/packages/Qq/.lake/build/lib/lean:/Users/augustusthwack/Desktop/Logos_Library/.lake/packages/aesop/.lake/build/lib/lean:/Users/augustusthwack/Desktop/Logos_Library/.lake/packages/proofwidgets/.lake/build/lib/lean:/Users/augustusthwack/Desktop/Logos_Library/.lake/packages/importGraph/.lake/build/lib/lean:/Users/augustusthwack/Desktop/Logos_Library/.lake/packages/LeanSearchClient/.lake/build/lib/lean:/Users/augustusthwack/Desktop/Logos_Library/.lake/packages/plausible/.lake/build/lib/lean:/Users/augustusthwack/Desktop/Logos_Library/.lake/packages/mathlib/.lake/build/lib/lean:/Users/augustusthwack/Desktop/Logos_Library/.lake/build/lib/lean /Users/augustusthwack/.elan/toolchains/leanprover--lean4---v4.23.0-rc2/bin/lean /Users/augustusthwack/Desktop/Logos_Library/LogosLibrary/QuantumMechanics/BellsTheorem/QuantumCHSH/Q_CHSH_Basic.lean -o /Users/augustusthwack/Desktop/Logos_Library/.lake/build/lib/lean/LogosLibrary/QuantumMechanics/BellsTheorem/QuantumCHSH/Q_CHSH_Basic.olean -i /Users/augustusthwack/Desktop/Logos_Library/.lake/build/lib/lean/LogosLibrary/QuantumMechanics/BellsTheorem/QuantumCHSH/Q_CHSH_Basic.ilean -c /Users/augustusthwack/Desktop/Logos_Library/.lake/build/ir/LogosLibrary/QuantumMechanics/BellsTheorem/QuantumCHSH/Q_CHSH_Basic.c --setup /Users/augustusthwack/Desktop/Logos_Library/.lake/build/ir/LogosLibrary/QuantumMechanics/BellsTheorem/QuantumCHSH/Q_CHSH_Basic.setup.json --json",
   "level": "trace"}],
 "inputs":
 [["LogosLibrary.QuantumMechanics.BellsTheorem.QuantumCHSH.Q_CHSH_Basic:deps",
   [["deps",
     [["logos_library/LogosLibrary:extraDep",
       [["@logos_library:extraDep", "1723"]]],
      ["imports",
       [["Mathlib.LinearAlgebra.Matrix.Hermitian transitive imports (legacy)",
         "12798017985122104460"],
        ["Mathlib.LinearAlgebra.Matrix.Hermitian:importAllArts",
         "8822372718546426598"],
        ["Mathlib.LinearAlgebra.Matrix.Trace transitive imports (legacy)",
         "3611300755674729452"],
        ["Mathlib.LinearAlgebra.Matrix.Trace:importAllArts",
         "4122800047722161876"],
        ["Mathlib.LinearAlgebra.Matrix.Kronecker transitive imports (legacy)",
         "12267429648441918281"],
        ["Mathlib.LinearAlgebra.Matrix.Kronecker:importAllArts",
         "14789433506054547489"],
        ["Mathlib.Analysis.Complex.Exponential transitive imports (legacy)",
         "3912094763353822814"],
        ["Mathlib.Analysis.Complex.Exponential:importAllArts",
         "1379024383881217688"],
        ["Mathlib.Analysis.SpecialFunctions.Trigonometric.Basic transitive imports (legacy)",
         "12370059941757383938"],
        ["Mathlib.Analysis.SpecialFunctions.Trigonometric.Basic:importAllArts",
         "10240573478734384225"],
        ["Mathlib.Analysis.Matrix transitive imports (legacy)",
         "14634440592565669170"],
        ["Mathlib.Analysis.Matrix:importAllArts", "5996481298418504826"],
        ["LogosLibrary.QuantumMechanics.BellsTheorem.Basic transitive imports (legacy)",
         "2524833854479707626"],
        ["LogosLibrary.QuantumMechanics.BellsTheorem.Basic:importAllArts",
         "9688761796033684809"]]]]],
    ["libs",
     [["import dynlibs", "1723"],
      ["package external libraries", "1723"],
      ["module dynlibs", "1723"],
      ["module plugins", "1723"]]]]],
  ["Lean 4.23.0, commit ad1a017949674a947f0d6794cbf7130d642c6530",
   "2372534101328293747"],
  ["/Users/augustusthwack/Desktop/Logos_Library/LogosLibrary/QuantumMechanics/BellsTheorem/QuantumCHSH/Q_CHSH_Basic.lean",
   "4075402131268514642"],
  ["options", "1723"],
  ["Module.leanArgs: #[]", "1723"]],
 "depHash": "2181821310797501215"}