{"synthetic": false,
 "outputs":
 {"o": ["4659194376536217028"],
  "i": "14462889447567238951",
  "c": "12935898283098634787"},
 "log":
 [{"message":
   ".> LEAN_PATH=/Users/augustusthwack/Desktop/Logos_Library/.lake/packages/Cli/.lake/build/lib/lean:/Users/augustusthwack/Desktop/Logos_Library/.lake/packages/batteries/.lake/build/lib/lean:/Users/augustusthwack/Desktop/Logos_Library/.lake/packages/Qq/.lake/build/lib/lean:/Users/augustusthwack/Desktop/Logos_Library/.lake/packages/aesop/.lake/build/lib/lean:/Users/augustusthwack/Desktop/Logos_Library/.lake/packages/proofwidgets/.lake/build/lib/lean:/Users/augustusthwack/Desktop/Logos_Library/.lake/packages/importGraph/.lake/build/lib/lean:/Users/augustusthwack/Desktop/Logos_Library/.lake/packages/LeanSearchClient/.lake/build/lib/lean:/Users/augustusthwack/Desktop/Logos_Library/.lake/packages/plausible/.lake/build/lib/lean:/Users/augustusthwack/Desktop/Logos_Library/.lake/packages/mathlib/.lake/build/lib/lean:/Users/augustusthwack/Desktop/Logos_Library/.lake/build/lib/lean /Users/augustusthwack/.elan/toolchains/leanprover--lean4---v4.23.0-rc2/bin/lean /Users/augustusthwack/Desktop/Logos_Library/LogosLibrary/Superior/SplitMechanics/BellsTheorem/TLHV/CriticalQuestions.lean -o /Users/augustusthwack/Desktop/Logos_Library/.lake/build/lib/lean/LogosLibrary/Superior/SplitMechanics/BellsTheorem/TLHV/CriticalQuestions.olean -i /Users/augustusthwack/Desktop/Logos_Library/.lake/build/lib/lean/LogosLibrary/Superior/SplitMechanics/BellsTheorem/TLHV/CriticalQuestions.ilean -c /Users/augustusthwack/Desktop/Logos_Library/.lake/build/ir/LogosLibrary/Superior/SplitMechanics/BellsTheorem/TLHV/CriticalQuestions.c --setup /Users/augustusthwack/Desktop/Logos_Library/.lake/build/ir/LogosLibrary/Superior/SplitMechanics/BellsTheorem/TLHV/CriticalQuestions.setup.json --json",
   "level": "trace"}],
 "inputs":
 [["LogosLibrary.Superior.SplitMechanics.BellsTheorem.TLHV.CriticalQuestions:deps",
   [["deps",
     [["logos_library/LogosLibrary:extraDep",
       [["@logos_library:extraDep", "1723"]]],
      ["imports",
       [["LogosLibrary.Superior.SplitMechanics.BellsTheorem.TLHV.Decomp transitive imports (legacy)",
         "13192168367140847838"],
        ["LogosLibrary.Superior.SplitMechanics.BellsTheorem.TLHV.Decomp:importAllArts",
         "9673809145210668920"]]]]],
    ["libs",
     [["import dynlibs", "1723"],
      ["package external libraries", "1723"],
      ["module dynlibs", "1723"],
      ["module plugins", "1723"]]]]],
  ["Lean 4.23.0, commit ad1a017949674a947f0d6794cbf7130d642c6530",
   "2372534101328293747"],
  ["/Users/augustusthwack/Desktop/Logos_Library/LogosLibrary/Superior/SplitMechanics/BellsTheorem/TLHV/CriticalQuestions.lean",
   "8359096773532618308"],
  ["options", "1723"],
  ["Module.leanArgs: #[]", "1723"]],
 "depHash": "1494215655802939593"}