{"synthetic": false,
 "outputs":
 {"o": ["11704142155813916275"],
  "i": "4424473743358656444",
  "c": "6332813066714925022"},
 "log":
 [{"message":
   ".> LEAN_PATH=/Users/augustusthwack/Desktop/Logos_Library/.lake/packages/Cli/.lake/build/lib/lean:/Users/augustusthwack/Desktop/Logos_Library/.lake/packages/batteries/.lake/build/lib/lean:/Users/augustusthwack/Desktop/Logos_Library/.lake/packages/Qq/.lake/build/lib/lean:/Users/augustusthwack/Desktop/Logos_Library/.lake/packages/aesop/.lake/build/lib/lean:/Users/augustusthwack/Desktop/Logos_Library/.lake/packages/proofwidgets/.lake/build/lib/lean:/Users/augustusthwack/Desktop/Logos_Library/.lake/packages/importGraph/.lake/build/lib/lean:/Users/augustusthwack/Desktop/Logos_Library/.lake/packages/LeanSearchClient/.lake/build/lib/lean:/Users/augustusthwack/Desktop/Logos_Library/.lake/packages/plausible/.lake/build/lib/lean:/Users/augustusthwack/Desktop/Logos_Library/.lake/packages/mathlib/.lake/build/lib/lean:/Users/augustusthwack/Desktop/Logos_Library/.lake/build/lib/lean /Users/augustusthwack/.elan/toolchains/leanprover--lean4---v4.23.0-rc2/bin/lean /Users/augustusthwack/Desktop/Logos_Library/LogosLibrary/Superior/SplitMechanics/BellsTheorem/TLHV/SettingDependent.lean -o /Users/augustusthwack/Desktop/Logos_Library/.lake/build/lib/lean/LogosLibrary/Superior/SplitMechanics/BellsTheorem/TLHV/SettingDependent.olean -i /Users/augustusthwack/Desktop/Logos_Library/.lake/build/lib/lean/LogosLibrary/Superior/SplitMechanics/BellsTheorem/TLHV/SettingDependent.ilean -c /Users/augustusthwack/Desktop/Logos_Library/.lake/build/ir/LogosLibrary/Superior/SplitMechanics/BellsTheorem/TLHV/SettingDependent.c --setup /Users/augustusthwack/Desktop/Logos_Library/.lake/build/ir/LogosLibrary/Superior/SplitMechanics/BellsTheorem/TLHV/SettingDependent.setup.json --json",
   "level": "trace"}],
 "inputs":
 [["LogosLibrary.Superior.SplitMechanics.BellsTheorem.TLHV.SettingDependent:deps",
   [["deps",
     [["logos_library/LogosLibrary:extraDep",
       [["@logos_library:extraDep", "1723"]]],
      ["imports",
       [["Mathlib.MeasureTheory.Integral.Bochner.Basic transitive imports (legacy)",
         "980628005755866268"],
        ["Mathlib.MeasureTheory.Integral.Bochner.Basic:importAllArts",
         "10337438034075149388"],
        ["Mathlib.MeasureTheory.Measure.ProbabilityMeasure transitive imports (legacy)",
         "8715264833576487221"],
        ["Mathlib.MeasureTheory.Measure.ProbabilityMeasure:importAllArts",
         "16682322073394254637"],
        ["Mathlib.Probability.Independence.Basic transitive imports (legacy)",
         "11372327109086277589"],
        ["Mathlib.Probability.Independence.Basic:importAllArts",
         "8631737213103697179"],
        ["Mathlib.Analysis.SpecialFunctions.Pow.Real transitive imports (legacy)",
         "14654769234711299725"],
        ["Mathlib.Analysis.SpecialFunctions.Pow.Real:importAllArts",
         "2919516147463387357"],
        ["Mathlib.Analysis.SpecialFunctions.ExpDeriv transitive imports (legacy)",
         "13921210785459113710"],
        ["Mathlib.Analysis.SpecialFunctions.ExpDeriv:importAllArts",
         "12404210672309266437"],
        ["LogosLibrary.QuantumMechanics.BellsTheorem.LHV transitive imports (legacy)",
         "11252459307214068173"],
        ["LogosLibrary.QuantumMechanics.BellsTheorem.LHV:importAllArts",
         "15885668175626954725"],
        ["LogosLibrary.Relativity.Thermodynamics.Ott transitive imports (legacy)",
         "4286586866383477876"],
        ["LogosLibrary.Relativity.Thermodynamics.Ott:importAllArts",
         "6947080763949048880"]]]]],
    ["libs",
     [["import dynlibs", "1723"],
      ["package external libraries", "1723"],
      ["module dynlibs", "1723"],
      ["module plugins", "1723"]]]]],
  ["Lean 4.23.0, commit ad1a017949674a947f0d6794cbf7130d642c6530",
   "2372534101328293747"],
  ["/Users/augustusthwack/Desktop/Logos_Library/LogosLibrary/Superior/SplitMechanics/BellsTheorem/TLHV/SettingDependent.lean",
   "12098958903355109025"],
  ["options", "1723"],
  ["Module.leanArgs: #[]", "1723"]],
 "depHash": "4931582798181112625"}