{"synthetic": false,
 "outputs":
 {"o": ["6875737045637167951"],
  "i": "12484160226100585342",
  "c": "6793877898708324130"},
 "log":
 [{"message":
   ".> LEAN_PATH=/Users/augustusthwack/Desktop/Logos_Library/.lake/packages/Cli/.lake/build/lib/lean:/Users/augustusthwack/Desktop/Logos_Library/.lake/packages/batteries/.lake/build/lib/lean:/Users/augustusthwack/Desktop/Logos_Library/.lake/packages/Qq/.lake/build/lib/lean:/Users/augustusthwack/Desktop/Logos_Library/.lake/packages/aesop/.lake/build/lib/lean:/Users/augustusthwack/Desktop/Logos_Library/.lake/packages/proofwidgets/.lake/build/lib/lean:/Users/augustusthwack/Desktop/Logos_Library/.lake/packages/importGraph/.lake/build/lib/lean:/Users/augustusthwack/Desktop/Logos_Library/.lake/packages/LeanSearchClient/.lake/build/lib/lean:/Users/augustusthwack/Desktop/Logos_Library/.lake/packages/plausible/.lake/build/lib/lean:/Users/augustusthwack/Desktop/Logos_Library/.lake/packages/mathlib/.lake/build/lib/lean:/Users/augustusthwack/Desktop/Logos_Library/.lake/build/lib/lean /Users/augustusthwack/.elan/toolchains/leanprover--lean4---v4.23.0-rc2/bin/lean /Users/augustusthwack/Desktop/Logos_Library/LogosLibrary/Superior/SplitMechanics/BellsTheorem/TLHV/ThermalDictionary.lean -o /Users/augustusthwack/Desktop/Logos_Library/.lake/build/lib/lean/LogosLibrary/Superior/SplitMechanics/BellsTheorem/TLHV/ThermalDictionary.olean -i /Users/augustusthwack/Desktop/Logos_Library/.lake/build/lib/lean/LogosLibrary/Superior/SplitMechanics/BellsTheorem/TLHV/ThermalDictionary.ilean -c /Users/augustusthwack/Desktop/Logos_Library/.lake/build/ir/LogosLibrary/Superior/SplitMechanics/BellsTheorem/TLHV/ThermalDictionary.c --setup /Users/augustusthwack/Desktop/Logos_Library/.lake/build/ir/LogosLibrary/Superior/SplitMechanics/BellsTheorem/TLHV/ThermalDictionary.setup.json --json",
   "level": "trace"}],
 "inputs":
 [["LogosLibrary.Superior.SplitMechanics.BellsTheorem.TLHV.ThermalDictionary:deps",
   [["deps",
     [["logos_library/LogosLibrary:extraDep",
       [["@logos_library:extraDep", "1723"]]],
      ["imports",
       [["LogosLibrary.Superior.SplitMechanics.BellsTheorem.TLHV.Measurement transitive imports (legacy)",
         "4394016879565608896"],
        ["LogosLibrary.Superior.SplitMechanics.BellsTheorem.TLHV.Measurement:importAllArts",
         "6920891641315442507"]]]]],
    ["libs",
     [["import dynlibs", "1723"],
      ["package external libraries", "1723"],
      ["module dynlibs", "1723"],
      ["module plugins", "1723"]]]]],
  ["Lean 4.23.0, commit ad1a017949674a947f0d6794cbf7130d642c6530",
   "2372534101328293747"],
  ["/Users/augustusthwack/Desktop/Logos_Library/LogosLibrary/Superior/SplitMechanics/BellsTheorem/TLHV/ThermalDictionary.lean",
   "10783890672888961894"],
  ["options", "1723"],
  ["Module.leanArgs: #[]", "1723"]],
 "depHash": "1255917994396891042"}