{"synthetic": false,
 "outputs":
 {"o": ["6571399886189335939"],
  "i": "7589259219436207916",
  "c": "7128058609731928856"},
 "log":
 [{"message":
   ".> LEAN_PATH=/Users/augustusthwack/Desktop/Logos_Library/.lake/packages/Cli/.lake/build/lib/lean:/Users/augustusthwack/Desktop/Logos_Library/.lake/packages/batteries/.lake/build/lib/lean:/Users/augustusthwack/Desktop/Logos_Library/.lake/packages/Qq/.lake/build/lib/lean:/Users/augustusthwack/Desktop/Logos_Library/.lake/packages/aesop/.lake/build/lib/lean:/Users/augustusthwack/Desktop/Logos_Library/.lake/packages/proofwidgets/.lake/build/lib/lean:/Users/augustusthwack/Desktop/Logos_Library/.lake/packages/importGraph/.lake/build/lib/lean:/Users/augustusthwack/Desktop/Logos_Library/.lake/packages/LeanSearchClient/.lake/build/lib/lean:/Users/augustusthwack/Desktop/Logos_Library/.lake/packages/plausible/.lake/build/lib/lean:/Users/augustusthwack/Desktop/Logos_Library/.lake/packages/mathlib/.lake/build/lib/lean:/Users/augustusthwack/Desktop/Logos_Library/.lake/build/lib/lean /Users/augustusthwack/.elan/toolchains/leanprover--lean4---v4.23.0-rc2/bin/lean /Users/augustusthwack/Desktop/Logos_Library/LogosLibrary/Superior/SplitMechanics/BellsTheorem/ThermalBell.lean -o /Users/augustusthwack/Desktop/Logos_Library/.lake/build/lib/lean/LogosLibrary/Superior/SplitMechanics/BellsTheorem/ThermalBell.olean -i /Users/augustusthwack/Desktop/Logos_Library/.lake/build/lib/lean/LogosLibrary/Superior/SplitMechanics/BellsTheorem/ThermalBell.ilean -c /Users/augustusthwack/Desktop/Logos_Library/.lake/build/ir/LogosLibrary/Superior/SplitMechanics/BellsTheorem/ThermalBell.c --setup /Users/augustusthwack/Desktop/Logos_Library/.lake/build/ir/LogosLibrary/Superior/SplitMechanics/BellsTheorem/ThermalBell.setup.json --json",
   "level": "trace"}],
 "inputs":
 [["LogosLibrary.Superior.SplitMechanics.BellsTheorem.ThermalBell:deps",
   [["deps",
     [["logos_library/LogosLibrary:extraDep",
       [["@logos_library:extraDep", "1723"]]],
      ["imports",
       [["LogosLibrary.Superior.SplitMechanics.BellsTheorem.ThermalBell.AsymmetricTemp transitive imports (legacy)",
         "7287069961833106998"],
        ["LogosLibrary.Superior.SplitMechanics.BellsTheorem.ThermalBell.AsymmetricTemp:importAllArts",
         "13694205228535400953"],
        ["LogosLibrary.Superior.SplitMechanics.BellsTheorem.ThermalBell.QuantumCompatible transitive imports (legacy)",
         "7287069961833106998"],
        ["LogosLibrary.Superior.SplitMechanics.BellsTheorem.ThermalBell.QuantumCompatible:importAllArts",
         "16602588377551845116"],
        ["LogosLibrary.Superior.SplitMechanics.BellsTheorem.ThermalBell.SequentialMeasurements transitive imports (legacy)",
         "7287069961833106998"],
        ["LogosLibrary.Superior.SplitMechanics.BellsTheorem.ThermalBell.SequentialMeasurements:importAllArts",
         "15633885030980560773"],
        ["LogosLibrary.Superior.SplitMechanics.BellsTheorem.ThermalBell.PRBox transitive imports (legacy)",
         "7287069961833106998"],
        ["LogosLibrary.Superior.SplitMechanics.BellsTheorem.ThermalBell.PRBox:importAllArts",
         "8839174963319998018"],
        ["LogosLibrary.Superior.SplitMechanics.BellsTheorem.ThermalBell.HiddenStructure transitive imports (legacy)",
         "4463987971439861098"],
        ["LogosLibrary.Superior.SplitMechanics.BellsTheorem.ThermalBell.HiddenStructure:importAllArts",
         "14724879502360238600"],
        ["LogosLibrary.Superior.SplitMechanics.BellsTheorem.ThermalBell.OriginOfEight transitive imports (legacy)",
         "7287069961833106998"],
        ["LogosLibrary.Superior.SplitMechanics.BellsTheorem.ThermalBell.OriginOfEight:importAllArts",
         "11362704143723919833"],
        ["LogosLibrary.Superior.SplitMechanics.BellsTheorem.ThermalBell.SharedEnBudget transitive imports (legacy)",
         "7287069961833106998"],
        ["LogosLibrary.Superior.SplitMechanics.BellsTheorem.ThermalBell.SharedEnBudget:importAllArts",
         "16851531244398966649"]]]]],
    ["libs",
     [["import dynlibs", "1723"],
      ["package external libraries", "1723"],
      ["module dynlibs", "1723"],
      ["module plugins", "1723"]]]]],
  ["Lean 4.23.0, commit ad1a017949674a947f0d6794cbf7130d642c6530",
   "2372534101328293747"],
  ["/Users/augustusthwack/Desktop/Logos_Library/LogosLibrary/Superior/SplitMechanics/BellsTheorem/ThermalBell.lean",
   "5891081550431182375"],
  ["options", "1723"],
  ["Module.leanArgs: #[]", "1723"]],
 "depHash": "7886992248250566397"}