{"synthetic": false,
 "outputs":
 {"o": ["4053777586408669839"],
  "i": "9180852255073789440",
  "c": "9399796265541445600"},
 "log":
 [{"message":
   ".> LEAN_PATH=/Users/augustusthwack/Desktop/Logos_Library/.lake/packages/Cli/.lake/build/lib/lean:/Users/augustusthwack/Desktop/Logos_Library/.lake/packages/batteries/.lake/build/lib/lean:/Users/augustusthwack/Desktop/Logos_Library/.lake/packages/Qq/.lake/build/lib/lean:/Users/augustusthwack/Desktop/Logos_Library/.lake/packages/aesop/.lake/build/lib/lean:/Users/augustusthwack/Desktop/Logos_Library/.lake/packages/proofwidgets/.lake/build/lib/lean:/Users/augustusthwack/Desktop/Logos_Library/.lake/packages/importGraph/.lake/build/lib/lean:/Users/augustusthwack/Desktop/Logos_Library/.lake/packages/LeanSearchClient/.lake/build/lib/lean:/Users/augustusthwack/Desktop/Logos_Library/.lake/packages/plausible/.lake/build/lib/lean:/Users/augustusthwack/Desktop/Logos_Library/.lake/packages/mathlib/.lake/build/lib/lean:/Users/augustusthwack/Desktop/Logos_Library/.lake/build/lib/lean /Users/augustusthwack/.elan/toolchains/leanprover--lean4---v4.23.0-rc2/bin/lean /Users/augustusthwack/Desktop/Logos_Library/LogosLibrary/Superior/SplitMechanics/BellsTheorem/TLHV.lean -o /Users/augustusthwack/Desktop/Logos_Library/.lake/build/lib/lean/LogosLibrary/Superior/SplitMechanics/BellsTheorem/TLHV.olean -i /Users/augustusthwack/Desktop/Logos_Library/.lake/build/lib/lean/LogosLibrary/Superior/SplitMechanics/BellsTheorem/TLHV.ilean -c /Users/augustusthwack/Desktop/Logos_Library/.lake/build/ir/LogosLibrary/Superior/SplitMechanics/BellsTheorem/TLHV.c --setup /Users/augustusthwack/Desktop/Logos_Library/.lake/build/ir/LogosLibrary/Superior/SplitMechanics/BellsTheorem/TLHV.setup.json --json",
   "level": "trace"}],
 "inputs":
 [["LogosLibrary.Superior.SplitMechanics.BellsTheorem.TLHV:deps",
   [["deps",
     [["logos_library/LogosLibrary:extraDep",
       [["@logos_library:extraDep", "1723"]]],
      ["imports",
       [["LogosLibrary.Superior.SplitMechanics.BellsTheorem.TLHV.SettingDependent transitive imports (legacy)",
         "6601323914885665098"],
        ["LogosLibrary.Superior.SplitMechanics.BellsTheorem.TLHV.SettingDependent:importAllArts",
         "2673641104034797192"],
        ["LogosLibrary.Superior.SplitMechanics.BellsTheorem.TLHV.Decomp transitive imports (legacy)",
         "13192168367140847838"],
        ["LogosLibrary.Superior.SplitMechanics.BellsTheorem.TLHV.Decomp:importAllArts",
         "9673809145210668920"],
        ["LogosLibrary.Superior.SplitMechanics.BellsTheorem.TLHV.CriticalQuestions transitive imports (legacy)",
         "939792229185368400"],
        ["LogosLibrary.Superior.SplitMechanics.BellsTheorem.TLHV.CriticalQuestions:importAllArts",
         "1078737503674779449"],
        ["LogosLibrary.Superior.SplitMechanics.BellsTheorem.TLHV.Measurement transitive imports (legacy)",
         "4394016879565608896"],
        ["LogosLibrary.Superior.SplitMechanics.BellsTheorem.TLHV.Measurement:importAllArts",
         "6920891641315442507"],
        ["LogosLibrary.Superior.SplitMechanics.BellsTheorem.TLHV.ThermalDictionary transitive imports (legacy)",
         "15922770555905065725"],
        ["LogosLibrary.Superior.SplitMechanics.BellsTheorem.TLHV.ThermalDictionary:importAllArts",
         "13840273084250516721"],
        ["LogosLibrary.Superior.SplitMechanics.BellsTheorem.TLHV.Reduction transitive imports (legacy)",
         "10069579954382886782"],
        ["LogosLibrary.Superior.SplitMechanics.BellsTheorem.TLHV.Reduction:importAllArts",
         "15791338485987817005"],
        ["LogosLibrary.Superior.SplitMechanics.BellsTheorem.TLHV.Summary transitive imports (legacy)",
         "13612478500434796617"],
        ["LogosLibrary.Superior.SplitMechanics.BellsTheorem.TLHV.Summary:importAllArts",
         "14192539506392342679"]]]]],
    ["libs",
     [["import dynlibs", "1723"],
      ["package external libraries", "1723"],
      ["module dynlibs", "1723"],
      ["module plugins", "1723"]]]]],
  ["Lean 4.23.0, commit ad1a017949674a947f0d6794cbf7130d642c6530",
   "2372534101328293747"],
  ["/Users/augustusthwack/Desktop/Logos_Library/LogosLibrary/Superior/SplitMechanics/BellsTheorem/TLHV.lean",
   "17929946452270959477"],
  ["options", "1723"],
  ["Module.leanArgs: #[]", "1723"]],
 "depHash": "1166540567947007771"}