{"synthetic": false,
 "outputs":
 {"o": ["15407853795765526020"],
  "i": "15621249602396526740",
  "c": "6628354847457040105"},
 "log":
 [{"message":
   ".> LEAN_PATH=/Users/augustusthwack/Desktop/Logos_Library/.lake/packages/Cli/.lake/build/lib/lean:/Users/augustusthwack/Desktop/Logos_Library/.lake/packages/batteries/.lake/build/lib/lean:/Users/augustusthwack/Desktop/Logos_Library/.lake/packages/Qq/.lake/build/lib/lean:/Users/augustusthwack/Desktop/Logos_Library/.lake/packages/aesop/.lake/build/lib/lean:/Users/augustusthwack/Desktop/Logos_Library/.lake/packages/proofwidgets/.lake/build/lib/lean:/Users/augustusthwack/Desktop/Logos_Library/.lake/packages/importGraph/.lake/build/lib/lean:/Users/augustusthwack/Desktop/Logos_Library/.lake/packages/LeanSearchClient/.lake/build/lib/lean:/Users/augustusthwack/Desktop/Logos_Library/.lake/packages/plausible/.lake/build/lib/lean:/Users/augustusthwack/Desktop/Logos_Library/.lake/packages/mathlib/.lake/build/lib/lean:/Users/augustusthwack/Desktop/Logos_Library/.lake/build/lib/lean /Users/augustusthwack/.elan/toolchains/leanprover--lean4---v4.23.0-rc2/bin/lean /Users/augustusthwack/Desktop/Logos_Library/LogosLibrary/QuantumMechanics/SpectralTheory/BochnerRoute.lean -o /Users/augustusthwack/Desktop/Logos_Library/.lake/build/lib/lean/LogosLibrary/QuantumMechanics/SpectralTheory/BochnerRoute.olean -i /Users/augustusthwack/Desktop/Logos_Library/.lake/build/lib/lean/LogosLibrary/QuantumMechanics/SpectralTheory/BochnerRoute.ilean -c /Users/augustusthwack/Desktop/Logos_Library/.lake/build/ir/LogosLibrary/QuantumMechanics/SpectralTheory/BochnerRoute.c --setup /Users/augustusthwack/Desktop/Logos_Library/.lake/build/ir/LogosLibrary/QuantumMechanics/SpectralTheory/BochnerRoute.setup.json --json",
   "level": "trace"}],
 "inputs":
 [["LogosLibrary.QuantumMechanics.SpectralTheory.BochnerRoute:deps",
   [["deps",
     [["logos_library/LogosLibrary:extraDep",
       [["@logos_library:extraDep", "1723"]]],
      ["imports",
       [["LogosLibrary.QuantumMechanics.SpectralTheory.BochnerRoute.PositiveDefinite transitive imports (legacy)",
         "1441514299875500308"],
        ["LogosLibrary.QuantumMechanics.SpectralTheory.BochnerRoute.PositiveDefinite:importAllArts",
         "9674355800555482893"],
        ["LogosLibrary.QuantumMechanics.SpectralTheory.BochnerRoute.SpectralMeasure transitive imports (legacy)",
         "16442548302400574659"],
        ["LogosLibrary.QuantumMechanics.SpectralTheory.BochnerRoute.SpectralMeasure:importAllArts",
         "10108927930176357021"],
        ["LogosLibrary.QuantumMechanics.SpectralTheory.BochnerRoute.UnitaryConnection transitive imports (legacy)",
         "3461773079275936706"],
        ["LogosLibrary.QuantumMechanics.SpectralTheory.BochnerRoute.UnitaryConnection:importAllArts",
         "7660604155270297805"]]]]],
    ["libs",
     [["import dynlibs", "1723"],
      ["package external libraries", "1723"],
      ["module dynlibs", "1723"],
      ["module plugins", "1723"]]]]],
  ["Lean 4.23.0, commit ad1a017949674a947f0d6794cbf7130d642c6530",
   "2372534101328293747"],
  ["/Users/augustusthwack/Desktop/Logos_Library/LogosLibrary/QuantumMechanics/SpectralTheory/BochnerRoute.lean",
   "10723812933910748810"],
  ["options", "1723"],
  ["Module.leanArgs: #[]", "1723"]],
 "depHash": "3663121526279709388"}