{"synthetic": false,
 "outputs":
 {"o": ["5467269492867860087"],
  "i": "4893163493760998868",
  "c": "4453426053512712507"},
 "log":
 [{"message":
   ".> LEAN_PATH=/Users/augustusthwack/Desktop/Logos_Library/.lake/packages/Cli/.lake/build/lib/lean:/Users/augustusthwack/Desktop/Logos_Library/.lake/packages/batteries/.lake/build/lib/lean:/Users/augustusthwack/Desktop/Logos_Library/.lake/packages/Qq/.lake/build/lib/lean:/Users/augustusthwack/Desktop/Logos_Library/.lake/packages/aesop/.lake/build/lib/lean:/Users/augustusthwack/Desktop/Logos_Library/.lake/packages/proofwidgets/.lake/build/lib/lean:/Users/augustusthwack/Desktop/Logos_Library/.lake/packages/importGraph/.lake/build/lib/lean:/Users/augustusthwack/Desktop/Logos_Library/.lake/packages/LeanSearchClient/.lake/build/lib/lean:/Users/augustusthwack/Desktop/Logos_Library/.lake/packages/plausible/.lake/build/lib/lean:/Users/augustusthwack/Desktop/Logos_Library/.lake/packages/mathlib/.lake/build/lib/lean:/Users/augustusthwack/Desktop/Logos_Library/.lake/build/lib/lean /Users/augustusthwack/.elan/toolchains/leanprover--lean4---v4.23.0-rc2/bin/lean /Users/augustusthwack/Desktop/Logos_Library/LogosLibrary/QuantumMechanics/SpectralTheory/CayleyTransform.lean -o /Users/augustusthwack/Desktop/Logos_Library/.lake/build/lib/lean/LogosLibrary/QuantumMechanics/SpectralTheory/CayleyTransform.olean -i /Users/augustusthwack/Desktop/Logos_Library/.lake/build/lib/lean/LogosLibrary/QuantumMechanics/SpectralTheory/CayleyTransform.ilean -c /Users/augustusthwack/Desktop/Logos_Library/.lake/build/ir/LogosLibrary/QuantumMechanics/SpectralTheory/CayleyTransform.c --setup /Users/augustusthwack/Desktop/Logos_Library/.lake/build/ir/LogosLibrary/QuantumMechanics/SpectralTheory/CayleyTransform.setup.json --json",
   "level": "trace"}],
 "inputs":
 [["LogosLibrary.QuantumMechanics.SpectralTheory.CayleyTransform:deps",
   [["deps",
     [["logos_library/LogosLibrary:extraDep",
       [["@logos_library:extraDep", "1723"]]],
      ["imports",
       [["LogosLibrary.QuantumMechanics.SpectralTheory.CayleyTransform.Unitary transitive imports (legacy)",
         "12917680675135204058"],
        ["LogosLibrary.QuantumMechanics.SpectralTheory.CayleyTransform.Unitary:importAllArts",
         "7664272678259847753"],
        ["LogosLibrary.QuantumMechanics.SpectralTheory.CayleyTransform.Mobius transitive imports (legacy)",
         "15568147487760978858"],
        ["LogosLibrary.QuantumMechanics.SpectralTheory.CayleyTransform.Mobius:importAllArts",
         "17188763617576478244"],
        ["LogosLibrary.QuantumMechanics.SpectralTheory.CayleyTransform.Transform transitive imports (legacy)",
         "5696251886536622419"],
        ["LogosLibrary.QuantumMechanics.SpectralTheory.CayleyTransform.Transform:importAllArts",
         "10036600653075087006"],
        ["LogosLibrary.QuantumMechanics.SpectralTheory.CayleyTransform.Inverse transitive imports (legacy)",
         "8137798989926269707"],
        ["LogosLibrary.QuantumMechanics.SpectralTheory.CayleyTransform.Inverse:importAllArts",
         "15266308342957564652"],
        ["LogosLibrary.QuantumMechanics.SpectralTheory.CayleyTransform.Eigenvalue transitive imports (legacy)",
         "16902208886734637947"],
        ["LogosLibrary.QuantumMechanics.SpectralTheory.CayleyTransform.Eigenvalue:importAllArts",
         "13434485505098127116"],
        ["LogosLibrary.QuantumMechanics.SpectralTheory.CayleyTransform.Spectrum transitive imports (legacy)",
         "10690276392610974997"],
        ["LogosLibrary.QuantumMechanics.SpectralTheory.CayleyTransform.Spectrum:importAllArts",
         "1492361085055204421"],
        ["LogosLibrary.QuantumMechanics.SpectralTheory.CayleyTransform.SpectralMeasure transitive imports (legacy)",
         "10147345786993881853"],
        ["LogosLibrary.QuantumMechanics.SpectralTheory.CayleyTransform.SpectralMeasure:importAllArts",
         "13897903470456165309"]]]]],
    ["libs",
     [["import dynlibs", "1723"],
      ["package external libraries", "1723"],
      ["module dynlibs", "1723"],
      ["module plugins", "1723"]]]]],
  ["Lean 4.23.0, commit ad1a017949674a947f0d6794cbf7130d642c6530",
   "2372534101328293747"],
  ["/Users/augustusthwack/Desktop/Logos_Library/LogosLibrary/QuantumMechanics/SpectralTheory/CayleyTransform.lean",
   "3365204042617055582"],
  ["options", "1723"],
  ["Module.leanArgs: #[]", "1723"]],
 "depHash": "2547797883405365913"}