{"synthetic": false,
 "outputs":
 {"o": ["4294746199405217227"],
  "i": "7859755141813612232",
  "c": "13407786237787056844"},
 "log":
 [{"message":
   ".> LEAN_PATH=/Users/augustusthwack/Desktop/Logos_Library/.lake/packages/Cli/.lake/build/lib/lean:/Users/augustusthwack/Desktop/Logos_Library/.lake/packages/batteries/.lake/build/lib/lean:/Users/augustusthwack/Desktop/Logos_Library/.lake/packages/Qq/.lake/build/lib/lean:/Users/augustusthwack/Desktop/Logos_Library/.lake/packages/aesop/.lake/build/lib/lean:/Users/augustusthwack/Desktop/Logos_Library/.lake/packages/proofwidgets/.lake/build/lib/lean:/Users/augustusthwack/Desktop/Logos_Library/.lake/packages/importGraph/.lake/build/lib/lean:/Users/augustusthwack/Desktop/Logos_Library/.lake/packages/LeanSearchClient/.lake/build/lib/lean:/Users/augustusthwack/Desktop/Logos_Library/.lake/packages/plausible/.lake/build/lib/lean:/Users/augustusthwack/Desktop/Logos_Library/.lake/packages/mathlib/.lake/build/lib/lean:/Users/augustusthwack/Desktop/Logos_Library/.lake/build/lib/lean /Users/augustusthwack/.elan/toolchains/leanprover--lean4---v4.23.0-rc2/bin/lean /Users/augustusthwack/Desktop/Logos_Library/LogosLibrary/QuantumMechanics/SpectralTheory/DiracEquation.lean -o /Users/augustusthwack/Desktop/Logos_Library/.lake/build/lib/lean/LogosLibrary/QuantumMechanics/SpectralTheory/DiracEquation.olean -i /Users/augustusthwack/Desktop/Logos_Library/.lake/build/lib/lean/LogosLibrary/QuantumMechanics/SpectralTheory/DiracEquation.ilean -c /Users/augustusthwack/Desktop/Logos_Library/.lake/build/ir/LogosLibrary/QuantumMechanics/SpectralTheory/DiracEquation.c --setup /Users/augustusthwack/Desktop/Logos_Library/.lake/build/ir/LogosLibrary/QuantumMechanics/SpectralTheory/DiracEquation.setup.json --json",
   "level": "trace"}],
 "inputs":
 [["LogosLibrary.QuantumMechanics.SpectralTheory.DiracEquation:deps",
   [["deps",
     [["logos_library/LogosLibrary:extraDep",
       [["@logos_library:extraDep", "1723"]]],
      ["imports",
       [["LogosLibrary.QuantumMechanics.SpectralTheory.DiracEquation.CliffordAlgebra transitive imports (legacy)",
         "7776437906683861532"],
        ["LogosLibrary.QuantumMechanics.SpectralTheory.DiracEquation.CliffordAlgebra:importAllArts",
         "2142008177780373666"],
        ["LogosLibrary.QuantumMechanics.SpectralTheory.DiracEquation.GammaTraces transitive imports (legacy)",
         "15983882619551806208"],
        ["LogosLibrary.QuantumMechanics.SpectralTheory.DiracEquation.GammaTraces:importAllArts",
         "2237110952193253873"],
        ["LogosLibrary.QuantumMechanics.SpectralTheory.DiracEquation.PauliMatrices transitive imports (legacy)",
         "15657737227208699850"],
        ["LogosLibrary.QuantumMechanics.SpectralTheory.DiracEquation.PauliMatrices:importAllArts",
         "15663439467251749386"],
        ["LogosLibrary.QuantumMechanics.SpectralTheory.DiracEquation.Operators transitive imports (legacy)",
         "7743778302290912923"],
        ["LogosLibrary.QuantumMechanics.SpectralTheory.DiracEquation.Operators:importAllArts",
         "10215027798307720700"],
        ["LogosLibrary.QuantumMechanics.SpectralTheory.DiracEquation.SpectralTheory transitive imports (legacy)",
         "8606757918761157612"],
        ["LogosLibrary.QuantumMechanics.SpectralTheory.DiracEquation.SpectralTheory:importAllArts",
         "1806941992483372624"],
        ["LogosLibrary.QuantumMechanics.SpectralTheory.DiracEquation.Current transitive imports (legacy)",
         "2845604784390414340"],
        ["LogosLibrary.QuantumMechanics.SpectralTheory.DiracEquation.Current:importAllArts",
         "8869801674103926887"],
        ["LogosLibrary.QuantumMechanics.SpectralTheory.DiracEquation.Conservation transitive imports (legacy)",
         "15084432128161767587"],
        ["LogosLibrary.QuantumMechanics.SpectralTheory.DiracEquation.Conservation:importAllArts",
         "6066515584097657922"]]]]],
    ["libs",
     [["import dynlibs", "1723"],
      ["package external libraries", "1723"],
      ["module dynlibs", "1723"],
      ["module plugins", "1723"]]]]],
  ["Lean 4.23.0, commit ad1a017949674a947f0d6794cbf7130d642c6530",
   "2372534101328293747"],
  ["/Users/augustusthwack/Desktop/Logos_Library/LogosLibrary/QuantumMechanics/SpectralTheory/DiracEquation.lean",
   "15633860642691314593"],
  ["options", "1723"],
  ["Module.leanArgs: #[]", "1723"]],
 "depHash": "9926822362522478150"}