{"synthetic": false,
 "outputs":
 {"o": ["7434651705628222758"],
  "i": "17721187999279371714",
  "c": "6558922736514230370"},
 "log":
 [{"message":
   ".> LEAN_PATH=/Users/augustusthwack/Desktop/Logos_Library/.lake/packages/Cli/.lake/build/lib/lean:/Users/augustusthwack/Desktop/Logos_Library/.lake/packages/batteries/.lake/build/lib/lean:/Users/augustusthwack/Desktop/Logos_Library/.lake/packages/Qq/.lake/build/lib/lean:/Users/augustusthwack/Desktop/Logos_Library/.lake/packages/aesop/.lake/build/lib/lean:/Users/augustusthwack/Desktop/Logos_Library/.lake/packages/proofwidgets/.lake/build/lib/lean:/Users/augustusthwack/Desktop/Logos_Library/.lake/packages/importGraph/.lake/build/lib/lean:/Users/augustusthwack/Desktop/Logos_Library/.lake/packages/LeanSearchClient/.lake/build/lib/lean:/Users/augustusthwack/Desktop/Logos_Library/.lake/packages/plausible/.lake/build/lib/lean:/Users/augustusthwack/Desktop/Logos_Library/.lake/packages/mathlib/.lake/build/lib/lean:/Users/augustusthwack/Desktop/Logos_Library/.lake/build/lib/lean /Users/augustusthwack/.elan/toolchains/leanprover--lean4---v4.23.0-rc2/bin/lean /Users/augustusthwack/Desktop/Logos_Library/LogosLibrary/QuantumMechanics/SpectralTheory/FunctionalCalc.lean -o /Users/augustusthwack/Desktop/Logos_Library/.lake/build/lib/lean/LogosLibrary/QuantumMechanics/SpectralTheory/FunctionalCalc.olean -i /Users/augustusthwack/Desktop/Logos_Library/.lake/build/lib/lean/LogosLibrary/QuantumMechanics/SpectralTheory/FunctionalCalc.ilean -c /Users/augustusthwack/Desktop/Logos_Library/.lake/build/ir/LogosLibrary/QuantumMechanics/SpectralTheory/FunctionalCalc.c --setup /Users/augustusthwack/Desktop/Logos_Library/.lake/build/ir/LogosLibrary/QuantumMechanics/SpectralTheory/FunctionalCalc.setup.json --json",
   "level": "trace"}],
 "inputs":
 [["LogosLibrary.QuantumMechanics.SpectralTheory.FunctionalCalc:deps",
   [["deps",
     [["logos_library/LogosLibrary:extraDep",
       [["@logos_library:extraDep", "1723"]]],
      ["imports",
       [["LogosLibrary.QuantumMechanics.SpectralTheory.FunctionalCalc.SpectralProjection transitive imports (legacy)",
         "15437541521230090474"],
        ["LogosLibrary.QuantumMechanics.SpectralTheory.FunctionalCalc.SpectralProjection:importAllArts",
         "10909125567424564174"],
        ["LogosLibrary.QuantumMechanics.SpectralTheory.FunctionalCalc.ScalarMeasure transitive imports (legacy)",
         "16316636913893881825"],
        ["LogosLibrary.QuantumMechanics.SpectralTheory.FunctionalCalc.ScalarMeasure:importAllArts",
         "2757968608367144769"],
        ["LogosLibrary.QuantumMechanics.SpectralTheory.FunctionalCalc.CrossMeasure transitive imports (legacy)",
         "12782021212762274902"],
        ["LogosLibrary.QuantumMechanics.SpectralTheory.FunctionalCalc.CrossMeasure:importAllArts",
         "10398690672531609851"],
        ["LogosLibrary.QuantumMechanics.SpectralTheory.FunctionalCalc.Domain transitive imports (legacy)",
         "13637189476445952906"],
        ["LogosLibrary.QuantumMechanics.SpectralTheory.FunctionalCalc.Domain:importAllArts",
         "11216816519611682343"],
        ["LogosLibrary.QuantumMechanics.SpectralTheory.FunctionalCalc.Integral transitive imports (legacy)",
         "8639030915825660808"],
        ["LogosLibrary.QuantumMechanics.SpectralTheory.FunctionalCalc.Integral:importAllArts",
         "13165853735874134293"],
        ["LogosLibrary.QuantumMechanics.SpectralTheory.FunctionalCalc.Algebraic transitive imports (legacy)",
         "14021921454820008715"],
        ["LogosLibrary.QuantumMechanics.SpectralTheory.FunctionalCalc.Algebraic:importAllArts",
         "7081745632483409114"],
        ["LogosLibrary.QuantumMechanics.SpectralTheory.FunctionalCalc.Generator transitive imports (legacy)",
         "6224181561159207232"],
        ["LogosLibrary.QuantumMechanics.SpectralTheory.FunctionalCalc.Generator:importAllArts",
         "5351041573707582080"],
        ["LogosLibrary.QuantumMechanics.SpectralTheory.FunctionalCalc.Agreement transitive imports (legacy)",
         "3985442664044624537"],
        ["LogosLibrary.QuantumMechanics.SpectralTheory.FunctionalCalc.Agreement:importAllArts",
         "1228654297496796448"]]]]],
    ["libs",
     [["import dynlibs", "1723"],
      ["package external libraries", "1723"],
      ["module dynlibs", "1723"],
      ["module plugins", "1723"]]]]],
  ["Lean 4.23.0, commit ad1a017949674a947f0d6794cbf7130d642c6530",
   "2372534101328293747"],
  ["/Users/augustusthwack/Desktop/Logos_Library/LogosLibrary/QuantumMechanics/SpectralTheory/FunctionalCalc.lean",
   "13257491892564523426"],
  ["options", "1723"],
  ["Module.leanArgs: #[]", "1723"]],
 "depHash": "9090452769030715009"}