{"synthetic": false,
 "outputs":
 {"o": ["15540065009430984415"],
  "i": "3980679737792005438",
  "c": "11636439726136644440"},
 "log":
 [{"message":
   ".> LEAN_PATH=/Users/augustusthwack/Desktop/Logos_Library/.lake/packages/Cli/.lake/build/lib/lean:/Users/augustusthwack/Desktop/Logos_Library/.lake/packages/batteries/.lake/build/lib/lean:/Users/augustusthwack/Desktop/Logos_Library/.lake/packages/Qq/.lake/build/lib/lean:/Users/augustusthwack/Desktop/Logos_Library/.lake/packages/aesop/.lake/build/lib/lean:/Users/augustusthwack/Desktop/Logos_Library/.lake/packages/proofwidgets/.lake/build/lib/lean:/Users/augustusthwack/Desktop/Logos_Library/.lake/packages/importGraph/.lake/build/lib/lean:/Users/augustusthwack/Desktop/Logos_Library/.lake/packages/LeanSearchClient/.lake/build/lib/lean:/Users/augustusthwack/Desktop/Logos_Library/.lake/packages/plausible/.lake/build/lib/lean:/Users/augustusthwack/Desktop/Logos_Library/.lake/packages/mathlib/.lake/build/lib/lean:/Users/augustusthwack/Desktop/Logos_Library/.lake/build/lib/lean /Users/augustusthwack/.elan/toolchains/leanprover--lean4---v4.23.0-rc2/bin/lean /Users/augustusthwack/Desktop/Logos_Library/LogosLibrary/QuantumMechanics/SpectralTheory/ResolventRoute.lean -o /Users/augustusthwack/Desktop/Logos_Library/.lake/build/lib/lean/LogosLibrary/QuantumMechanics/SpectralTheory/ResolventRoute.olean -i /Users/augustusthwack/Desktop/Logos_Library/.lake/build/lib/lean/LogosLibrary/QuantumMechanics/SpectralTheory/ResolventRoute.ilean -c /Users/augustusthwack/Desktop/Logos_Library/.lake/build/ir/LogosLibrary/QuantumMechanics/SpectralTheory/ResolventRoute.c --setup /Users/augustusthwack/Desktop/Logos_Library/.lake/build/ir/LogosLibrary/QuantumMechanics/SpectralTheory/ResolventRoute.setup.json --json",
   "level": "trace"}],
 "inputs":
 [["LogosLibrary.QuantumMechanics.SpectralTheory.ResolventRoute:deps",
   [["deps",
     [["logos_library/LogosLibrary:extraDep",
       [["@logos_library:extraDep", "1723"]]],
      ["imports",
       [["LogosLibrary.QuantumMechanics.SpectralTheory.ResolventRoute.ResolventKernel transitive imports (legacy)",
         "6928746983701487826"],
        ["LogosLibrary.QuantumMechanics.SpectralTheory.ResolventRoute.ResolventKernel:importAllArts",
         "14289266565751520543"],
        ["LogosLibrary.QuantumMechanics.SpectralTheory.ResolventRoute.SpectralRepresentation transitive imports (legacy)",
         "8235016831277581102"],
        ["LogosLibrary.QuantumMechanics.SpectralTheory.ResolventRoute.SpectralRepresentation:importAllArts",
         "16885736082458265029"],
        ["LogosLibrary.QuantumMechanics.SpectralTheory.ResolventRoute.StieltjesInversion transitive imports (legacy)",
         "11345135220323414586"],
        ["LogosLibrary.QuantumMechanics.SpectralTheory.ResolventRoute.StieltjesInversion:importAllArts",
         "12036149941340722575"],
        ["LogosLibrary.QuantumMechanics.SpectralTheory.ResolventRoute.StonesFormula transitive imports (legacy)",
         "11345135220323414586"],
        ["LogosLibrary.QuantumMechanics.SpectralTheory.ResolventRoute.StonesFormula:importAllArts",
         "3304312284323548522"]]]]],
    ["libs",
     [["import dynlibs", "1723"],
      ["package external libraries", "1723"],
      ["module dynlibs", "1723"],
      ["module plugins", "1723"]]]]],
  ["Lean 4.23.0, commit ad1a017949674a947f0d6794cbf7130d642c6530",
   "2372534101328293747"],
  ["/Users/augustusthwack/Desktop/Logos_Library/LogosLibrary/QuantumMechanics/SpectralTheory/ResolventRoute.lean",
   "3023233322499644483"],
  ["options", "1723"],
  ["Module.leanArgs: #[]", "1723"]],
 "depHash": "6246140429280480712"}