{"synthetic": false,
 "schemaVersion": "2025-09-10",
 "outputs":
 {"o": ["231fe8c9abb3d1db.olean"],
  "i": "2de572428ba74927.ilean",
  "c": "7959fb84fa342f6b.c"},
 "log":
 [{"message":
   ".> LEAN_PATH=/Users/augustusthwack/Desktop/Logos_Library/.lake/packages/Cli/.lake/build/lib/lean:/Users/augustusthwack/Desktop/Logos_Library/.lake/packages/batteries/.lake/build/lib/lean:/Users/augustusthwack/Desktop/Logos_Library/.lake/packages/Qq/.lake/build/lib/lean:/Users/augustusthwack/Desktop/Logos_Library/.lake/packages/aesop/.lake/build/lib/lean:/Users/augustusthwack/Desktop/Logos_Library/.lake/packages/proofwidgets/.lake/build/lib/lean:/Users/augustusthwack/Desktop/Logos_Library/.lake/packages/importGraph/.lake/build/lib/lean:/Users/augustusthwack/Desktop/Logos_Library/.lake/packages/LeanSearchClient/.lake/build/lib/lean:/Users/augustusthwack/Desktop/Logos_Library/.lake/packages/plausible/.lake/build/lib/lean:/Users/augustusthwack/Desktop/Logos_Library/.lake/packages/mathlib/.lake/build/lib/lean:/Users/augustusthwack/Desktop/Logos_Library/.lake/build/lib/lean /Users/augustusthwack/.elan/toolchains/leanprover--lean4---v4.29.0-rc2/bin/lean /Users/augustusthwack/Desktop/Logos_Library/LogosLibrary/QuantumMechanics/UnitaryEvo/Yosida/Exponential.lean -o /Users/augustusthwack/Desktop/Logos_Library/.lake/build/lib/lean/LogosLibrary/QuantumMechanics/UnitaryEvo/Yosida/Exponential.olean -i /Users/augustusthwack/Desktop/Logos_Library/.lake/build/lib/lean/LogosLibrary/QuantumMechanics/UnitaryEvo/Yosida/Exponential.ilean -c /Users/augustusthwack/Desktop/Logos_Library/.lake/build/ir/LogosLibrary/QuantumMechanics/UnitaryEvo/Yosida/Exponential.c --setup /Users/augustusthwack/Desktop/Logos_Library/.lake/build/ir/LogosLibrary/QuantumMechanics/UnitaryEvo/Yosida/Exponential.setup.json --json",
   "level": "trace"}],
 "inputs":
 [["LogosLibrary.QuantumMechanics.UnitaryEvo.Yosida.Exponential:deps",
   [["deps",
     [["logos_library/LogosLibrary:extraDep",
       [["@logos_library:extraDep", "00000000000006bb"]]],
      ["imports",
       [["LogosLibrary.QuantumMechanics.UnitaryEvo.Yosida.Duhamel transitive imports (legacy)",
         "746984d95d650396"],
        ["LogosLibrary.QuantumMechanics.UnitaryEvo.Yosida.Duhamel:importAllArts",
         "03a5d786a6b80db1"],
        ["LogosLibrary.QuantumMechanics.UnitaryEvo.Yosida.Symmetry transitive imports (legacy)",
         "1627a9531292d622"],
        ["LogosLibrary.QuantumMechanics.UnitaryEvo.Yosida.Symmetry:importAllArts",
         "b13cb2a237aaf6ad"],
        ["LogosLibrary.QuantumMechanics.UnitaryEvo.Yosida.ExpBounded transitive imports (legacy)",
         "ff48aec8b6e8d891"],
        ["LogosLibrary.QuantumMechanics.UnitaryEvo.Yosida.ExpBounded:importAllArts",
         "3db3820609854b1d"],
        ["LogosLibrary.QuantumMechanics.UnitaryEvo.Yosida.Convergence transitive imports (legacy)",
         "3b54079aa88b22af"],
        ["LogosLibrary.QuantumMechanics.UnitaryEvo.Yosida.Convergence:importAllArts",
         "e1909451ac0d4f16"]]]]],
    ["libs",
     [["import dynlibs", "00000000000006bb"],
      ["package external libraries", "00000000000006bb"],
      ["module dynlibs", "00000000000006bb"],
      ["module plugins", "00000000000006bb"]]]]],
  ["Lean 4.29.0, commit 83e54b65b65d1d3ce31d99d820a7bd5f3e219295",
   "e77748eb16099172"],
  ["/Users/augustusthwack/Desktop/Logos_Library/LogosLibrary/QuantumMechanics/UnitaryEvo/Yosida/Exponential.lean",
   "588fd33581234039"],
  ["options", "00000000000006bb"],
  ["isModule: false", "feefd2a0d3a1847e"],
  ["Module.name: LogosLibrary.QuantumMechanics.UnitaryEvo.Yosida.Exponential",
   "b7684426d92d9b86"],
  ["Package.id?: (some logos_library)", "94a92e73ca6dc2d7"],
  ["Module.leanArgs: #[]", "00000000000006bb"]],
 "depHash": "3fd0cd84552257b5"}