{"synthetic": false,
 "schemaVersion": "2025-09-10",
 "outputs":
 {"o": ["5613070cba1ddeec.olean"],
  "i": "176f1462aa1eb01e.ilean",
  "c": "009deddac4b93c41.c"},
 "log":
 [{"message":
   ".> LEAN_PATH=/Users/augustusthwack/Desktop/Logos_Library/.lake/packages/Cli/.lake/build/lib/lean:/Users/augustusthwack/Desktop/Logos_Library/.lake/packages/batteries/.lake/build/lib/lean:/Users/augustusthwack/Desktop/Logos_Library/.lake/packages/Qq/.lake/build/lib/lean:/Users/augustusthwack/Desktop/Logos_Library/.lake/packages/aesop/.lake/build/lib/lean:/Users/augustusthwack/Desktop/Logos_Library/.lake/packages/proofwidgets/.lake/build/lib/lean:/Users/augustusthwack/Desktop/Logos_Library/.lake/packages/importGraph/.lake/build/lib/lean:/Users/augustusthwack/Desktop/Logos_Library/.lake/packages/LeanSearchClient/.lake/build/lib/lean:/Users/augustusthwack/Desktop/Logos_Library/.lake/packages/plausible/.lake/build/lib/lean:/Users/augustusthwack/Desktop/Logos_Library/.lake/packages/mathlib/.lake/build/lib/lean:/Users/augustusthwack/Desktop/Logos_Library/.lake/build/lib/lean /Users/augustusthwack/.elan/toolchains/leanprover--lean4---v4.29.0-rc2/bin/lean /Users/augustusthwack/Desktop/Logos_Library/LogosLibrary/Relativity/SR/MinkowskiSpacetime.lean -o /Users/augustusthwack/Desktop/Logos_Library/.lake/build/lib/lean/LogosLibrary/Relativity/SR/MinkowskiSpacetime.olean -i /Users/augustusthwack/Desktop/Logos_Library/.lake/build/lib/lean/LogosLibrary/Relativity/SR/MinkowskiSpacetime.ilean -c /Users/augustusthwack/Desktop/Logos_Library/.lake/build/ir/LogosLibrary/Relativity/SR/MinkowskiSpacetime.c --setup /Users/augustusthwack/Desktop/Logos_Library/.lake/build/ir/LogosLibrary/Relativity/SR/MinkowskiSpacetime.setup.json --json",
   "level": "trace"}],
 "inputs":
 [["LogosLibrary.Relativity.SR.MinkowskiSpacetime:deps",
   [["deps",
     [["logos_library/LogosLibrary:extraDep",
       [["@logos_library:extraDep", "00000000000006bb"]]],
      ["imports",
       [["Mathlib.LinearAlgebra.QuadraticForm.Basic transitive imports (legacy)",
         "55b0cdd3e3045a19"],
        ["Mathlib.LinearAlgebra.QuadraticForm.Basic:importAllArts",
         "cdef6ba8796192fe"],
        ["Mathlib.Analysis.InnerProductSpace.Basic transitive imports (legacy)",
         "093f01418431dab2"],
        ["Mathlib.Analysis.InnerProductSpace.Basic:importAllArts",
         "8c0baa35086bcd0e"],
        ["Mathlib.Analysis.SpecialFunctions.Log.Basic transitive imports (legacy)",
         "d8680ac0661b05bc"],
        ["Mathlib.Analysis.SpecialFunctions.Log.Basic:importAllArts",
         "41d503a084afdc12"],
        ["Mathlib.Analysis.SpecialFunctions.Sqrt transitive imports (legacy)",
         "890f67c08726a144"],
        ["Mathlib.Analysis.SpecialFunctions.Sqrt:importAllArts",
         "2ec5d092cbdf5a0f"],
        ["Mathlib.Analysis.SpecialFunctions.Trigonometric.Basic transitive imports (legacy)",
         "01f0be691179ffbd"],
        ["Mathlib.Analysis.SpecialFunctions.Trigonometric.Basic:importAllArts",
         "a3c3cee0f3fa546d"],
        ["Mathlib.Data.Real.Basic transitive imports (legacy)",
         "2c97f41feecff969"],
        ["Mathlib.Data.Real.Basic:importAllArts", "c3dcbcd85444d910"],
        ["Mathlib.Data.Complex.Basic transitive imports (legacy)",
         "e2b06b6eb89384e8"],
        ["Mathlib.Data.Complex.Basic:importAllArts", "73b1a4f836a4fa3a"]]]]],
    ["libs",
     [["import dynlibs", "00000000000006bb"],
      ["package external libraries", "00000000000006bb"],
      ["module dynlibs", "00000000000006bb"],
      ["module plugins", "00000000000006bb"]]]]],
  ["Lean 4.29.0, commit 83e54b65b65d1d3ce31d99d820a7bd5f3e219295",
   "e77748eb16099172"],
  ["/Users/augustusthwack/Desktop/Logos_Library/LogosLibrary/Relativity/SR/MinkowskiSpacetime.lean",
   "3826132f573f9cdd"],
  ["options", "00000000000006bb"],
  ["isModule: false", "feefd2a0d3a1847e"],
  ["Module.name: LogosLibrary.Relativity.SR.MinkowskiSpacetime",
   "518f149ecaaacbaa"],
  ["Package.id?: (some logos_library)", "94a92e73ca6dc2d7"],
  ["Module.leanArgs: #[]", "00000000000006bb"]],
 "depHash": "58c11acae72ea213"}