{"synthetic": false,
 "outputs":
 {"o": ["13235780172361745594"],
  "i": "11130055208788769253",
  "c": "2692461279245860653"},
 "log":
 [{"message":
   ".> LEAN_PATH=/Users/augustusthwack/Desktop/Logos_Library/.lake/packages/Cli/.lake/build/lib/lean:/Users/augustusthwack/Desktop/Logos_Library/.lake/packages/batteries/.lake/build/lib/lean:/Users/augustusthwack/Desktop/Logos_Library/.lake/packages/Qq/.lake/build/lib/lean:/Users/augustusthwack/Desktop/Logos_Library/.lake/packages/aesop/.lake/build/lib/lean:/Users/augustusthwack/Desktop/Logos_Library/.lake/packages/proofwidgets/.lake/build/lib/lean:/Users/augustusthwack/Desktop/Logos_Library/.lake/packages/importGraph/.lake/build/lib/lean:/Users/augustusthwack/Desktop/Logos_Library/.lake/packages/LeanSearchClient/.lake/build/lib/lean:/Users/augustusthwack/Desktop/Logos_Library/.lake/packages/plausible/.lake/build/lib/lean:/Users/augustusthwack/Desktop/Logos_Library/.lake/packages/mathlib/.lake/build/lib/lean:/Users/augustusthwack/Desktop/Logos_Library/.lake/build/lib/lean /Users/augustusthwack/.elan/toolchains/leanprover--lean4---v4.23.0-rc2/bin/lean /Users/augustusthwack/Desktop/Logos_Library/LogosLibrary.lean -o /Users/augustusthwack/Desktop/Logos_Library/.lake/build/lib/lean/LogosLibrary.olean -i /Users/augustusthwack/Desktop/Logos_Library/.lake/build/lib/lean/LogosLibrary.ilean -c /Users/augustusthwack/Desktop/Logos_Library/.lake/build/ir/LogosLibrary.c --setup /Users/augustusthwack/Desktop/Logos_Library/.lake/build/ir/LogosLibrary.setup.json --json",
   "level": "trace"}],
 "inputs":
 [["LogosLibrary:deps",
   [["deps",
     [["logos_library/LogosLibrary:extraDep",
       [["@logos_library:extraDep", "1723"]]],
      ["imports",
       [["LogosLibrary.InformationGeometry transitive imports (legacy)",
         "15930728854203457483"],
        ["LogosLibrary.InformationGeometry:importAllArts",
         "8356304732816956320"],
        ["LogosLibrary.QuantumMechanics transitive imports (legacy)",
         "16233028891208611236"],
        ["LogosLibrary.QuantumMechanics:importAllArts", "968383302447569706"],
        ["LogosLibrary.Relativity transitive imports (legacy)",
         "16435775987635834864"],
        ["LogosLibrary.Relativity:importAllArts", "3294141016086353892"],
        ["LogosLibrary.Superior transitive imports (legacy)",
         "1247019926644488118"],
        ["LogosLibrary.Superior:importAllArts", "7753416751912481377"]]]]],
    ["libs",
     [["import dynlibs", "1723"],
      ["package external libraries", "1723"],
      ["module dynlibs", "1723"],
      ["module plugins", "1723"]]]]],
  ["Lean 4.23.0, commit ad1a017949674a947f0d6794cbf7130d642c6530",
   "2372534101328293747"],
  ["/Users/augustusthwack/Desktop/Logos_Library/LogosLibrary.lean",
   "9349275694591708322"],
  ["options", "1723"],
  ["Module.leanArgs: #[]", "1723"]],
 "depHash": "846892402371472789"}