{"synthetic": false,
 "outputs":
 {"o": ["8288187752549714808"],
  "i": "1487259342707704698",
  "c": "2881774148281412851"},
 "log":
 [{"message":
   ".> LEAN_PATH=/Users/augustusthwack/Desktop/Logos_Library/.lake/packages/Cli/.lake/build/lib/lean:/Users/augustusthwack/Desktop/Logos_Library/.lake/packages/batteries/.lake/build/lib/lean:/Users/augustusthwack/Desktop/Logos_Library/.lake/packages/Qq/.lake/build/lib/lean:/Users/augustusthwack/Desktop/Logos_Library/.lake/packages/aesop/.lake/build/lib/lean:/Users/augustusthwack/Desktop/Logos_Library/.lake/packages/proofwidgets/.lake/build/lib/lean:/Users/augustusthwack/Desktop/Logos_Library/.lake/packages/importGraph/.lake/build/lib/lean:/Users/augustusthwack/Desktop/Logos_Library/.lake/packages/LeanSearchClient/.lake/build/lib/lean:/Users/augustusthwack/Desktop/Logos_Library/.lake/packages/plausible/.lake/build/lib/lean:/Users/augustusthwack/Desktop/Logos_Library/.lake/packages/mathlib/.lake/build/lib/lean:/Users/augustusthwack/Desktop/Logos_Library/.lake/build/lib/lean /Users/augustusthwack/.elan/toolchains/leanprover--lean4---v4.23.0-rc2/bin/lean /Users/augustusthwack/Desktop/Logos_Library/LogosLibrary/QuantumMechanics/SpectralTheory/DiracEquation/Current.lean -o /Users/augustusthwack/Desktop/Logos_Library/.lake/build/lib/lean/LogosLibrary/QuantumMechanics/SpectralTheory/DiracEquation/Current.olean -i /Users/augustusthwack/Desktop/Logos_Library/.lake/build/lib/lean/LogosLibrary/QuantumMechanics/SpectralTheory/DiracEquation/Current.ilean -c /Users/augustusthwack/Desktop/Logos_Library/.lake/build/ir/LogosLibrary/QuantumMechanics/SpectralTheory/DiracEquation/Current.c --setup /Users/augustusthwack/Desktop/Logos_Library/.lake/build/ir/LogosLibrary/QuantumMechanics/SpectralTheory/DiracEquation/Current.setup.json --json",
   "level": "trace"}],
 "inputs":
 [["LogosLibrary.QuantumMechanics.SpectralTheory.DiracEquation.Current:deps",
   [["deps",
     [["logos_library/LogosLibrary:extraDep",
       [["@logos_library:extraDep", "1723"]]],
      ["imports",
       [["LogosLibrary.QuantumMechanics.SpectralTheory.DiracEquation.GammaTraces transitive imports (legacy)",
         "15983882619551806208"],
        ["LogosLibrary.QuantumMechanics.SpectralTheory.DiracEquation.GammaTraces:importAllArts",
         "2237110952193253873"],
        ["Mathlib.MeasureTheory.Integral.Bochner.Basic transitive imports (legacy)",
         "980628005755866268"],
        ["Mathlib.MeasureTheory.Integral.Bochner.Basic:importAllArts",
         "10337438034075149388"]]]]],
    ["libs",
     [["import dynlibs", "1723"],
      ["package external libraries", "1723"],
      ["module dynlibs", "1723"],
      ["module plugins", "1723"]]]]],
  ["Lean 4.23.0, commit ad1a017949674a947f0d6794cbf7130d642c6530",
   "2372534101328293747"],
  ["/Users/augustusthwack/Desktop/Logos_Library/LogosLibrary/QuantumMechanics/SpectralTheory/DiracEquation/Current.lean",
   "6671479345987513975"],
  ["options", "1723"],
  ["Module.leanArgs: #[]", "1723"]],
 "depHash": "3828393802842768977"}