{"synthetic": false,
 "outputs":
 {"o": ["10984947386970749560"],
  "i": "13984373760944933176",
  "c": "254235774991291134"},
 "log":
 [{"message":
   ".> LEAN_PATH=/Users/augustusthwack/Desktop/Logos_Library/.lake/packages/Cli/.lake/build/lib/lean:/Users/augustusthwack/Desktop/Logos_Library/.lake/packages/batteries/.lake/build/lib/lean:/Users/augustusthwack/Desktop/Logos_Library/.lake/packages/Qq/.lake/build/lib/lean:/Users/augustusthwack/Desktop/Logos_Library/.lake/packages/aesop/.lake/build/lib/lean:/Users/augustusthwack/Desktop/Logos_Library/.lake/packages/proofwidgets/.lake/build/lib/lean:/Users/augustusthwack/Desktop/Logos_Library/.lake/packages/importGraph/.lake/build/lib/lean:/Users/augustusthwack/Desktop/Logos_Library/.lake/packages/LeanSearchClient/.lake/build/lib/lean:/Users/augustusthwack/Desktop/Logos_Library/.lake/packages/plausible/.lake/build/lib/lean:/Users/augustusthwack/Desktop/Logos_Library/.lake/packages/mathlib/.lake/build/lib/lean:/Users/augustusthwack/Desktop/Logos_Library/.lake/build/lib/lean /Users/augustusthwack/.elan/toolchains/leanprover--lean4---v4.23.0-rc2/bin/lean /Users/augustusthwack/Desktop/Logos_Library/LogosLibrary/QuantumMechanics/SpectralTheory/DiracEquation/GammaTraces.lean -o /Users/augustusthwack/Desktop/Logos_Library/.lake/build/lib/lean/LogosLibrary/QuantumMechanics/SpectralTheory/DiracEquation/GammaTraces.olean -i /Users/augustusthwack/Desktop/Logos_Library/.lake/build/lib/lean/LogosLibrary/QuantumMechanics/SpectralTheory/DiracEquation/GammaTraces.ilean -c /Users/augustusthwack/Desktop/Logos_Library/.lake/build/ir/LogosLibrary/QuantumMechanics/SpectralTheory/DiracEquation/GammaTraces.c --setup /Users/augustusthwack/Desktop/Logos_Library/.lake/build/ir/LogosLibrary/QuantumMechanics/SpectralTheory/DiracEquation/GammaTraces.setup.json --json",
   "level": "trace"}],
 "inputs":
 [["LogosLibrary.QuantumMechanics.SpectralTheory.DiracEquation.GammaTraces:deps",
   [["deps",
     [["logos_library/LogosLibrary:extraDep",
       [["@logos_library:extraDep", "1723"]]],
      ["imports",
       [["LogosLibrary.QuantumMechanics.SpectralTheory.DiracEquation.CliffordAlgebra transitive imports (legacy)",
         "7776437906683861532"],
        ["LogosLibrary.QuantumMechanics.SpectralTheory.DiracEquation.CliffordAlgebra:importAllArts",
         "2142008177780373666"],
        ["Mathlib.Analysis.Complex.Basic transitive imports (legacy)",
         "1352480495965224072"],
        ["Mathlib.Analysis.Complex.Basic:importAllArts",
         "12487630245828607840"],
        ["Mathlib.MeasureTheory.Integral.Bochner.ContinuousLinearMap transitive imports (legacy)",
         "14409834399797898568"],
        ["Mathlib.MeasureTheory.Integral.Bochner.ContinuousLinearMap:importAllArts",
         "4868511402509995"]]]]],
    ["libs",
     [["import dynlibs", "1723"],
      ["package external libraries", "1723"],
      ["module dynlibs", "1723"],
      ["module plugins", "1723"]]]]],
  ["Lean 4.23.0, commit ad1a017949674a947f0d6794cbf7130d642c6530",
   "2372534101328293747"],
  ["/Users/augustusthwack/Desktop/Logos_Library/LogosLibrary/QuantumMechanics/SpectralTheory/DiracEquation/GammaTraces.lean",
   "4817895356024580693"],
  ["options", "1723"],
  ["Module.leanArgs: #[]", "1723"]],
 "depHash": "7297072182703621814"}