{"synthetic": false,
 "outputs":
 {"o": ["3969794436829060960"],
  "i": "12493050543463701025",
  "c": "6905347534573614975"},
 "log":
 [{"message":
   ".> LEAN_PATH=/Users/augustusthwack/Desktop/Logos_Library/.lake/packages/Cli/.lake/build/lib/lean:/Users/augustusthwack/Desktop/Logos_Library/.lake/packages/batteries/.lake/build/lib/lean:/Users/augustusthwack/Desktop/Logos_Library/.lake/packages/Qq/.lake/build/lib/lean:/Users/augustusthwack/Desktop/Logos_Library/.lake/packages/aesop/.lake/build/lib/lean:/Users/augustusthwack/Desktop/Logos_Library/.lake/packages/proofwidgets/.lake/build/lib/lean:/Users/augustusthwack/Desktop/Logos_Library/.lake/packages/importGraph/.lake/build/lib/lean:/Users/augustusthwack/Desktop/Logos_Library/.lake/packages/LeanSearchClient/.lake/build/lib/lean:/Users/augustusthwack/Desktop/Logos_Library/.lake/packages/plausible/.lake/build/lib/lean:/Users/augustusthwack/Desktop/Logos_Library/.lake/packages/mathlib/.lake/build/lib/lean:/Users/augustusthwack/Desktop/Logos_Library/.lake/build/lib/lean /Users/augustusthwack/.elan/toolchains/leanprover--lean4---v4.23.0-rc2/bin/lean /Users/augustusthwack/Desktop/Logos_Library/LogosLibrary/QuantumMechanics/SpectralTheory/DiracEquation/PauliMatrices.lean -o /Users/augustusthwack/Desktop/Logos_Library/.lake/build/lib/lean/LogosLibrary/QuantumMechanics/SpectralTheory/DiracEquation/PauliMatrices.olean -i /Users/augustusthwack/Desktop/Logos_Library/.lake/build/lib/lean/LogosLibrary/QuantumMechanics/SpectralTheory/DiracEquation/PauliMatrices.ilean -c /Users/augustusthwack/Desktop/Logos_Library/.lake/build/ir/LogosLibrary/QuantumMechanics/SpectralTheory/DiracEquation/PauliMatrices.c --setup /Users/augustusthwack/Desktop/Logos_Library/.lake/build/ir/LogosLibrary/QuantumMechanics/SpectralTheory/DiracEquation/PauliMatrices.setup.json --json",
   "level": "trace"}],
 "inputs":
 [["LogosLibrary.QuantumMechanics.SpectralTheory.DiracEquation.PauliMatrices:deps",
   [["deps",
     [["logos_library/LogosLibrary:extraDep",
       [["@logos_library:extraDep", "1723"]]],
      ["imports",
       [["Mathlib.Data.Matrix.Basic transitive imports (legacy)",
         "7153154004988272961"],
        ["Mathlib.Data.Matrix.Basic:importAllArts", "7529567267253840499"],
        ["Mathlib.Data.Complex.Basic transitive imports (legacy)",
         "7950992792743302790"],
        ["Mathlib.Data.Complex.Basic:importAllArts", "12496224646466602518"],
        ["Mathlib.LinearAlgebra.Matrix.Hermitian transitive imports (legacy)",
         "12798017985122104460"],
        ["Mathlib.LinearAlgebra.Matrix.Hermitian:importAllArts",
         "8822372718546426598"]]]]],
    ["libs",
     [["import dynlibs", "1723"],
      ["package external libraries", "1723"],
      ["module dynlibs", "1723"],
      ["module plugins", "1723"]]]]],
  ["Lean 4.23.0, commit ad1a017949674a947f0d6794cbf7130d642c6530",
   "2372534101328293747"],
  ["/Users/augustusthwack/Desktop/Logos_Library/LogosLibrary/QuantumMechanics/SpectralTheory/DiracEquation/PauliMatrices.lean",
   "15699348772716531914"],
  ["options", "1723"],
  ["Module.leanArgs: #[]", "1723"]],
 "depHash": "3902343615054372868"}