{"synthetic": false,
 "outputs":
 {"o": ["3190455860172281498"],
  "i": "7729571077429801819",
  "c": "14408193878053281050"},
 "log":
 [{"message":
   ".> LEAN_PATH=/Users/augustusthwack/Desktop/Logos_Library/.lake/packages/Cli/.lake/build/lib/lean:/Users/augustusthwack/Desktop/Logos_Library/.lake/packages/batteries/.lake/build/lib/lean:/Users/augustusthwack/Desktop/Logos_Library/.lake/packages/Qq/.lake/build/lib/lean:/Users/augustusthwack/Desktop/Logos_Library/.lake/packages/aesop/.lake/build/lib/lean:/Users/augustusthwack/Desktop/Logos_Library/.lake/packages/proofwidgets/.lake/build/lib/lean:/Users/augustusthwack/Desktop/Logos_Library/.lake/packages/importGraph/.lake/build/lib/lean:/Users/augustusthwack/Desktop/Logos_Library/.lake/packages/LeanSearchClient/.lake/build/lib/lean:/Users/augustusthwack/Desktop/Logos_Library/.lake/packages/plausible/.lake/build/lib/lean:/Users/augustusthwack/Desktop/Logos_Library/.lake/packages/mathlib/.lake/build/lib/lean:/Users/augustusthwack/Desktop/Logos_Library/.lake/build/lib/lean /Users/augustusthwack/.elan/toolchains/leanprover--lean4---v4.23.0-rc2/bin/lean /Users/augustusthwack/Desktop/Logos_Library/LogosLibrary/QuantumMechanics/BellsTheorem/Basic.lean -o /Users/augustusthwack/Desktop/Logos_Library/.lake/build/lib/lean/LogosLibrary/QuantumMechanics/BellsTheorem/Basic.olean -i /Users/augustusthwack/Desktop/Logos_Library/.lake/build/lib/lean/LogosLibrary/QuantumMechanics/BellsTheorem/Basic.ilean -c /Users/augustusthwack/Desktop/Logos_Library/.lake/build/ir/LogosLibrary/QuantumMechanics/BellsTheorem/Basic.c --setup /Users/augustusthwack/Desktop/Logos_Library/.lake/build/ir/LogosLibrary/QuantumMechanics/BellsTheorem/Basic.setup.json --json",
   "level": "trace"}],
 "inputs":
 [["LogosLibrary.QuantumMechanics.BellsTheorem.Basic:deps",
   [["deps",
     [["logos_library/LogosLibrary:extraDep",
       [["@logos_library:extraDep", "1723"]]],
      ["imports",
       [["Mathlib.Analysis.InnerProductSpace.Basic transitive imports (legacy)",
         "611061487222482892"],
        ["Mathlib.Analysis.InnerProductSpace.Basic:importAllArts",
         "14557261562944803168"],
        ["Mathlib.Analysis.InnerProductSpace.PiL2 transitive imports (legacy)",
         "17950490558050793438"],
        ["Mathlib.Analysis.InnerProductSpace.PiL2:importAllArts",
         "9598105501781636149"],
        ["Mathlib.LinearAlgebra.Matrix.Hermitian transitive imports (legacy)",
         "12798017985122104460"],
        ["Mathlib.LinearAlgebra.Matrix.Hermitian:importAllArts",
         "8822372718546426598"],
        ["Mathlib.LinearAlgebra.Matrix.PosDef transitive imports (legacy)",
         "9596638785128487244"],
        ["Mathlib.LinearAlgebra.Matrix.PosDef:importAllArts",
         "7856309039352059224"],
        ["Mathlib.LinearAlgebra.Matrix.Trace transitive imports (legacy)",
         "3611300755674729452"],
        ["Mathlib.LinearAlgebra.Matrix.Trace:importAllArts",
         "4122800047722161876"],
        ["Mathlib.LinearAlgebra.TensorProduct.Basic transitive imports (legacy)",
         "4890183860105121671"],
        ["Mathlib.LinearAlgebra.TensorProduct.Basic:importAllArts",
         "11638540758313664964"],
        ["Mathlib.MeasureTheory.Integral.Bochner.Basic transitive imports (legacy)",
         "980628005755866268"],
        ["Mathlib.MeasureTheory.Integral.Bochner.Basic:importAllArts",
         "10337438034075149388"],
        ["Mathlib.MeasureTheory.Measure.ProbabilityMeasure transitive imports (legacy)",
         "8715264833576487221"],
        ["Mathlib.MeasureTheory.Measure.ProbabilityMeasure:importAllArts",
         "16682322073394254637"],
        ["Mathlib.Probability.Independence.Basic transitive imports (legacy)",
         "11372327109086277589"],
        ["Mathlib.Probability.Independence.Basic:importAllArts",
         "8631737213103697179"],
        ["Mathlib.Algebra.Star.CHSH transitive imports (legacy)",
         "3891571086482629649"],
        ["Mathlib.Algebra.Star.CHSH:importAllArts", "15995819625945222119"],
        ["Mathlib.Analysis.Complex.Basic transitive imports (legacy)",
         "1352480495965224072"],
        ["Mathlib.Analysis.Complex.Basic:importAllArts",
         "12487630245828607840"],
        ["Mathlib.LinearAlgebra.Matrix.Kronecker transitive imports (legacy)",
         "12267429648441918281"],
        ["Mathlib.LinearAlgebra.Matrix.Kronecker:importAllArts",
         "14789433506054547489"],
        ["Mathlib.Analysis.InnerProductSpace.Basic transitive imports (legacy)",
         "611061487222482892"],
        ["Mathlib.Analysis.InnerProductSpace.Basic:importAllArts",
         "14557261562944803168"],
        ["Mathlib.Analysis.InnerProductSpace.PiL2 transitive imports (legacy)",
         "17950490558050793438"],
        ["Mathlib.Analysis.InnerProductSpace.PiL2:importAllArts",
         "9598105501781636149"],
        ["Mathlib.LinearAlgebra.Matrix.DotProduct transitive imports (legacy)",
         "17824333296168085979"],
        ["Mathlib.LinearAlgebra.Matrix.DotProduct:importAllArts",
         "13488091400868699415"],
        ["Mathlib.Data.Matrix.Basic transitive imports (legacy)",
         "7153154004988272961"],
        ["Mathlib.Data.Matrix.Basic:importAllArts", "7529567267253840499"]]]]],
    ["libs",
     [["import dynlibs", "1723"],
      ["package external libraries", "1723"],
      ["module dynlibs", "1723"],
      ["module plugins", "1723"]]]]],
  ["Lean 4.23.0, commit ad1a017949674a947f0d6794cbf7130d642c6530",
   "2372534101328293747"],
  ["/Users/augustusthwack/Desktop/Logos_Library/LogosLibrary/QuantumMechanics/BellsTheorem/Basic.lean",
   "5532683175349855605"],
  ["options", "1723"],
  ["Module.leanArgs: #[]", "1723"]],
 "depHash": "4653052615872108242"}