{"synthetic": false,
 "outputs":
 {"o": ["10935013685286914217"],
  "i": "1200274382654282046",
  "c": "9584930592248217490"},
 "log":
 [{"message":
   ".> LEAN_PATH=/Users/augustusthwack/Desktop/Logos_Library/.lake/packages/Cli/.lake/build/lib/lean:/Users/augustusthwack/Desktop/Logos_Library/.lake/packages/batteries/.lake/build/lib/lean:/Users/augustusthwack/Desktop/Logos_Library/.lake/packages/Qq/.lake/build/lib/lean:/Users/augustusthwack/Desktop/Logos_Library/.lake/packages/aesop/.lake/build/lib/lean:/Users/augustusthwack/Desktop/Logos_Library/.lake/packages/proofwidgets/.lake/build/lib/lean:/Users/augustusthwack/Desktop/Logos_Library/.lake/packages/importGraph/.lake/build/lib/lean:/Users/augustusthwack/Desktop/Logos_Library/.lake/packages/LeanSearchClient/.lake/build/lib/lean:/Users/augustusthwack/Desktop/Logos_Library/.lake/packages/plausible/.lake/build/lib/lean:/Users/augustusthwack/Desktop/Logos_Library/.lake/packages/mathlib/.lake/build/lib/lean:/Users/augustusthwack/Desktop/Logos_Library/.lake/build/lib/lean /Users/augustusthwack/.elan/toolchains/leanprover--lean4---v4.23.0-rc2/bin/lean /Users/augustusthwack/Desktop/Logos_Library/LogosLibrary/QuantumMechanics/BellsTheorem/CHSH_bounds.lean -o /Users/augustusthwack/Desktop/Logos_Library/.lake/build/lib/lean/LogosLibrary/QuantumMechanics/BellsTheorem/CHSH_bounds.olean -i /Users/augustusthwack/Desktop/Logos_Library/.lake/build/lib/lean/LogosLibrary/QuantumMechanics/BellsTheorem/CHSH_bounds.ilean -c /Users/augustusthwack/Desktop/Logos_Library/.lake/build/ir/LogosLibrary/QuantumMechanics/BellsTheorem/CHSH_bounds.c --setup /Users/augustusthwack/Desktop/Logos_Library/.lake/build/ir/LogosLibrary/QuantumMechanics/BellsTheorem/CHSH_bounds.setup.json --json",
   "level": "trace"}],
 "inputs":
 [["LogosLibrary.QuantumMechanics.BellsTheorem.CHSH_bounds:deps",
   [["deps",
     [["logos_library/LogosLibrary:extraDep",
       [["@logos_library:extraDep", "1723"]]],
      ["imports",
       [["LogosLibrary.QuantumMechanics.BellsTheorem.CHSH_bounds.CHSH_Basic transitive imports (legacy)",
         "1984831009744804348"],
        ["LogosLibrary.QuantumMechanics.BellsTheorem.CHSH_bounds.CHSH_Basic:importAllArts",
         "8316271712125826541"],
        ["LogosLibrary.QuantumMechanics.BellsTheorem.CHSH_bounds.Commuting transitive imports (legacy)",
         "13570366343674647228"],
        ["LogosLibrary.QuantumMechanics.BellsTheorem.CHSH_bounds.Commuting:importAllArts",
         "78561479413921821"],
        ["LogosLibrary.QuantumMechanics.BellsTheorem.CHSH_bounds.Separable transitive imports (legacy)",
         "14207931456144433687"],
        ["LogosLibrary.QuantumMechanics.BellsTheorem.CHSH_bounds.Separable:importAllArts",
         "6672953595167049644"],
        ["LogosLibrary.QuantumMechanics.BellsTheorem.CHSH_bounds.Tsirelson transitive imports (legacy)",
         "8335861381584517743"],
        ["LogosLibrary.QuantumMechanics.BellsTheorem.CHSH_bounds.Tsirelson:importAllArts",
         "8296213402196233582"]]]]],
    ["libs",
     [["import dynlibs", "1723"],
      ["package external libraries", "1723"],
      ["module dynlibs", "1723"],
      ["module plugins", "1723"]]]]],
  ["Lean 4.23.0, commit ad1a017949674a947f0d6794cbf7130d642c6530",
   "2372534101328293747"],
  ["/Users/augustusthwack/Desktop/Logos_Library/LogosLibrary/QuantumMechanics/BellsTheorem/CHSH_bounds.lean",
   "17860155863163811082"],
  ["options", "1723"],
  ["Module.leanArgs: #[]", "1723"]],
 "depHash": "9191702326000575064"}