{"synthetic": false,
 "outputs":
 {"o": ["11971030115668635444"],
  "i": "8088192985720063315",
  "c": "1370046193186149213"},
 "log":
 [{"message":
   ".> LEAN_PATH=/Users/augustusthwack/Desktop/Logos_Library/.lake/packages/Cli/.lake/build/lib/lean:/Users/augustusthwack/Desktop/Logos_Library/.lake/packages/batteries/.lake/build/lib/lean:/Users/augustusthwack/Desktop/Logos_Library/.lake/packages/Qq/.lake/build/lib/lean:/Users/augustusthwack/Desktop/Logos_Library/.lake/packages/aesop/.lake/build/lib/lean:/Users/augustusthwack/Desktop/Logos_Library/.lake/packages/proofwidgets/.lake/build/lib/lean:/Users/augustusthwack/Desktop/Logos_Library/.lake/packages/importGraph/.lake/build/lib/lean:/Users/augustusthwack/Desktop/Logos_Library/.lake/packages/LeanSearchClient/.lake/build/lib/lean:/Users/augustusthwack/Desktop/Logos_Library/.lake/packages/plausible/.lake/build/lib/lean:/Users/augustusthwack/Desktop/Logos_Library/.lake/packages/mathlib/.lake/build/lib/lean:/Users/augustusthwack/Desktop/Logos_Library/.lake/build/lib/lean /Users/augustusthwack/.elan/toolchains/leanprover--lean4---v4.23.0-rc2/bin/lean /Users/augustusthwack/Desktop/Logos_Library/LogosLibrary/QuantumMechanics/BellsTheorem/QuantumCHSH.lean -o /Users/augustusthwack/Desktop/Logos_Library/.lake/build/lib/lean/LogosLibrary/QuantumMechanics/BellsTheorem/QuantumCHSH.olean -i /Users/augustusthwack/Desktop/Logos_Library/.lake/build/lib/lean/LogosLibrary/QuantumMechanics/BellsTheorem/QuantumCHSH.ilean -c /Users/augustusthwack/Desktop/Logos_Library/.lake/build/ir/LogosLibrary/QuantumMechanics/BellsTheorem/QuantumCHSH.c --setup /Users/augustusthwack/Desktop/Logos_Library/.lake/build/ir/LogosLibrary/QuantumMechanics/BellsTheorem/QuantumCHSH.setup.json --json",
   "level": "trace"}],
 "inputs":
 [["LogosLibrary.QuantumMechanics.BellsTheorem.QuantumCHSH:deps",
   [["deps",
     [["logos_library/LogosLibrary:extraDep",
       [["@logos_library:extraDep", "1723"]]],
      ["imports",
       [["LogosLibrary.QuantumMechanics.BellsTheorem.QuantumCHSH.Q_CHSH_Basic transitive imports (legacy)",
         "12778254784016955345"],
        ["LogosLibrary.QuantumMechanics.BellsTheorem.QuantumCHSH.Q_CHSH_Basic:importAllArts",
         "17642228476239849503"],
        ["LogosLibrary.QuantumMechanics.BellsTheorem.QuantumCHSH.Correlations transitive imports (legacy)",
         "6798197774964573343"],
        ["LogosLibrary.QuantumMechanics.BellsTheorem.QuantumCHSH.Correlations:importAllArts",
         "5655051340607228894"],
        ["LogosLibrary.QuantumMechanics.BellsTheorem.QuantumCHSH.Violation transitive imports (legacy)",
         "16352360956122794727"],
        ["LogosLibrary.QuantumMechanics.BellsTheorem.QuantumCHSH.Violation:importAllArts",
         "8308928125510791097"],
        ["LogosLibrary.QuantumMechanics.BellsTheorem.QuantumCHSH.Tsirelson transitive imports (legacy)",
         "2812483064206865871"],
        ["LogosLibrary.QuantumMechanics.BellsTheorem.QuantumCHSH.Tsirelson:importAllArts",
         "18041301746608095485"]]]]],
    ["libs",
     [["import dynlibs", "1723"],
      ["package external libraries", "1723"],
      ["module dynlibs", "1723"],
      ["module plugins", "1723"]]]]],
  ["Lean 4.23.0, commit ad1a017949674a947f0d6794cbf7130d642c6530",
   "2372534101328293747"],
  ["/Users/augustusthwack/Desktop/Logos_Library/LogosLibrary/QuantumMechanics/BellsTheorem/QuantumCHSH.lean",
   "3434252133981780577"],
  ["options", "1723"],
  ["Module.leanArgs: #[]", "1723"]],
 "depHash": "3529388053027952551"}