{"synthetic": false,
 "schemaVersion": "2025-09-10",
 "outputs":
 {"o": ["f70eca774bc4760f.olean"],
  "i": "61027b2cd31bbc89.ilean",
  "c": "42b4ebff3cc818a7.c"},
 "log":
 [{"message":
   ".> LEAN_PATH=/Users/augustusthwack/Desktop/Logos_Library/.lake/packages/Cli/.lake/build/lib/lean:/Users/augustusthwack/Desktop/Logos_Library/.lake/packages/batteries/.lake/build/lib/lean:/Users/augustusthwack/Desktop/Logos_Library/.lake/packages/Qq/.lake/build/lib/lean:/Users/augustusthwack/Desktop/Logos_Library/.lake/packages/aesop/.lake/build/lib/lean:/Users/augustusthwack/Desktop/Logos_Library/.lake/packages/proofwidgets/.lake/build/lib/lean:/Users/augustusthwack/Desktop/Logos_Library/.lake/packages/importGraph/.lake/build/lib/lean:/Users/augustusthwack/Desktop/Logos_Library/.lake/packages/LeanSearchClient/.lake/build/lib/lean:/Users/augustusthwack/Desktop/Logos_Library/.lake/packages/plausible/.lake/build/lib/lean:/Users/augustusthwack/Desktop/Logos_Library/.lake/packages/mathlib/.lake/build/lib/lean:/Users/augustusthwack/Desktop/Logos_Library/.lake/build/lib/lean /Users/augustusthwack/.elan/toolchains/leanprover--lean4---v4.29.0-rc2/bin/lean /Users/augustusthwack/Desktop/Logos_Library/LogosLibrary/QuantumMechanics/Uncertainty/UnboundedOperators.lean -o /Users/augustusthwack/Desktop/Logos_Library/.lake/build/lib/lean/LogosLibrary/QuantumMechanics/Uncertainty/UnboundedOperators.olean -i /Users/augustusthwack/Desktop/Logos_Library/.lake/build/lib/lean/LogosLibrary/QuantumMechanics/Uncertainty/UnboundedOperators.ilean -c /Users/augustusthwack/Desktop/Logos_Library/.lake/build/ir/LogosLibrary/QuantumMechanics/Uncertainty/UnboundedOperators.c --setup /Users/augustusthwack/Desktop/Logos_Library/.lake/build/ir/LogosLibrary/QuantumMechanics/Uncertainty/UnboundedOperators.setup.json --json",
   "level": "trace"}],
 "inputs":
 [["LogosLibrary.QuantumMechanics.Uncertainty.UnboundedOperators:deps",
   [["deps",
     [["logos_library/LogosLibrary:extraDep",
       [["@logos_library:extraDep", "00000000000006bb"]]],
      ["imports",
       [["Mathlib.Analysis.InnerProductSpace.Basic transitive imports (legacy)",
         "093f01418431dab2"],
        ["Mathlib.Analysis.InnerProductSpace.Basic:importAllArts",
         "8c0baa35086bcd0e"],
        ["Mathlib.Analysis.InnerProductSpace.Projection.Basic transitive imports (legacy)",
         "a0e500e83070ebe3"],
        ["Mathlib.Analysis.InnerProductSpace.Projection.Basic:importAllArts",
         "4dd4c1463b86922d"],
        ["Mathlib.Analysis.InnerProductSpace.Dual transitive imports (legacy)",
         "55000e446ce52322"],
        ["Mathlib.Analysis.InnerProductSpace.Dual:importAllArts",
         "17b5586e16cf21d7"],
        ["Mathlib.Topology.MetricSpace.Basic transitive imports (legacy)",
         "7c00ba2082b64d9d"],
        ["Mathlib.Topology.MetricSpace.Basic:importAllArts",
         "06288da660a0dd76"],
        ["Mathlib.Data.Complex.Basic transitive imports (legacy)",
         "e2b06b6eb89384e8"],
        ["Mathlib.Data.Complex.Basic:importAllArts", "73b1a4f836a4fa3a"]]]]],
    ["libs",
     [["import dynlibs", "00000000000006bb"],
      ["package external libraries", "00000000000006bb"],
      ["module dynlibs", "00000000000006bb"],
      ["module plugins", "00000000000006bb"]]]]],
  ["Lean 4.29.0, commit 83e54b65b65d1d3ce31d99d820a7bd5f3e219295",
   "e77748eb16099172"],
  ["/Users/augustusthwack/Desktop/Logos_Library/LogosLibrary/QuantumMechanics/Uncertainty/UnboundedOperators.lean",
   "173fc1354649c869"],
  ["options", "00000000000006bb"],
  ["isModule: false", "feefd2a0d3a1847e"],
  ["Module.name: LogosLibrary.QuantumMechanics.Uncertainty.UnboundedOperators",
   "3d563b5b13b45e98"],
  ["Package.id?: (some logos_library)", "94a92e73ca6dc2d7"],
  ["Module.leanArgs: #[]", "00000000000006bb"]],
 "depHash": "26bff0fe575e68b7"}