{"synthetic": false,
 "schemaVersion": "2025-09-10",
 "outputs":
 {"o": ["d17d838cf6a28a3a.olean"],
  "i": "b271ab831b7ee2ee.ilean",
  "c": "c4bf0b18cf1c2e09.c"},
 "log":
 [{"message":
   ".> LEAN_PATH=/Users/augustusthwack/Desktop/Logos_Library/.lake/packages/Cli/.lake/build/lib/lean:/Users/augustusthwack/Desktop/Logos_Library/.lake/packages/batteries/.lake/build/lib/lean:/Users/augustusthwack/Desktop/Logos_Library/.lake/packages/Qq/.lake/build/lib/lean:/Users/augustusthwack/Desktop/Logos_Library/.lake/packages/aesop/.lake/build/lib/lean:/Users/augustusthwack/Desktop/Logos_Library/.lake/packages/proofwidgets/.lake/build/lib/lean:/Users/augustusthwack/Desktop/Logos_Library/.lake/packages/importGraph/.lake/build/lib/lean:/Users/augustusthwack/Desktop/Logos_Library/.lake/packages/LeanSearchClient/.lake/build/lib/lean:/Users/augustusthwack/Desktop/Logos_Library/.lake/packages/plausible/.lake/build/lib/lean:/Users/augustusthwack/Desktop/Logos_Library/.lake/packages/mathlib/.lake/build/lib/lean:/Users/augustusthwack/Desktop/Logos_Library/.lake/build/lib/lean /Users/augustusthwack/.elan/toolchains/leanprover--lean4---v4.29.0-rc2/bin/lean /Users/augustusthwack/Desktop/Logos_Library/LogosLibrary/QuantumMechanics/UnitaryEvo/Yosida/Convergence/JNegOperator.lean -o /Users/augustusthwack/Desktop/Logos_Library/.lake/build/lib/lean/LogosLibrary/QuantumMechanics/UnitaryEvo/Yosida/Convergence/JNegOperator.olean -i /Users/augustusthwack/Desktop/Logos_Library/.lake/build/lib/lean/LogosLibrary/QuantumMechanics/UnitaryEvo/Yosida/Convergence/JNegOperator.ilean -c /Users/augustusthwack/Desktop/Logos_Library/.lake/build/ir/LogosLibrary/QuantumMechanics/UnitaryEvo/Yosida/Convergence/JNegOperator.c --setup /Users/augustusthwack/Desktop/Logos_Library/.lake/build/ir/LogosLibrary/QuantumMechanics/UnitaryEvo/Yosida/Convergence/JNegOperator.setup.json --json",
   "level": "trace"}],
 "inputs":
 [["LogosLibrary.QuantumMechanics.UnitaryEvo.Yosida.Convergence.JNegOperator:deps",
   [["deps",
     [["logos_library/LogosLibrary:extraDep",
       [["@logos_library:extraDep", "00000000000006bb"]]],
      ["imports",
       [["LogosLibrary.QuantumMechanics.UnitaryEvo.Yosida.Convergence.JOperator transitive imports (legacy)",
         "fbfe9cbc1ea57c2d"],
        ["LogosLibrary.QuantumMechanics.UnitaryEvo.Yosida.Convergence.JOperator:importAllArts",
         "02f3a4b1ce7f145f"]]]]],
    ["libs",
     [["import dynlibs", "00000000000006bb"],
      ["package external libraries", "00000000000006bb"],
      ["module dynlibs", "00000000000006bb"],
      ["module plugins", "00000000000006bb"]]]]],
  ["Lean 4.29.0, commit 83e54b65b65d1d3ce31d99d820a7bd5f3e219295",
   "e77748eb16099172"],
  ["/Users/augustusthwack/Desktop/Logos_Library/LogosLibrary/QuantumMechanics/UnitaryEvo/Yosida/Convergence/JNegOperator.lean",
   "2b340647ee0ec744"],
  ["options", "00000000000006bb"],
  ["isModule: false", "feefd2a0d3a1847e"],
  ["Module.name: LogosLibrary.QuantumMechanics.UnitaryEvo.Yosida.Convergence.JNegOperator",
   "dc4497e943f91eba"],
  ["Package.id?: (some logos_library)", "94a92e73ca6dc2d7"],
  ["Module.leanArgs: #[]", "00000000000006bb"]],
 "depHash": "249309663cd3b572"}