{"synthetic": false,
 "schemaVersion": "2025-09-10",
 "outputs":
 {"o": ["766cf27bb8f12a5a.olean"],
  "i": "3aaf7f986342c2ec.ilean",
  "c": "b028fe3019bd5fbf.c"},
 "log":
 [{"message":
   ".> LEAN_PATH=/Users/augustusthwack/Desktop/Logos_Library/.lake/packages/Cli/.lake/build/lib/lean:/Users/augustusthwack/Desktop/Logos_Library/.lake/packages/batteries/.lake/build/lib/lean:/Users/augustusthwack/Desktop/Logos_Library/.lake/packages/Qq/.lake/build/lib/lean:/Users/augustusthwack/Desktop/Logos_Library/.lake/packages/aesop/.lake/build/lib/lean:/Users/augustusthwack/Desktop/Logos_Library/.lake/packages/proofwidgets/.lake/build/lib/lean:/Users/augustusthwack/Desktop/Logos_Library/.lake/packages/importGraph/.lake/build/lib/lean:/Users/augustusthwack/Desktop/Logos_Library/.lake/packages/LeanSearchClient/.lake/build/lib/lean:/Users/augustusthwack/Desktop/Logos_Library/.lake/packages/plausible/.lake/build/lib/lean:/Users/augustusthwack/Desktop/Logos_Library/.lake/packages/mathlib/.lake/build/lib/lean:/Users/augustusthwack/Desktop/Logos_Library/.lake/build/lib/lean /Users/augustusthwack/.elan/toolchains/leanprover--lean4---v4.29.0-rc2/bin/lean /Users/augustusthwack/Desktop/Logos_Library/LogosLibrary/Relativity/GR/SdS/Bornemann.lean -o /Users/augustusthwack/Desktop/Logos_Library/.lake/build/lib/lean/LogosLibrary/Relativity/GR/SdS/Bornemann.olean -i /Users/augustusthwack/Desktop/Logos_Library/.lake/build/lib/lean/LogosLibrary/Relativity/GR/SdS/Bornemann.ilean -c /Users/augustusthwack/Desktop/Logos_Library/.lake/build/ir/LogosLibrary/Relativity/GR/SdS/Bornemann.c --setup /Users/augustusthwack/Desktop/Logos_Library/.lake/build/ir/LogosLibrary/Relativity/GR/SdS/Bornemann.setup.json --json",
   "level": "trace"}],
 "inputs":
 [["LogosLibrary.Relativity.GR.SdS.Bornemann:deps",
   [["deps",
     [["logos_library/LogosLibrary:extraDep",
       [["@logos_library:extraDep", "00000000000006bb"]]],
      ["imports",
       [["Mathlib.Analysis.SpecialFunctions.Trigonometric.Basic transitive imports (legacy)",
         "01f0be691179ffbd"],
        ["Mathlib.Analysis.SpecialFunctions.Trigonometric.Basic:importAllArts",
         "a3c3cee0f3fa546d"],
        ["Mathlib.Analysis.Real.Pi.Bounds transitive imports (legacy)",
         "7271ff318681d026"],
        ["Mathlib.Analysis.Real.Pi.Bounds:importAllArts", "b5ea4bf3c2050fe7"],
        ["Mathlib.Tactic.NormNum.Prime transitive imports (legacy)",
         "2d0c1b60ad5d3c6c"],
        ["Mathlib.Tactic.NormNum.Prime:importAllArts", "a756f55942d8e1cc"],
        ["Mathlib.Tactic.Polyrith transitive imports (legacy)",
         "708fc50d09e20d04"],
        ["Mathlib.Tactic.Polyrith:importAllArts", "e5169f206ea03878"],
        ["LogosLibrary.Relativity.Thermodynamics.ConnesRovelli transitive imports (legacy)",
         "2ae0098704a16260"],
        ["LogosLibrary.Relativity.Thermodynamics.ConnesRovelli:importAllArts",
         "8c619059cc337202"],
        ["LogosLibrary.QuantumMechanics.Uncertainty.Schrodinger transitive imports (legacy)",
         "d5a48a3c61a6948d"],
        ["LogosLibrary.QuantumMechanics.Uncertainty.Schrodinger:importAllArts",
         "6090a06831aec2b2"],
        ["Mathlib.Analysis.SpecialFunctions.Log.Basic transitive imports (legacy)",
         "d8680ac0661b05bc"],
        ["Mathlib.Analysis.SpecialFunctions.Log.Basic:importAllArts",
         "41d503a084afdc12"]]]]],
    ["libs",
     [["import dynlibs", "00000000000006bb"],
      ["package external libraries", "00000000000006bb"],
      ["module dynlibs", "00000000000006bb"],
      ["module plugins", "00000000000006bb"]]]]],
  ["Lean 4.29.0, commit 83e54b65b65d1d3ce31d99d820a7bd5f3e219295",
   "e77748eb16099172"],
  ["/Users/augustusthwack/Desktop/Logos_Library/LogosLibrary/Relativity/GR/SdS/Bornemann.lean",
   "a110cbc37dc7be1b"],
  ["options", "00000000000006bb"],
  ["isModule: false", "feefd2a0d3a1847e"],
  ["Module.name: LogosLibrary.Relativity.GR.SdS.Bornemann", "c92856659f1dcb93"],
  ["Package.id?: (some logos_library)", "94a92e73ca6dc2d7"],
  ["Module.leanArgs: #[]", "00000000000006bb"]],
 "depHash": "0293591f641b3b1a"}