{"synthetic": false,
 "outputs":
 {"o": ["12092262080995871919"],
  "i": "16005390989279757646",
  "c": "10092433100184213194"},
 "log":
 [{"message":
   ".> LEAN_PATH=/Users/augustusthwack/Desktop/Logos_Library/.lake/packages/Cli/.lake/build/lib/lean:/Users/augustusthwack/Desktop/Logos_Library/.lake/packages/batteries/.lake/build/lib/lean:/Users/augustusthwack/Desktop/Logos_Library/.lake/packages/Qq/.lake/build/lib/lean:/Users/augustusthwack/Desktop/Logos_Library/.lake/packages/aesop/.lake/build/lib/lean:/Users/augustusthwack/Desktop/Logos_Library/.lake/packages/proofwidgets/.lake/build/lib/lean:/Users/augustusthwack/Desktop/Logos_Library/.lake/packages/importGraph/.lake/build/lib/lean:/Users/augustusthwack/Desktop/Logos_Library/.lake/packages/LeanSearchClient/.lake/build/lib/lean:/Users/augustusthwack/Desktop/Logos_Library/.lake/packages/plausible/.lake/build/lib/lean:/Users/augustusthwack/Desktop/Logos_Library/.lake/packages/mathlib/.lake/build/lib/lean:/Users/augustusthwack/Desktop/Logos_Library/.lake/build/lib/lean /Users/augustusthwack/.elan/toolchains/leanprover--lean4---v4.23.0-rc2/bin/lean /Users/augustusthwack/Desktop/Logos_Library/LogosLibrary/Superior/SplitMechanics/BohmianMech.lean -o /Users/augustusthwack/Desktop/Logos_Library/.lake/build/lib/lean/LogosLibrary/Superior/SplitMechanics/BohmianMech.olean -i /Users/augustusthwack/Desktop/Logos_Library/.lake/build/lib/lean/LogosLibrary/Superior/SplitMechanics/BohmianMech.ilean -c /Users/augustusthwack/Desktop/Logos_Library/.lake/build/ir/LogosLibrary/Superior/SplitMechanics/BohmianMech.c --setup /Users/augustusthwack/Desktop/Logos_Library/.lake/build/ir/LogosLibrary/Superior/SplitMechanics/BohmianMech.setup.json --json",
   "level": "trace"}],
 "inputs":
 [["LogosLibrary.Superior.SplitMechanics.BohmianMech:deps",
   [["deps",
     [["logos_library/LogosLibrary:extraDep",
       [["@logos_library:extraDep", "1723"]]],
      ["imports",
       [["Mathlib.Analysis.SpecialFunctions.Pow.Real transitive imports (legacy)",
         "14654769234711299725"],
        ["Mathlib.Analysis.SpecialFunctions.Pow.Real:importAllArts",
         "2919516147463387357"],
        ["Mathlib.Analysis.SpecialFunctions.ExpDeriv transitive imports (legacy)",
         "13921210785459113710"],
        ["Mathlib.Analysis.SpecialFunctions.ExpDeriv:importAllArts",
         "12404210672309266437"],
        ["Mathlib.Analysis.InnerProductSpace.Basic transitive imports (legacy)",
         "611061487222482892"],
        ["Mathlib.Analysis.InnerProductSpace.Basic:importAllArts",
         "14557261562944803168"],
        ["LogosLibrary.Superior.ObjectiveReduction.EProcess transitive imports (legacy)",
         "12736763818795146964"],
        ["LogosLibrary.Superior.ObjectiveReduction.EProcess:importAllArts",
         "17812642418852173200"],
        ["LogosLibrary.Superior.SplitMechanics.BellsTheorem.OtherInequalities.Unity transitive imports (legacy)",
         "1898058628198621374"],
        ["LogosLibrary.Superior.SplitMechanics.BellsTheorem.OtherInequalities.Unity:importAllArts",
         "11312308668176575362"]]]]],
    ["libs",
     [["import dynlibs", "1723"],
      ["package external libraries", "1723"],
      ["module dynlibs", "1723"],
      ["module plugins", "1723"]]]]],
  ["Lean 4.23.0, commit ad1a017949674a947f0d6794cbf7130d642c6530",
   "2372534101328293747"],
  ["/Users/augustusthwack/Desktop/Logos_Library/LogosLibrary/Superior/SplitMechanics/BohmianMech.lean",
   "7906259231222469900"],
  ["options", "1723"],
  ["Module.leanArgs: #[]", "1723"]],
 "depHash": "14982877541728512770"}