{"synthetic": false,
 "outputs":
 {"o": ["13841044783402316916"],
  "i": "10513607858348643425",
  "c": "4141374727830211939"},
 "log":
 [{"message":
   ".> LEAN_PATH=/Users/augustusthwack/Desktop/Logos_Library/.lake/packages/Cli/.lake/build/lib/lean:/Users/augustusthwack/Desktop/Logos_Library/.lake/packages/batteries/.lake/build/lib/lean:/Users/augustusthwack/Desktop/Logos_Library/.lake/packages/Qq/.lake/build/lib/lean:/Users/augustusthwack/Desktop/Logos_Library/.lake/packages/aesop/.lake/build/lib/lean:/Users/augustusthwack/Desktop/Logos_Library/.lake/packages/proofwidgets/.lake/build/lib/lean:/Users/augustusthwack/Desktop/Logos_Library/.lake/packages/importGraph/.lake/build/lib/lean:/Users/augustusthwack/Desktop/Logos_Library/.lake/packages/LeanSearchClient/.lake/build/lib/lean:/Users/augustusthwack/Desktop/Logos_Library/.lake/packages/plausible/.lake/build/lib/lean:/Users/augustusthwack/Desktop/Logos_Library/.lake/packages/mathlib/.lake/build/lib/lean:/Users/augustusthwack/Desktop/Logos_Library/.lake/build/lib/lean /Users/augustusthwack/.elan/toolchains/leanprover--lean4---v4.23.0-rc2/bin/lean /Users/augustusthwack/Desktop/Logos_Library/LogosLibrary/QuantumMechanics/SpectralTheory/BochnerRoute/SpectralMeasure.lean -o /Users/augustusthwack/Desktop/Logos_Library/.lake/build/lib/lean/LogosLibrary/QuantumMechanics/SpectralTheory/BochnerRoute/SpectralMeasure.olean -i /Users/augustusthwack/Desktop/Logos_Library/.lake/build/lib/lean/LogosLibrary/QuantumMechanics/SpectralTheory/BochnerRoute/SpectralMeasure.ilean -c /Users/augustusthwack/Desktop/Logos_Library/.lake/build/ir/LogosLibrary/QuantumMechanics/SpectralTheory/BochnerRoute/SpectralMeasure.c --setup /Users/augustusthwack/Desktop/Logos_Library/.lake/build/ir/LogosLibrary/QuantumMechanics/SpectralTheory/BochnerRoute/SpectralMeasure.setup.json --json",
   "level": "trace"}],
 "inputs":
 [["LogosLibrary.QuantumMechanics.SpectralTheory.BochnerRoute.SpectralMeasure:deps",
   [["deps",
     [["logos_library/LogosLibrary:extraDep",
       [["@logos_library:extraDep", "1723"]]],
      ["imports",
       [["Mathlib.Analysis.InnerProductSpace.Basic transitive imports (legacy)",
         "611061487222482892"],
        ["Mathlib.Analysis.InnerProductSpace.Basic:importAllArts",
         "14557261562944803168"],
        ["Mathlib.MeasureTheory.Measure.Stieltjes transitive imports (legacy)",
         "1221652536077341033"],
        ["Mathlib.MeasureTheory.Measure.Stieltjes:importAllArts",
         "5075011054870644302"],
        ["Mathlib.MeasureTheory.Measure.MeasureSpace transitive imports (legacy)",
         "239669183843195079"],
        ["Mathlib.MeasureTheory.Measure.MeasureSpace:importAllArts",
         "10129215357291145026"],
        ["LogosLibrary.QuantumMechanics.UnitaryEvo.Bochner transitive imports (legacy)",
         "5233088576359916078"],
        ["LogosLibrary.QuantumMechanics.UnitaryEvo.Bochner:importAllArts",
         "14388547166058745223"],
        ["LogosLibrary.QuantumMechanics.UnitaryEvo.Resolvent transitive imports (legacy)",
         "9293392869134053236"],
        ["LogosLibrary.QuantumMechanics.UnitaryEvo.Resolvent:importAllArts",
         "4499315234291938745"]]]]],
    ["libs",
     [["import dynlibs", "1723"],
      ["package external libraries", "1723"],
      ["module dynlibs", "1723"],
      ["module plugins", "1723"]]]]],
  ["Lean 4.23.0, commit ad1a017949674a947f0d6794cbf7130d642c6530",
   "2372534101328293747"],
  ["/Users/augustusthwack/Desktop/Logos_Library/LogosLibrary/QuantumMechanics/SpectralTheory/BochnerRoute/SpectralMeasure.lean",
   "388433669013505480"],
  ["options", "1723"],
  ["Module.leanArgs: #[]", "1723"]],
 "depHash": "15398587966391268775"}