{"synthetic": false,
 "schemaVersion": "2025-09-10",
 "outputs":
 {"o": ["bcdbef2ae41f2b65.olean"],
  "i": "6f39f4d36234adf5.ilean",
  "c": "bed8702e5efe57eb.c"},
 "log":
 [{"message":
   ".> LEAN_PATH=/Users/augustusthwack/Desktop/Logos_Library/.lake/packages/Cli/.lake/build/lib/lean:/Users/augustusthwack/Desktop/Logos_Library/.lake/packages/batteries/.lake/build/lib/lean:/Users/augustusthwack/Desktop/Logos_Library/.lake/packages/Qq/.lake/build/lib/lean:/Users/augustusthwack/Desktop/Logos_Library/.lake/packages/aesop/.lake/build/lib/lean:/Users/augustusthwack/Desktop/Logos_Library/.lake/packages/proofwidgets/.lake/build/lib/lean:/Users/augustusthwack/Desktop/Logos_Library/.lake/packages/importGraph/.lake/build/lib/lean:/Users/augustusthwack/Desktop/Logos_Library/.lake/packages/LeanSearchClient/.lake/build/lib/lean:/Users/augustusthwack/Desktop/Logos_Library/.lake/packages/plausible/.lake/build/lib/lean:/Users/augustusthwack/Desktop/Logos_Library/.lake/packages/mathlib/.lake/build/lib/lean:/Users/augustusthwack/Desktop/Logos_Library/.lake/build/lib/lean /Users/augustusthwack/.elan/toolchains/leanprover--lean4---v4.29.0-rc2/bin/lean /Users/augustusthwack/Desktop/Logos_Library/LogosLibrary/InformationGeometry/CramerRao.lean -o /Users/augustusthwack/Desktop/Logos_Library/.lake/build/lib/lean/LogosLibrary/InformationGeometry/CramerRao.olean -i /Users/augustusthwack/Desktop/Logos_Library/.lake/build/lib/lean/LogosLibrary/InformationGeometry/CramerRao.ilean -c /Users/augustusthwack/Desktop/Logos_Library/.lake/build/ir/LogosLibrary/InformationGeometry/CramerRao.c --setup /Users/augustusthwack/Desktop/Logos_Library/.lake/build/ir/LogosLibrary/InformationGeometry/CramerRao.setup.json --json",
   "level": "trace"}],
 "inputs":
 [["LogosLibrary.InformationGeometry.CramerRao:deps",
   [["deps",
     [["logos_library/LogosLibrary:extraDep",
       [["@logos_library:extraDep", "00000000000006bb"]]],
      ["imports",
       [["LogosLibrary.InformationGeometry.CramerRao.Basic transitive imports (legacy)",
         "6f9395eda73a9f2a"],
        ["LogosLibrary.InformationGeometry.CramerRao.Basic:importAllArts",
         "aebc18e1d25ba756"],
        ["LogosLibrary.InformationGeometry.CramerRao.Cross transitive imports (legacy)",
         "f7b73d319d7194f5"],
        ["LogosLibrary.InformationGeometry.CramerRao.Cross:importAllArts",
         "0af83a456a0bb48f"],
        ["LogosLibrary.InformationGeometry.CramerRao.CauchySchwarz transitive imports (legacy)",
         "107e1bf36302733c"],
        ["LogosLibrary.InformationGeometry.CramerRao.CauchySchwarz:importAllArts",
         "923011460f9ff577"],
        ["LogosLibrary.InformationGeometry.CramerRao.Bound transitive imports (legacy)",
         "07a3fa096e3b14c1"],
        ["LogosLibrary.InformationGeometry.CramerRao.Bound:importAllArts",
         "d93e102f8f9f27f3"]]]]],
    ["libs",
     [["import dynlibs", "00000000000006bb"],
      ["package external libraries", "00000000000006bb"],
      ["module dynlibs", "00000000000006bb"],
      ["module plugins", "00000000000006bb"]]]]],
  ["Lean 4.29.0, commit 83e54b65b65d1d3ce31d99d820a7bd5f3e219295",
   "e77748eb16099172"],
  ["/Users/augustusthwack/Desktop/Logos_Library/LogosLibrary/InformationGeometry/CramerRao.lean",
   "5528809a8cd74b48"],
  ["options", "00000000000006bb"],
  ["isModule: false", "feefd2a0d3a1847e"],
  ["Module.name: LogosLibrary.InformationGeometry.CramerRao",
   "c1e6f8337fe43ebe"],
  ["Package.id?: (some logos_library)", "94a92e73ca6dc2d7"],
  ["Module.leanArgs: #[]", "00000000000006bb"]],
 "depHash": "8187e05ad84321e8"}