{"synthetic": false,
 "schemaVersion": "2025-09-10",
 "outputs":
 {"o": ["e69d93360377bee1.olean"],
  "i": "de799cdd02bc9e44.ilean",
  "c": "c57e322abe06d874.c"},
 "log":
 [{"message":
   ".> LEAN_PATH=/Users/augustusthwack/Desktop/Logos_Library/.lake/packages/Cli/.lake/build/lib/lean:/Users/augustusthwack/Desktop/Logos_Library/.lake/packages/batteries/.lake/build/lib/lean:/Users/augustusthwack/Desktop/Logos_Library/.lake/packages/Qq/.lake/build/lib/lean:/Users/augustusthwack/Desktop/Logos_Library/.lake/packages/aesop/.lake/build/lib/lean:/Users/augustusthwack/Desktop/Logos_Library/.lake/packages/proofwidgets/.lake/build/lib/lean:/Users/augustusthwack/Desktop/Logos_Library/.lake/packages/importGraph/.lake/build/lib/lean:/Users/augustusthwack/Desktop/Logos_Library/.lake/packages/LeanSearchClient/.lake/build/lib/lean:/Users/augustusthwack/Desktop/Logos_Library/.lake/packages/plausible/.lake/build/lib/lean:/Users/augustusthwack/Desktop/Logos_Library/.lake/packages/mathlib/.lake/build/lib/lean:/Users/augustusthwack/Desktop/Logos_Library/.lake/build/lib/lean /Users/augustusthwack/.elan/toolchains/leanprover--lean4---v4.29.0-rc2/bin/lean /Users/augustusthwack/Desktop/Logos_Library/LogosLibrary/InformationGeometry/Fisher.lean -o /Users/augustusthwack/Desktop/Logos_Library/.lake/build/lib/lean/LogosLibrary/InformationGeometry/Fisher.olean -i /Users/augustusthwack/Desktop/Logos_Library/.lake/build/lib/lean/LogosLibrary/InformationGeometry/Fisher.ilean -c /Users/augustusthwack/Desktop/Logos_Library/.lake/build/ir/LogosLibrary/InformationGeometry/Fisher.c --setup /Users/augustusthwack/Desktop/Logos_Library/.lake/build/ir/LogosLibrary/InformationGeometry/Fisher.setup.json --json",
   "level": "trace"}],
 "inputs":
 [["LogosLibrary.InformationGeometry.Fisher:deps",
   [["deps",
     [["logos_library/LogosLibrary:extraDep",
       [["@logos_library:extraDep", "00000000000006bb"]]],
      ["imports",
       [["LogosLibrary.InformationGeometry.Fisher.FisherInformation transitive imports (legacy)",
         "bf5cbe204f41b285"],
        ["LogosLibrary.InformationGeometry.Fisher.FisherInformation:importAllArts",
         "d3c3253f1dd76a64"],
        ["LogosLibrary.InformationGeometry.Fisher.StatisticalModel transitive imports (legacy)",
         "86dc7830a8232a32"],
        ["LogosLibrary.InformationGeometry.Fisher.StatisticalModel:importAllArts",
         "c14b55bf6187ae1e"],
        ["LogosLibrary.InformationGeometry.Fisher.Score transitive imports (legacy)",
         "83004dcb12654e5a"],
        ["LogosLibrary.InformationGeometry.Fisher.Score:importAllArts",
         "b244fb6237e5a547"],
        ["LogosLibrary.InformationGeometry.Fisher.FisherMetric transitive imports (legacy)",
         "f779f1acc9b9da18"],
        ["LogosLibrary.InformationGeometry.Fisher.FisherMetric:importAllArts",
         "d768419ac49c94be"],
        ["LogosLibrary.InformationGeometry.Fisher.StatisticalManifold transitive imports (legacy)",
         "00da02091650aea5"],
        ["LogosLibrary.InformationGeometry.Fisher.StatisticalManifold:importAllArts",
         "a7ca9b9cc30a1b6d"]]]]],
    ["libs",
     [["import dynlibs", "00000000000006bb"],
      ["package external libraries", "00000000000006bb"],
      ["module dynlibs", "00000000000006bb"],
      ["module plugins", "00000000000006bb"]]]]],
  ["Lean 4.29.0, commit 83e54b65b65d1d3ce31d99d820a7bd5f3e219295",
   "e77748eb16099172"],
  ["/Users/augustusthwack/Desktop/Logos_Library/LogosLibrary/InformationGeometry/Fisher.lean",
   "7e1dfa4cd0337516"],
  ["options", "00000000000006bb"],
  ["isModule: false", "feefd2a0d3a1847e"],
  ["Module.name: LogosLibrary.InformationGeometry.Fisher", "4851d7b8cddfceae"],
  ["Package.id?: (some logos_library)", "94a92e73ca6dc2d7"],
  ["Module.leanArgs: #[]", "00000000000006bb"]],
 "depHash": "28a02a10cdf074bd"}