{"synthetic": false,
 "outputs":
 {"o": ["13331304642855680879"],
  "i": "4447272552361814680",
  "c": "12791072350307870351"},
 "log":
 [{"message":
   ".> LEAN_PATH=/Users/augustusthwack/Desktop/Logos_Library/.lake/packages/Cli/.lake/build/lib/lean:/Users/augustusthwack/Desktop/Logos_Library/.lake/packages/batteries/.lake/build/lib/lean:/Users/augustusthwack/Desktop/Logos_Library/.lake/packages/Qq/.lake/build/lib/lean:/Users/augustusthwack/Desktop/Logos_Library/.lake/packages/aesop/.lake/build/lib/lean:/Users/augustusthwack/Desktop/Logos_Library/.lake/packages/proofwidgets/.lake/build/lib/lean:/Users/augustusthwack/Desktop/Logos_Library/.lake/packages/importGraph/.lake/build/lib/lean:/Users/augustusthwack/Desktop/Logos_Library/.lake/packages/LeanSearchClient/.lake/build/lib/lean:/Users/augustusthwack/Desktop/Logos_Library/.lake/packages/plausible/.lake/build/lib/lean:/Users/augustusthwack/Desktop/Logos_Library/.lake/packages/mathlib/.lake/build/lib/lean:/Users/augustusthwack/Desktop/Logos_Library/.lake/build/lib/lean /Users/augustusthwack/.elan/toolchains/leanprover--lean4---v4.23.0-rc2/bin/lean /Users/augustusthwack/Desktop/Logos_Library/LogosLibrary/Superior/YangMills/EntropyManifold.lean -o /Users/augustusthwack/Desktop/Logos_Library/.lake/build/lib/lean/LogosLibrary/Superior/YangMills/EntropyManifold.olean -i /Users/augustusthwack/Desktop/Logos_Library/.lake/build/lib/lean/LogosLibrary/Superior/YangMills/EntropyManifold.ilean -c /Users/augustusthwack/Desktop/Logos_Library/.lake/build/ir/LogosLibrary/Superior/YangMills/EntropyManifold.c --setup /Users/augustusthwack/Desktop/Logos_Library/.lake/build/ir/LogosLibrary/Superior/YangMills/EntropyManifold.setup.json --json",
   "level": "trace"}],
 "inputs":
 [["LogosLibrary.Superior.YangMills.EntropyManifold:deps",
   [["deps",
     [["logos_library/LogosLibrary:extraDep",
       [["@logos_library:extraDep", "1723"]]],
      ["imports",
       [["Mathlib.Tactic transitive imports (legacy)", "15342355384038864083"],
        ["Mathlib.Tactic:importAllArts", "12249218903789294660"],
        ["Mathlib.Analysis.SpecialFunctions.Log.Basic transitive imports (legacy)",
         "5215274181969507508"],
        ["Mathlib.Analysis.SpecialFunctions.Log.Basic:importAllArts",
         "12020104577274532022"],
        ["Mathlib.Analysis.SpecialFunctions.Trigonometric.Basic transitive imports (legacy)",
         "12370059941757383938"],
        ["Mathlib.Analysis.SpecialFunctions.Trigonometric.Basic:importAllArts",
         "10240573478734384225"],
        ["Mathlib.Topology.Algebra.Order.LiminfLimsup transitive imports (legacy)",
         "500383936581422728"],
        ["Mathlib.Topology.Algebra.Order.LiminfLimsup:importAllArts",
         "6655292449728190310"],
        ["LogosLibrary.Superior.YangMills.DivisionAlgebra transitive imports (legacy)",
         "4671562405183375079"],
        ["LogosLibrary.Superior.YangMills.DivisionAlgebra:importAllArts",
         "9577016288354987775"],
        ["LogosLibrary.Superior.ThermalTime.Basic transitive imports (legacy)",
         "13321086739222866377"],
        ["LogosLibrary.Superior.ThermalTime.Basic:importAllArts",
         "1898067414926233710"]]]]],
    ["libs",
     [["import dynlibs", "1723"],
      ["package external libraries", "1723"],
      ["module dynlibs", "1723"],
      ["module plugins", "1723"]]]]],
  ["Lean 4.23.0, commit ad1a017949674a947f0d6794cbf7130d642c6530",
   "2372534101328293747"],
  ["/Users/augustusthwack/Desktop/Logos_Library/LogosLibrary/Superior/YangMills/EntropyManifold.lean",
   "9169909871319473378"],
  ["options", "1723"],
  ["Module.leanArgs: #[]", "1723"]],
 "depHash": "7727937636244906428"}