{"synthetic": false,
 "outputs":
 {"o": ["3050009321852339972"],
  "i": "11006935685154025386",
  "c": "7663972408387307127"},
 "log":
 [{"message":
   ".> LEAN_PATH=/Users/augustusthwack/Desktop/Logos_Library/.lake/packages/Cli/.lake/build/lib/lean:/Users/augustusthwack/Desktop/Logos_Library/.lake/packages/batteries/.lake/build/lib/lean:/Users/augustusthwack/Desktop/Logos_Library/.lake/packages/Qq/.lake/build/lib/lean:/Users/augustusthwack/Desktop/Logos_Library/.lake/packages/aesop/.lake/build/lib/lean:/Users/augustusthwack/Desktop/Logos_Library/.lake/packages/proofwidgets/.lake/build/lib/lean:/Users/augustusthwack/Desktop/Logos_Library/.lake/packages/importGraph/.lake/build/lib/lean:/Users/augustusthwack/Desktop/Logos_Library/.lake/packages/LeanSearchClient/.lake/build/lib/lean:/Users/augustusthwack/Desktop/Logos_Library/.lake/packages/plausible/.lake/build/lib/lean:/Users/augustusthwack/Desktop/Logos_Library/.lake/packages/mathlib/.lake/build/lib/lean:/Users/augustusthwack/Desktop/Logos_Library/.lake/build/lib/lean /Users/augustusthwack/.elan/toolchains/leanprover--lean4---v4.23.0-rc2/bin/lean /Users/augustusthwack/Desktop/Logos_Library/LogosLibrary/Superior/YangMills/HopfFibration.lean -o /Users/augustusthwack/Desktop/Logos_Library/.lake/build/lib/lean/LogosLibrary/Superior/YangMills/HopfFibration.olean -i /Users/augustusthwack/Desktop/Logos_Library/.lake/build/lib/lean/LogosLibrary/Superior/YangMills/HopfFibration.ilean -c /Users/augustusthwack/Desktop/Logos_Library/.lake/build/ir/LogosLibrary/Superior/YangMills/HopfFibration.c --setup /Users/augustusthwack/Desktop/Logos_Library/.lake/build/ir/LogosLibrary/Superior/YangMills/HopfFibration.setup.json --json",
   "level": "trace"}],
 "inputs":
 [["LogosLibrary.Superior.YangMills.HopfFibration:deps",
   [["deps",
     [["logos_library/LogosLibrary:extraDep",
       [["@logos_library:extraDep", "1723"]]],
      ["imports",
       [["Mathlib.Algebra.Quaternion transitive imports (legacy)",
         "677534004515467262"],
        ["Mathlib.Algebra.Quaternion:importAllArts", "12054416052297323684"],
        ["Mathlib.Analysis.SpecialFunctions.Trigonometric.Basic transitive imports (legacy)",
         "12370059941757383938"],
        ["Mathlib.Analysis.SpecialFunctions.Trigonometric.Basic:importAllArts",
         "10240573478734384225"],
        ["Mathlib.Tactic transitive imports (legacy)", "15342355384038864083"],
        ["Mathlib.Tactic:importAllArts", "12249218903789294660"],
        ["LogosLibrary.Superior.Strings.Quaternion transitive imports (legacy)",
         "8016703623776313095"],
        ["LogosLibrary.Superior.Strings.Quaternion:importAllArts",
         "5893082165956698346"],
        ["LogosLibrary.Superior.YangMills.DivisionAlgebra transitive imports (legacy)",
         "4671562405183375079"],
        ["LogosLibrary.Superior.YangMills.DivisionAlgebra:importAllArts",
         "9577016288354987775"]]]]],
    ["libs",
     [["import dynlibs", "1723"],
      ["package external libraries", "1723"],
      ["module dynlibs", "1723"],
      ["module plugins", "1723"]]]]],
  ["Lean 4.23.0, commit ad1a017949674a947f0d6794cbf7130d642c6530",
   "2372534101328293747"],
  ["/Users/augustusthwack/Desktop/Logos_Library/LogosLibrary/Superior/YangMills/HopfFibration.lean",
   "4722524600193172704"],
  ["options", "1723"],
  ["Module.leanArgs: #[]", "1723"]],
 "depHash": "1927235944379724991"}