{"synthetic": false,
 "schemaVersion": "2025-09-10",
 "outputs":
 {"o": ["5f12d88445b46a96.olean"],
  "i": "59e17935fb58e950.ilean",
  "c": "4429fd5404584dd2.c"},
 "log":
 [{"message":
   ".> LEAN_PATH=/Users/augustusthwack/Desktop/Logos_Library/.lake/packages/Cli/.lake/build/lib/lean:/Users/augustusthwack/Desktop/Logos_Library/.lake/packages/batteries/.lake/build/lib/lean:/Users/augustusthwack/Desktop/Logos_Library/.lake/packages/Qq/.lake/build/lib/lean:/Users/augustusthwack/Desktop/Logos_Library/.lake/packages/aesop/.lake/build/lib/lean:/Users/augustusthwack/Desktop/Logos_Library/.lake/packages/proofwidgets/.lake/build/lib/lean:/Users/augustusthwack/Desktop/Logos_Library/.lake/packages/importGraph/.lake/build/lib/lean:/Users/augustusthwack/Desktop/Logos_Library/.lake/packages/LeanSearchClient/.lake/build/lib/lean:/Users/augustusthwack/Desktop/Logos_Library/.lake/packages/plausible/.lake/build/lib/lean:/Users/augustusthwack/Desktop/Logos_Library/.lake/packages/mathlib/.lake/build/lib/lean:/Users/augustusthwack/Desktop/Logos_Library/.lake/build/lib/lean /Users/augustusthwack/.elan/toolchains/leanprover--lean4---v4.29.0-rc2/bin/lean /Users/augustusthwack/Desktop/Logos_Library/LogosLibrary/InformationGeometry/Fisher/Score.lean -o /Users/augustusthwack/Desktop/Logos_Library/.lake/build/lib/lean/LogosLibrary/InformationGeometry/Fisher/Score.olean -i /Users/augustusthwack/Desktop/Logos_Library/.lake/build/lib/lean/LogosLibrary/InformationGeometry/Fisher/Score.ilean -c /Users/augustusthwack/Desktop/Logos_Library/.lake/build/ir/LogosLibrary/InformationGeometry/Fisher/Score.c --setup /Users/augustusthwack/Desktop/Logos_Library/.lake/build/ir/LogosLibrary/InformationGeometry/Fisher/Score.setup.json --json",
   "level": "trace"}],
 "inputs":
 [["LogosLibrary.InformationGeometry.Fisher.Score:deps",
   [["deps",
     [["logos_library/LogosLibrary:extraDep",
       [["@logos_library:extraDep", "00000000000006bb"]]],
      ["imports",
       [["LogosLibrary.InformationGeometry.Fisher.StatisticalModel transitive imports (legacy)",
         "86dc7830a8232a32"],
        ["LogosLibrary.InformationGeometry.Fisher.StatisticalModel:importAllArts",
         "c14b55bf6187ae1e"],
        ["Mathlib.Analysis.Calculus.ParametricIntegral transitive imports (legacy)",
         "3dbffffd07711fda"],
        ["Mathlib.Analysis.Calculus.ParametricIntegral:importAllArts",
         "81924d406055058f"],
        ["Mathlib.Topology.MetricSpace.Basic transitive imports (legacy)",
         "7c00ba2082b64d9d"],
        ["Mathlib.Topology.MetricSpace.Basic:importAllArts",
         "06288da660a0dd76"],
        ["Mathlib.Analysis.Normed.Operator.Basic transitive imports (legacy)",
         "6a05584e4e5e4715"],
        ["Mathlib.Analysis.Normed.Operator.Basic:importAllArts",
         "6d9beedf2ded4560"],
        ["Mathlib.MeasureTheory.Function.StronglyMeasurable.Basic transitive imports (legacy)",
         "6ffb09fa896d248a"],
        ["Mathlib.MeasureTheory.Function.StronglyMeasurable.Basic:importAllArts",
         "9c25206d74e8f60a"]]]]],
    ["libs",
     [["import dynlibs", "00000000000006bb"],
      ["package external libraries", "00000000000006bb"],
      ["module dynlibs", "00000000000006bb"],
      ["module plugins", "00000000000006bb"]]]]],
  ["Lean 4.29.0, commit 83e54b65b65d1d3ce31d99d820a7bd5f3e219295",
   "e77748eb16099172"],
  ["/Users/augustusthwack/Desktop/Logos_Library/LogosLibrary/InformationGeometry/Fisher/Score.lean",
   "d8720fa70923c557"],
  ["options", "00000000000006bb"],
  ["isModule: false", "feefd2a0d3a1847e"],
  ["Module.name: LogosLibrary.InformationGeometry.Fisher.Score",
   "587aafa7d097e2fd"],
  ["Package.id?: (some logos_library)", "94a92e73ca6dc2d7"],
  ["Module.leanArgs: #[]", "00000000000006bb"]],
 "depHash": "7005f1771f0384a8"}