{"synthetic": false,
 "schemaVersion": "2025-09-10",
 "outputs":
 {"o": ["7843abe613900620.olean"],
  "i": "3e6c5d784acbdcfe.ilean",
  "c": "92548e998445bee8.c"},
 "log":
 [{"message":
   ".> LEAN_PATH=/Users/augustusthwack/Desktop/Logos_Library/.lake/packages/Cli/.lake/build/lib/lean:/Users/augustusthwack/Desktop/Logos_Library/.lake/packages/batteries/.lake/build/lib/lean:/Users/augustusthwack/Desktop/Logos_Library/.lake/packages/Qq/.lake/build/lib/lean:/Users/augustusthwack/Desktop/Logos_Library/.lake/packages/aesop/.lake/build/lib/lean:/Users/augustusthwack/Desktop/Logos_Library/.lake/packages/proofwidgets/.lake/build/lib/lean:/Users/augustusthwack/Desktop/Logos_Library/.lake/packages/importGraph/.lake/build/lib/lean:/Users/augustusthwack/Desktop/Logos_Library/.lake/packages/LeanSearchClient/.lake/build/lib/lean:/Users/augustusthwack/Desktop/Logos_Library/.lake/packages/plausible/.lake/build/lib/lean:/Users/augustusthwack/Desktop/Logos_Library/.lake/packages/mathlib/.lake/build/lib/lean:/Users/augustusthwack/Desktop/Logos_Library/.lake/build/lib/lean /Users/augustusthwack/.elan/toolchains/leanprover--lean4---v4.29.0-rc2/bin/lean /Users/augustusthwack/Desktop/Logos_Library/LogosLibrary/InformationGeometry/Fisher/StatisticalModel.lean -o /Users/augustusthwack/Desktop/Logos_Library/.lake/build/lib/lean/LogosLibrary/InformationGeometry/Fisher/StatisticalModel.olean -i /Users/augustusthwack/Desktop/Logos_Library/.lake/build/lib/lean/LogosLibrary/InformationGeometry/Fisher/StatisticalModel.ilean -c /Users/augustusthwack/Desktop/Logos_Library/.lake/build/ir/LogosLibrary/InformationGeometry/Fisher/StatisticalModel.c --setup /Users/augustusthwack/Desktop/Logos_Library/.lake/build/ir/LogosLibrary/InformationGeometry/Fisher/StatisticalModel.setup.json --json",
   "level": "trace"}],
 "inputs":
 [["LogosLibrary.InformationGeometry.Fisher.StatisticalModel:deps",
   [["deps",
     [["logos_library/LogosLibrary:extraDep",
       [["@logos_library:extraDep", "00000000000006bb"]]],
      ["imports",
       [["Mathlib.MeasureTheory.Measure.MeasureSpace transitive imports (legacy)",
         "953753df2e21e210"],
        ["Mathlib.MeasureTheory.Measure.MeasureSpace:importAllArts",
         "8cdbbf42a927c5c0"],
        ["Mathlib.MeasureTheory.Integral.Bochner.Basic transitive imports (legacy)",
         "b51ab28094296809"],
        ["Mathlib.MeasureTheory.Integral.Bochner.Basic:importAllArts",
         "5a8b3b2f30efc4e1"],
        ["Mathlib.MeasureTheory.Measure.WithDensity transitive imports (legacy)",
         "ac9bb905ef022cf2"],
        ["Mathlib.MeasureTheory.Measure.WithDensity:importAllArts",
         "2941700558be4977"],
        ["Mathlib.Analysis.Calculus.ContDiff.Defs transitive imports (legacy)",
         "622dfda3dcec4bf6"],
        ["Mathlib.Analysis.Calculus.ContDiff.Defs:importAllArts",
         "ead79325919faeef"],
        ["Mathlib.Analysis.Calculus.FDeriv.Basic transitive imports (legacy)",
         "447c998cca37c679"],
        ["Mathlib.Analysis.Calculus.FDeriv.Basic:importAllArts",
         "a8a1d574647080bd"],
        ["Mathlib.Analysis.InnerProductSpace.PiL2 transitive imports (legacy)",
         "489b23f3c9e2e4ca"],
        ["Mathlib.Analysis.InnerProductSpace.PiL2:importAllArts",
         "41434d3faea76184"],
        ["Mathlib.Analysis.SpecialFunctions.Log.Basic transitive imports (legacy)",
         "d8680ac0661b05bc"],
        ["Mathlib.Analysis.SpecialFunctions.Log.Basic:importAllArts",
         "41d503a084afdc12"],
        ["Mathlib.MeasureTheory.Function.L2Space transitive imports (legacy)",
         "3b19936d5811d584"],
        ["Mathlib.MeasureTheory.Function.L2Space:importAllArts",
         "386409f8262823a7"]]]]],
    ["libs",
     [["import dynlibs", "00000000000006bb"],
      ["package external libraries", "00000000000006bb"],
      ["module dynlibs", "00000000000006bb"],
      ["module plugins", "00000000000006bb"]]]]],
  ["Lean 4.29.0, commit 83e54b65b65d1d3ce31d99d820a7bd5f3e219295",
   "e77748eb16099172"],
  ["/Users/augustusthwack/Desktop/Logos_Library/LogosLibrary/InformationGeometry/Fisher/StatisticalModel.lean",
   "3da74aae43c74f1e"],
  ["options", "00000000000006bb"],
  ["isModule: false", "feefd2a0d3a1847e"],
  ["Module.name: LogosLibrary.InformationGeometry.Fisher.StatisticalModel",
   "2ae66d25b1b031fd"],
  ["Package.id?: (some logos_library)", "94a92e73ca6dc2d7"],
  ["Module.leanArgs: #[]", "00000000000006bb"]],
 "depHash": "cce46adb48ce9c39"}