{"synthetic": false,
 "outputs":
 {"o": ["1947959797998531380"],
  "i": "8934392408212972531",
  "c": "10992555559380951766"},
 "log":
 [{"message":
   ".> LEAN_PATH=/Users/augustusthwack/Desktop/Logos_Library/.lake/packages/Cli/.lake/build/lib/lean:/Users/augustusthwack/Desktop/Logos_Library/.lake/packages/batteries/.lake/build/lib/lean:/Users/augustusthwack/Desktop/Logos_Library/.lake/packages/Qq/.lake/build/lib/lean:/Users/augustusthwack/Desktop/Logos_Library/.lake/packages/aesop/.lake/build/lib/lean:/Users/augustusthwack/Desktop/Logos_Library/.lake/packages/proofwidgets/.lake/build/lib/lean:/Users/augustusthwack/Desktop/Logos_Library/.lake/packages/importGraph/.lake/build/lib/lean:/Users/augustusthwack/Desktop/Logos_Library/.lake/packages/LeanSearchClient/.lake/build/lib/lean:/Users/augustusthwack/Desktop/Logos_Library/.lake/packages/plausible/.lake/build/lib/lean:/Users/augustusthwack/Desktop/Logos_Library/.lake/packages/mathlib/.lake/build/lib/lean:/Users/augustusthwack/Desktop/Logos_Library/.lake/build/lib/lean /Users/augustusthwack/.elan/toolchains/leanprover--lean4---v4.23.0-rc2/bin/lean /Users/augustusthwack/Desktop/Logos_Library/LogosLibrary/Superior/ObjectiveReduction/ChemicalMeasurement.lean -o /Users/augustusthwack/Desktop/Logos_Library/.lake/build/lib/lean/LogosLibrary/Superior/ObjectiveReduction/ChemicalMeasurement.olean -i /Users/augustusthwack/Desktop/Logos_Library/.lake/build/lib/lean/LogosLibrary/Superior/ObjectiveReduction/ChemicalMeasurement.ilean -c /Users/augustusthwack/Desktop/Logos_Library/.lake/build/ir/LogosLibrary/Superior/ObjectiveReduction/ChemicalMeasurement.c --setup /Users/augustusthwack/Desktop/Logos_Library/.lake/build/ir/LogosLibrary/Superior/ObjectiveReduction/ChemicalMeasurement.setup.json --json",
   "level": "trace"}],
 "inputs":
 [["LogosLibrary.Superior.ObjectiveReduction.ChemicalMeasurement:deps",
   [["deps",
     [["logos_library/LogosLibrary:extraDep",
       [["@logos_library:extraDep", "1723"]]],
      ["imports",
       [["Mathlib.Analysis.SpecialFunctions.Pow.Real transitive imports (legacy)",
         "14654769234711299725"],
        ["Mathlib.Analysis.SpecialFunctions.Pow.Real:importAllArts",
         "2919516147463387357"],
        ["Mathlib.Analysis.SpecialFunctions.ExpDeriv transitive imports (legacy)",
         "13921210785459113710"],
        ["Mathlib.Analysis.SpecialFunctions.ExpDeriv:importAllArts",
         "12404210672309266437"],
        ["Mathlib.Analysis.SpecialFunctions.Log.Basic transitive imports (legacy)",
         "5215274181969507508"],
        ["Mathlib.Analysis.SpecialFunctions.Log.Basic:importAllArts",
         "12020104577274532022"],
        ["Mathlib.Topology.Order.Basic transitive imports (legacy)",
         "2740361106113366141"],
        ["Mathlib.Topology.Order.Basic:importAllArts", "4081266081973529955"],
        ["LogosLibrary.Superior.ObjectiveReduction.EProcess transitive imports (legacy)",
         "12736763818795146964"],
        ["LogosLibrary.Superior.ObjectiveReduction.EProcess:importAllArts",
         "17812642418852173200"]]]]],
    ["libs",
     [["import dynlibs", "1723"],
      ["package external libraries", "1723"],
      ["module dynlibs", "1723"],
      ["module plugins", "1723"]]]]],
  ["Lean 4.23.0, commit ad1a017949674a947f0d6794cbf7130d642c6530",
   "2372534101328293747"],
  ["/Users/augustusthwack/Desktop/Logos_Library/LogosLibrary/Superior/ObjectiveReduction/ChemicalMeasurement.lean",
   "9564570112172739952"],
  ["options", "1723"],
  ["Module.leanArgs: #[]", "1723"]],
 "depHash": "5728031942425225761"}