{"synthetic": false,
 "outputs":
 {"o": ["17267394279352427412"],
  "i": "2596945361213046970",
  "c": "3169739827724272888"},
 "log":
 [{"message":
   ".> LEAN_PATH=/Users/augustusthwack/Desktop/Logos_Library/.lake/packages/Cli/.lake/build/lib/lean:/Users/augustusthwack/Desktop/Logos_Library/.lake/packages/batteries/.lake/build/lib/lean:/Users/augustusthwack/Desktop/Logos_Library/.lake/packages/Qq/.lake/build/lib/lean:/Users/augustusthwack/Desktop/Logos_Library/.lake/packages/aesop/.lake/build/lib/lean:/Users/augustusthwack/Desktop/Logos_Library/.lake/packages/proofwidgets/.lake/build/lib/lean:/Users/augustusthwack/Desktop/Logos_Library/.lake/packages/importGraph/.lake/build/lib/lean:/Users/augustusthwack/Desktop/Logos_Library/.lake/packages/LeanSearchClient/.lake/build/lib/lean:/Users/augustusthwack/Desktop/Logos_Library/.lake/packages/plausible/.lake/build/lib/lean:/Users/augustusthwack/Desktop/Logos_Library/.lake/packages/mathlib/.lake/build/lib/lean:/Users/augustusthwack/Desktop/Logos_Library/.lake/build/lib/lean /Users/augustusthwack/.elan/toolchains/leanprover--lean4---v4.23.0-rc2/bin/lean /Users/augustusthwack/Desktop/Logos_Library/LogosLibrary/Superior/SplitMechanics/BellsTheorem/OtherInequalities/ThermMerm.lean -o /Users/augustusthwack/Desktop/Logos_Library/.lake/build/lib/lean/LogosLibrary/Superior/SplitMechanics/BellsTheorem/OtherInequalities/ThermMerm.olean -i /Users/augustusthwack/Desktop/Logos_Library/.lake/build/lib/lean/LogosLibrary/Superior/SplitMechanics/BellsTheorem/OtherInequalities/ThermMerm.ilean -c /Users/augustusthwack/Desktop/Logos_Library/.lake/build/ir/LogosLibrary/Superior/SplitMechanics/BellsTheorem/OtherInequalities/ThermMerm.c --setup /Users/augustusthwack/Desktop/Logos_Library/.lake/build/ir/LogosLibrary/Superior/SplitMechanics/BellsTheorem/OtherInequalities/ThermMerm.setup.json --json",
   "level": "trace"}],
 "inputs":
 [["LogosLibrary.Superior.SplitMechanics.BellsTheorem.OtherInequalities.ThermMerm:deps",
   [["deps",
     [["logos_library/LogosLibrary:extraDep",
       [["@logos_library:extraDep", "1723"]]],
      ["imports",
       [["Mathlib.Data.Real.Basic transitive imports (legacy)",
         "1425733558754793621"],
        ["Mathlib.Data.Real.Basic:importAllArts", "13908459976958205674"],
        ["Mathlib.Data.Real.Sqrt transitive imports (legacy)",
         "15186779929637502600"],
        ["Mathlib.Data.Real.Sqrt:importAllArts", "589096701677008712"],
        ["Mathlib.Algebra.Ring.Parity transitive imports (legacy)",
         "7026982089154194078"],
        ["Mathlib.Algebra.Ring.Parity:importAllArts", "8008874530592900227"],
        ["Mathlib.Algebra.BigOperators.Group.Finset.Basic transitive imports (legacy)",
         "7348880841638677207"],
        ["Mathlib.Algebra.BigOperators.Group.Finset.Basic:importAllArts",
         "7566221892899449260"],
        ["Mathlib.Algebra.BigOperators.Group.Finset.Sigma transitive imports (legacy)",
         "5758519103995360498"],
        ["Mathlib.Algebra.BigOperators.Group.Finset.Sigma:importAllArts",
         "15599317549082583901"],
        ["Mathlib.Data.Finset.Basic transitive imports (legacy)",
         "16087280058878219426"],
        ["Mathlib.Data.Finset.Basic:importAllArts", "10179536044840583347"],
        ["Mathlib.Data.Fintype.Pi transitive imports (legacy)",
         "6851986456227177901"],
        ["Mathlib.Data.Fintype.Pi:importAllArts", "4080153151991083088"],
        ["Mathlib.Analysis.SpecialFunctions.Trigonometric.Basic transitive imports (legacy)",
         "12370059941757383938"],
        ["Mathlib.Analysis.SpecialFunctions.Trigonometric.Basic:importAllArts",
         "10240573478734384225"],
        ["Mathlib.Analysis.SpecialFunctions.Pow.Real transitive imports (legacy)",
         "14654769234711299725"],
        ["Mathlib.Analysis.SpecialFunctions.Pow.Real:importAllArts",
         "2919516147463387357"]]]]],
    ["libs",
     [["import dynlibs", "1723"],
      ["package external libraries", "1723"],
      ["module dynlibs", "1723"],
      ["module plugins", "1723"]]]]],
  ["Lean 4.23.0, commit ad1a017949674a947f0d6794cbf7130d642c6530",
   "2372534101328293747"],
  ["/Users/augustusthwack/Desktop/Logos_Library/LogosLibrary/Superior/SplitMechanics/BellsTheorem/OtherInequalities/ThermMerm.lean",
   "6068800921729909727"],
  ["options", "1723"],
  ["Module.leanArgs: #[]", "1723"]],
 "depHash": "391267962823538337"}