{"synthetic": false,
 "outputs":
 {"o": ["10690766465722187761"],
  "i": "10051350775790104591",
  "c": "2208014984543350360"},
 "log":
 [{"message":
   ".> LEAN_PATH=/Users/augustusthwack/Desktop/Logos_Library/.lake/packages/Cli/.lake/build/lib/lean:/Users/augustusthwack/Desktop/Logos_Library/.lake/packages/batteries/.lake/build/lib/lean:/Users/augustusthwack/Desktop/Logos_Library/.lake/packages/Qq/.lake/build/lib/lean:/Users/augustusthwack/Desktop/Logos_Library/.lake/packages/aesop/.lake/build/lib/lean:/Users/augustusthwack/Desktop/Logos_Library/.lake/packages/proofwidgets/.lake/build/lib/lean:/Users/augustusthwack/Desktop/Logos_Library/.lake/packages/importGraph/.lake/build/lib/lean:/Users/augustusthwack/Desktop/Logos_Library/.lake/packages/LeanSearchClient/.lake/build/lib/lean:/Users/augustusthwack/Desktop/Logos_Library/.lake/packages/plausible/.lake/build/lib/lean:/Users/augustusthwack/Desktop/Logos_Library/.lake/packages/mathlib/.lake/build/lib/lean:/Users/augustusthwack/Desktop/Logos_Library/.lake/build/lib/lean /Users/augustusthwack/.elan/toolchains/leanprover--lean4---v4.23.0-rc2/bin/lean /Users/augustusthwack/Desktop/Logos_Library/LogosLibrary/Superior/SplitMechanics/BellsTheorem/OtherInequalities/Unity.lean -o /Users/augustusthwack/Desktop/Logos_Library/.lake/build/lib/lean/LogosLibrary/Superior/SplitMechanics/BellsTheorem/OtherInequalities/Unity.olean -i /Users/augustusthwack/Desktop/Logos_Library/.lake/build/lib/lean/LogosLibrary/Superior/SplitMechanics/BellsTheorem/OtherInequalities/Unity.ilean -c /Users/augustusthwack/Desktop/Logos_Library/.lake/build/ir/LogosLibrary/Superior/SplitMechanics/BellsTheorem/OtherInequalities/Unity.c --setup /Users/augustusthwack/Desktop/Logos_Library/.lake/build/ir/LogosLibrary/Superior/SplitMechanics/BellsTheorem/OtherInequalities/Unity.setup.json --json",
   "level": "trace"}],
 "inputs":
 [["LogosLibrary.Superior.SplitMechanics.BellsTheorem.OtherInequalities.Unity:deps",
   [["deps",
     [["logos_library/LogosLibrary:extraDep",
       [["@logos_library:extraDep", "1723"]]],
      ["imports",
       [["LogosLibrary.Superior.SplitMechanics.BellsTheorem.OtherInequalities.ThermMerm transitive imports (legacy)",
         "10762284813362223926"],
        ["LogosLibrary.Superior.SplitMechanics.BellsTheorem.OtherInequalities.ThermMerm:importAllArts",
         "5525532242202101636"],
        ["LogosLibrary.Superior.SplitMechanics.BellsTheorem.OtherInequalities.LeggettGarg transitive imports (legacy)",
         "5306019332341918254"],
        ["LogosLibrary.Superior.SplitMechanics.BellsTheorem.OtherInequalities.LeggettGarg:importAllArts",
         "7322324346967556985"],
        ["LogosLibrary.Superior.SplitMechanics.BellsTheorem.OtherInequalities.CGLMP transitive imports (legacy)",
         "3840918506598508447"],
        ["LogosLibrary.Superior.SplitMechanics.BellsTheorem.OtherInequalities.CGLMP:importAllArts",
         "13431500957734114457"],
        ["LogosLibrary.Superior.SplitMechanics.BellsTheorem.OtherInequalities.KCBS transitive imports (legacy)",
         "3840918506598508447"],
        ["LogosLibrary.Superior.SplitMechanics.BellsTheorem.OtherInequalities.KCBS:importAllArts",
         "17858822561386033905"],
        ["LogosLibrary.Superior.SplitMechanics.BellsTheorem.OtherInequalities.Qutrit transitive imports (legacy)",
         "3930763136231288265"],
        ["LogosLibrary.Superior.SplitMechanics.BellsTheorem.OtherInequalities.Qutrit:importAllArts",
         "10209820366208067659"]]]]],
    ["libs",
     [["import dynlibs", "1723"],
      ["package external libraries", "1723"],
      ["module dynlibs", "1723"],
      ["module plugins", "1723"]]]]],
  ["Lean 4.23.0, commit ad1a017949674a947f0d6794cbf7130d642c6530",
   "2372534101328293747"],
  ["/Users/augustusthwack/Desktop/Logos_Library/LogosLibrary/Superior/SplitMechanics/BellsTheorem/OtherInequalities/Unity.lean",
   "9316837294230448922"],
  ["options", "1723"],
  ["Module.leanArgs: #[]", "1723"]],
 "depHash": "10714929643494859"}