{"synthetic": false,
 "schemaVersion": "2025-09-10",
 "outputs":
 {"o": ["aa534bedf0759c9e.olean"],
  "i": "132aa5e59ac6e8cd.ilean",
  "c": "59b24b0fcbc549a5.c"},
 "log":
 [{"message":
   ".> LEAN_PATH=/Users/augustusthwack/Desktop/Logos_Library/.lake/packages/Cli/.lake/build/lib/lean:/Users/augustusthwack/Desktop/Logos_Library/.lake/packages/batteries/.lake/build/lib/lean:/Users/augustusthwack/Desktop/Logos_Library/.lake/packages/Qq/.lake/build/lib/lean:/Users/augustusthwack/Desktop/Logos_Library/.lake/packages/aesop/.lake/build/lib/lean:/Users/augustusthwack/Desktop/Logos_Library/.lake/packages/proofwidgets/.lake/build/lib/lean:/Users/augustusthwack/Desktop/Logos_Library/.lake/packages/importGraph/.lake/build/lib/lean:/Users/augustusthwack/Desktop/Logos_Library/.lake/packages/LeanSearchClient/.lake/build/lib/lean:/Users/augustusthwack/Desktop/Logos_Library/.lake/packages/plausible/.lake/build/lib/lean:/Users/augustusthwack/Desktop/Logos_Library/.lake/packages/mathlib/.lake/build/lib/lean:/Users/augustusthwack/Desktop/Logos_Library/.lake/build/lib/lean /Users/augustusthwack/.elan/toolchains/leanprover--lean4---v4.29.0-rc2/bin/lean /Users/augustusthwack/Desktop/Logos_Library/LogosLibrary/Superior/ThermalTime/InfoTheory.lean -o /Users/augustusthwack/Desktop/Logos_Library/.lake/build/lib/lean/LogosLibrary/Superior/ThermalTime/InfoTheory.olean -i /Users/augustusthwack/Desktop/Logos_Library/.lake/build/lib/lean/LogosLibrary/Superior/ThermalTime/InfoTheory.ilean -c /Users/augustusthwack/Desktop/Logos_Library/.lake/build/ir/LogosLibrary/Superior/ThermalTime/InfoTheory.c --setup /Users/augustusthwack/Desktop/Logos_Library/.lake/build/ir/LogosLibrary/Superior/ThermalTime/InfoTheory.setup.json --json",
   "level": "trace"}],
 "inputs":
 [["LogosLibrary.Superior.ThermalTime.InfoTheory:deps",
   [["deps",
     [["logos_library/LogosLibrary:extraDep",
       [["@logos_library:extraDep", "00000000000006bb"]]],
      ["imports",
       [["LogosLibrary.Superior.ThermalTime.Basic transitive imports (legacy)",
         "aebe4c35d5e14a72"],
        ["LogosLibrary.Superior.ThermalTime.Basic:importAllArts",
         "2f1d87ca959c28a0"],
        ["LogosLibrary.Superior.ThermalTime.Measurement transitive imports (legacy)",
         "3239d23f07d0eb62"],
        ["LogosLibrary.Superior.ThermalTime.Measurement:importAllArts",
         "d85b7768a7220475"]]]]],
    ["libs",
     [["import dynlibs", "00000000000006bb"],
      ["package external libraries", "00000000000006bb"],
      ["module dynlibs", "00000000000006bb"],
      ["module plugins", "00000000000006bb"]]]]],
  ["Lean 4.29.0, commit 83e54b65b65d1d3ce31d99d820a7bd5f3e219295",
   "e77748eb16099172"],
  ["/Users/augustusthwack/Desktop/Logos_Library/LogosLibrary/Superior/ThermalTime/InfoTheory.lean",
   "99ba5b61be54b648"],
  ["options", "00000000000006bb"],
  ["isModule: false", "feefd2a0d3a1847e"],
  ["Module.name: LogosLibrary.Superior.ThermalTime.InfoTheory",
   "42d00921b93334d5"],
  ["Package.id?: (some logos_library)", "94a92e73ca6dc2d7"],
  ["Module.leanArgs: #[]", "00000000000006bb"]],
 "depHash": "6df68c624f321ac3"}