{"synthetic": false,
 "outputs":
 {"o": ["10657013817494499026"],
  "i": "16294197659814302006",
  "c": "6135587358831922474"},
 "log":
 [{"message":
   ".> LEAN_PATH=/Users/augustusthwack/Desktop/Logos_Library/.lake/packages/Cli/.lake/build/lib/lean:/Users/augustusthwack/Desktop/Logos_Library/.lake/packages/batteries/.lake/build/lib/lean:/Users/augustusthwack/Desktop/Logos_Library/.lake/packages/Qq/.lake/build/lib/lean:/Users/augustusthwack/Desktop/Logos_Library/.lake/packages/aesop/.lake/build/lib/lean:/Users/augustusthwack/Desktop/Logos_Library/.lake/packages/proofwidgets/.lake/build/lib/lean:/Users/augustusthwack/Desktop/Logos_Library/.lake/packages/importGraph/.lake/build/lib/lean:/Users/augustusthwack/Desktop/Logos_Library/.lake/packages/LeanSearchClient/.lake/build/lib/lean:/Users/augustusthwack/Desktop/Logos_Library/.lake/packages/plausible/.lake/build/lib/lean:/Users/augustusthwack/Desktop/Logos_Library/.lake/packages/mathlib/.lake/build/lib/lean:/Users/augustusthwack/Desktop/Logos_Library/.lake/build/lib/lean /Users/augustusthwack/.elan/toolchains/leanprover--lean4---v4.23.0-rc2/bin/lean /Users/augustusthwack/Desktop/Logos_Library/LogosLibrary/InformationGeometry.lean -o /Users/augustusthwack/Desktop/Logos_Library/.lake/build/lib/lean/LogosLibrary/InformationGeometry.olean -i /Users/augustusthwack/Desktop/Logos_Library/.lake/build/lib/lean/LogosLibrary/InformationGeometry.ilean -c /Users/augustusthwack/Desktop/Logos_Library/.lake/build/ir/LogosLibrary/InformationGeometry.c --setup /Users/augustusthwack/Desktop/Logos_Library/.lake/build/ir/LogosLibrary/InformationGeometry.setup.json --json",
   "level": "trace"}],
 "inputs":
 [["LogosLibrary.InformationGeometry:deps",
   [["deps",
     [["logos_library/LogosLibrary:extraDep",
       [["@logos_library:extraDep", "1723"]]],
      ["imports",
       [["LogosLibrary.InformationGeometry.CramerRao transitive imports (legacy)",
         "550292506006009793"],
        ["LogosLibrary.InformationGeometry.CramerRao:importAllArts",
         "8324145251516864586"],
        ["LogosLibrary.InformationGeometry.Fisher transitive imports (legacy)",
         "902985922652516640"],
        ["LogosLibrary.InformationGeometry.Fisher:importAllArts",
         "4914322782060319081"]]]]],
    ["libs",
     [["import dynlibs", "1723"],
      ["package external libraries", "1723"],
      ["module dynlibs", "1723"],
      ["module plugins", "1723"]]]]],
  ["Lean 4.23.0, commit ad1a017949674a947f0d6794cbf7130d642c6530",
   "2372534101328293747"],
  ["/Users/augustusthwack/Desktop/Logos_Library/LogosLibrary/InformationGeometry.lean",
   "15111993966129925127"],
  ["options", "1723"],
  ["Module.leanArgs: #[]", "1723"]],
 "depHash": "15175325300066563116"}