{"synthetic": false,
 "outputs":
 {"o": ["4478596124235660828"],
  "i": "14846178086819602790",
  "c": "11340867886708947256"},
 "log":
 [{"message":
   ".> LEAN_PATH=/Users/augustusthwack/Desktop/Logos_Library/.lake/packages/Cli/.lake/build/lib/lean:/Users/augustusthwack/Desktop/Logos_Library/.lake/packages/batteries/.lake/build/lib/lean:/Users/augustusthwack/Desktop/Logos_Library/.lake/packages/Qq/.lake/build/lib/lean:/Users/augustusthwack/Desktop/Logos_Library/.lake/packages/aesop/.lake/build/lib/lean:/Users/augustusthwack/Desktop/Logos_Library/.lake/packages/proofwidgets/.lake/build/lib/lean:/Users/augustusthwack/Desktop/Logos_Library/.lake/packages/importGraph/.lake/build/lib/lean:/Users/augustusthwack/Desktop/Logos_Library/.lake/packages/LeanSearchClient/.lake/build/lib/lean:/Users/augustusthwack/Desktop/Logos_Library/.lake/packages/plausible/.lake/build/lib/lean:/Users/augustusthwack/Desktop/Logos_Library/.lake/packages/mathlib/.lake/build/lib/lean:/Users/augustusthwack/Desktop/Logos_Library/.lake/build/lib/lean /Users/augustusthwack/.elan/toolchains/leanprover--lean4---v4.23.0-rc2/bin/lean /Users/augustusthwack/Desktop/Logos_Library/LogosLibrary/QuantumMechanics.lean -o /Users/augustusthwack/Desktop/Logos_Library/.lake/build/lib/lean/LogosLibrary/QuantumMechanics.olean -i /Users/augustusthwack/Desktop/Logos_Library/.lake/build/lib/lean/LogosLibrary/QuantumMechanics.ilean -c /Users/augustusthwack/Desktop/Logos_Library/.lake/build/ir/LogosLibrary/QuantumMechanics.c --setup /Users/augustusthwack/Desktop/Logos_Library/.lake/build/ir/LogosLibrary/QuantumMechanics.setup.json --json",
   "level": "trace"}],
 "inputs":
 [["LogosLibrary.QuantumMechanics:deps",
   [["deps",
     [["logos_library/LogosLibrary:extraDep",
       [["@logos_library:extraDep", "1723"]]],
      ["imports",
       [["LogosLibrary.QuantumMechanics.BellsTheorem.Basic transitive imports (legacy)",
         "2524833854479707626"],
        ["LogosLibrary.QuantumMechanics.BellsTheorem.Basic:importAllArts",
         "9688761796033684809"],
        ["LogosLibrary.QuantumMechanics.BellsTheorem.CHSH_bounds transitive imports (legacy)",
         "14279151383238612012"],
        ["LogosLibrary.QuantumMechanics.BellsTheorem.CHSH_bounds:importAllArts",
         "3503906672522156977"],
        ["LogosLibrary.QuantumMechanics.BellsTheorem.CHSH_bounds.CHSH_Basic transitive imports (legacy)",
         "1984831009744804348"],
        ["LogosLibrary.QuantumMechanics.BellsTheorem.CHSH_bounds.CHSH_Basic:importAllArts",
         "8316271712125826541"],
        ["LogosLibrary.QuantumMechanics.BellsTheorem.CHSH_bounds.Commuting transitive imports (legacy)",
         "13570366343674647228"],
        ["LogosLibrary.QuantumMechanics.BellsTheorem.CHSH_bounds.Commuting:importAllArts",
         "78561479413921821"],
        ["LogosLibrary.QuantumMechanics.BellsTheorem.CHSH_bounds.Op_square transitive imports (legacy)",
         "8246684087674395442"],
        ["LogosLibrary.QuantumMechanics.BellsTheorem.CHSH_bounds.Op_square:importAllArts",
         "14524109429165394864"],
        ["LogosLibrary.QuantumMechanics.BellsTheorem.CHSH_bounds.Separable transitive imports (legacy)",
         "14207931456144433687"],
        ["LogosLibrary.QuantumMechanics.BellsTheorem.CHSH_bounds.Separable:importAllArts",
         "6672953595167049644"],
        ["LogosLibrary.QuantumMechanics.BellsTheorem.CHSH_bounds.Tsirelson transitive imports (legacy)",
         "8335861381584517743"],
        ["LogosLibrary.QuantumMechanics.BellsTheorem.CHSH_bounds.Tsirelson:importAllArts",
         "8296213402196233582"],
        ["LogosLibrary.QuantumMechanics.BellsTheorem.CHSH_bounds.Tsirelson.CommutatorAlgebra transitive imports (legacy)",
         "11277773409771369947"],
        ["LogosLibrary.QuantumMechanics.BellsTheorem.CHSH_bounds.Tsirelson.CommutatorAlgebra:importAllArts",
         "18438129753753408526"],
        ["LogosLibrary.QuantumMechanics.BellsTheorem.CHSH_bounds.Tsirelson.Tsirelson transitive imports (legacy)",
         "10449410398379537628"],
        ["LogosLibrary.QuantumMechanics.BellsTheorem.CHSH_bounds.Tsirelson.Tsirelson:importAllArts",
         "17741695652399203938"],
        ["LogosLibrary.QuantumMechanics.BellsTheorem.CHSH_bounds.Tsirelson.UnitaryBounds transitive imports (legacy)",
         "437709729920486967"],
        ["LogosLibrary.QuantumMechanics.BellsTheorem.CHSH_bounds.Tsirelson.UnitaryBounds:importAllArts",
         "13795294870830165538"],
        ["LogosLibrary.QuantumMechanics.BellsTheorem.LHV transitive imports (legacy)",
         "11252459307214068173"],
        ["LogosLibrary.QuantumMechanics.BellsTheorem.LHV:importAllArts",
         "15885668175626954725"],
        ["LogosLibrary.QuantumMechanics.BellsTheorem.QuantumCHSH transitive imports (legacy)",
         "12409927555157216885"],
        ["LogosLibrary.QuantumMechanics.BellsTheorem.QuantumCHSH:importAllArts",
         "9372534302825101061"],
        ["LogosLibrary.QuantumMechanics.BellsTheorem.QuantumCHSH.Correlations transitive imports (legacy)",
         "6798197774964573343"],
        ["LogosLibrary.QuantumMechanics.BellsTheorem.QuantumCHSH.Correlations:importAllArts",
         "5655051340607228894"],
        ["LogosLibrary.QuantumMechanics.BellsTheorem.QuantumCHSH.Q_CHSH_Basic transitive imports (legacy)",
         "12778254784016955345"],
        ["LogosLibrary.QuantumMechanics.BellsTheorem.QuantumCHSH.Q_CHSH_Basic:importAllArts",
         "17642228476239849503"],
        ["LogosLibrary.QuantumMechanics.BellsTheorem.QuantumCHSH.Tsirelson transitive imports (legacy)",
         "2812483064206865871"],
        ["LogosLibrary.QuantumMechanics.BellsTheorem.QuantumCHSH.Tsirelson:importAllArts",
         "18041301746608095485"],
        ["LogosLibrary.QuantumMechanics.BellsTheorem.QuantumCHSH.Violation transitive imports (legacy)",
         "16352360956122794727"],
        ["LogosLibrary.QuantumMechanics.BellsTheorem.QuantumCHSH.Violation:importAllArts",
         "8308928125510791097"],
        ["LogosLibrary.QuantumMechanics.ModularTheory.KMS.Condition transitive imports (legacy)",
         "12559802636274633716"],
        ["LogosLibrary.QuantumMechanics.ModularTheory.KMS.Condition:importAllArts",
         "7028814385728320505"],
        ["LogosLibrary.QuantumMechanics.ModularTheory.KMS.Modular transitive imports (legacy)",
         "641194381120664386"],
        ["LogosLibrary.QuantumMechanics.ModularTheory.KMS.Modular:importAllArts",
         "2059494047391075437"],
        ["LogosLibrary.QuantumMechanics.ModularTheory.KMS.PeriodicStrip transitive imports (legacy)",
         "8684570352025630037"],
        ["LogosLibrary.QuantumMechanics.ModularTheory.KMS.PeriodicStrip:importAllArts",
         "7817743565280676116"],
        ["LogosLibrary.QuantumMechanics.NeumannSeries transitive imports (legacy)",
         "16739707702483826737"],
        ["LogosLibrary.QuantumMechanics.NeumannSeries:importAllArts",
         "9231506558123129146"],
        ["LogosLibrary.QuantumMechanics.SpectralTheory.BochnerRoute transitive imports (legacy)",
         "7378763508680465737"],
        ["LogosLibrary.QuantumMechanics.SpectralTheory.BochnerRoute:importAllArts",
         "7847268099292189735"],
        ["LogosLibrary.QuantumMechanics.SpectralTheory.BochnerRoute.PositiveDefinite transitive imports (legacy)",
         "1441514299875500308"],
        ["LogosLibrary.QuantumMechanics.SpectralTheory.BochnerRoute.PositiveDefinite:importAllArts",
         "9674355800555482893"],
        ["LogosLibrary.QuantumMechanics.SpectralTheory.BochnerRoute.SpectralMeasure transitive imports (legacy)",
         "16442548302400574659"],
        ["LogosLibrary.QuantumMechanics.SpectralTheory.BochnerRoute.SpectralMeasure:importAllArts",
         "10108927930176357021"],
        ["LogosLibrary.QuantumMechanics.SpectralTheory.BochnerRoute.UnitaryConnection transitive imports (legacy)",
         "3461773079275936706"],
        ["LogosLibrary.QuantumMechanics.SpectralTheory.BochnerRoute.UnitaryConnection:importAllArts",
         "7660604155270297805"],
        ["LogosLibrary.QuantumMechanics.SpectralTheory.CayleyTransform transitive imports (legacy)",
         "5118622755219772323"],
        ["LogosLibrary.QuantumMechanics.SpectralTheory.CayleyTransform:importAllArts",
         "2004159711864046427"],
        ["LogosLibrary.QuantumMechanics.SpectralTheory.CayleyTransform.Eigenvalue transitive imports (legacy)",
         "16902208886734637947"],
        ["LogosLibrary.QuantumMechanics.SpectralTheory.CayleyTransform.Eigenvalue:importAllArts",
         "13434485505098127116"],
        ["LogosLibrary.QuantumMechanics.SpectralTheory.CayleyTransform.Inverse transitive imports (legacy)",
         "8137798989926269707"],
        ["LogosLibrary.QuantumMechanics.SpectralTheory.CayleyTransform.Inverse:importAllArts",
         "15266308342957564652"],
        ["LogosLibrary.QuantumMechanics.SpectralTheory.CayleyTransform.Mobius transitive imports (legacy)",
         "15568147487760978858"],
        ["LogosLibrary.QuantumMechanics.SpectralTheory.CayleyTransform.Mobius:importAllArts",
         "17188763617576478244"],
        ["LogosLibrary.QuantumMechanics.SpectralTheory.CayleyTransform.SpectralMeasure transitive imports (legacy)",
         "10147345786993881853"],
        ["LogosLibrary.QuantumMechanics.SpectralTheory.CayleyTransform.SpectralMeasure:importAllArts",
         "13897903470456165309"],
        ["LogosLibrary.QuantumMechanics.SpectralTheory.CayleyTransform.Spectrum transitive imports (legacy)",
         "10690276392610974997"],
        ["LogosLibrary.QuantumMechanics.SpectralTheory.CayleyTransform.Spectrum:importAllArts",
         "1492361085055204421"],
        ["LogosLibrary.QuantumMechanics.SpectralTheory.CayleyTransform.Transform transitive imports (legacy)",
         "5696251886536622419"],
        ["LogosLibrary.QuantumMechanics.SpectralTheory.CayleyTransform.Transform:importAllArts",
         "10036600653075087006"],
        ["LogosLibrary.QuantumMechanics.SpectralTheory.CayleyTransform.Unitary transitive imports (legacy)",
         "12917680675135204058"],
        ["LogosLibrary.QuantumMechanics.SpectralTheory.CayleyTransform.Unitary:importAllArts",
         "7664272678259847753"],
        ["LogosLibrary.QuantumMechanics.SpectralTheory.DiracEquation transitive imports (legacy)",
         "7929657069803723142"],
        ["LogosLibrary.QuantumMechanics.SpectralTheory.DiracEquation:importAllArts",
         "17303340486489376047"],
        ["LogosLibrary.QuantumMechanics.SpectralTheory.DiracEquation.CliffordAlgebra transitive imports (legacy)",
         "7776437906683861532"],
        ["LogosLibrary.QuantumMechanics.SpectralTheory.DiracEquation.CliffordAlgebra:importAllArts",
         "2142008177780373666"],
        ["LogosLibrary.QuantumMechanics.SpectralTheory.DiracEquation.Conservation transitive imports (legacy)",
         "15084432128161767587"],
        ["LogosLibrary.QuantumMechanics.SpectralTheory.DiracEquation.Conservation:importAllArts",
         "6066515584097657922"],
        ["LogosLibrary.QuantumMechanics.SpectralTheory.DiracEquation.Current transitive imports (legacy)",
         "2845604784390414340"],
        ["LogosLibrary.QuantumMechanics.SpectralTheory.DiracEquation.Current:importAllArts",
         "8869801674103926887"],
        ["LogosLibrary.QuantumMechanics.SpectralTheory.DiracEquation.GammaTraces transitive imports (legacy)",
         "15983882619551806208"],
        ["LogosLibrary.QuantumMechanics.SpectralTheory.DiracEquation.GammaTraces:importAllArts",
         "2237110952193253873"],
        ["LogosLibrary.QuantumMechanics.SpectralTheory.DiracEquation.Operators transitive imports (legacy)",
         "7743778302290912923"],
        ["LogosLibrary.QuantumMechanics.SpectralTheory.DiracEquation.Operators:importAllArts",
         "10215027798307720700"],
        ["LogosLibrary.QuantumMechanics.SpectralTheory.DiracEquation.PauliMatrices transitive imports (legacy)",
         "15657737227208699850"],
        ["LogosLibrary.QuantumMechanics.SpectralTheory.DiracEquation.PauliMatrices:importAllArts",
         "15663439467251749386"],
        ["LogosLibrary.QuantumMechanics.SpectralTheory.DiracEquation.SpectralTheory transitive imports (legacy)",
         "8606757918761157612"],
        ["LogosLibrary.QuantumMechanics.SpectralTheory.DiracEquation.SpectralTheory:importAllArts",
         "1806941992483372624"],
        ["LogosLibrary.QuantumMechanics.SpectralTheory.FunctionalCalc transitive imports (legacy)",
         "2850934893559092936"],
        ["LogosLibrary.QuantumMechanics.SpectralTheory.FunctionalCalc:importAllArts",
         "1102385354826583581"],
        ["LogosLibrary.QuantumMechanics.SpectralTheory.FunctionalCalc.Agreement transitive imports (legacy)",
         "3985442664044624537"],
        ["LogosLibrary.QuantumMechanics.SpectralTheory.FunctionalCalc.Agreement:importAllArts",
         "1228654297496796448"],
        ["LogosLibrary.QuantumMechanics.SpectralTheory.FunctionalCalc.Algebraic transitive imports (legacy)",
         "14021921454820008715"],
        ["LogosLibrary.QuantumMechanics.SpectralTheory.FunctionalCalc.Algebraic:importAllArts",
         "7081745632483409114"],
        ["LogosLibrary.QuantumMechanics.SpectralTheory.FunctionalCalc.CrossMeasure transitive imports (legacy)",
         "12782021212762274902"],
        ["LogosLibrary.QuantumMechanics.SpectralTheory.FunctionalCalc.CrossMeasure:importAllArts",
         "10398690672531609851"],
        ["LogosLibrary.QuantumMechanics.SpectralTheory.FunctionalCalc.Domain transitive imports (legacy)",
         "13637189476445952906"],
        ["LogosLibrary.QuantumMechanics.SpectralTheory.FunctionalCalc.Domain:importAllArts",
         "11216816519611682343"],
        ["LogosLibrary.QuantumMechanics.SpectralTheory.FunctionalCalc.Generator transitive imports (legacy)",
         "6224181561159207232"],
        ["LogosLibrary.QuantumMechanics.SpectralTheory.FunctionalCalc.Generator:importAllArts",
         "5351041573707582080"],
        ["LogosLibrary.QuantumMechanics.SpectralTheory.FunctionalCalc.Integral transitive imports (legacy)",
         "8639030915825660808"],
        ["LogosLibrary.QuantumMechanics.SpectralTheory.FunctionalCalc.Integral:importAllArts",
         "13165853735874134293"],
        ["LogosLibrary.QuantumMechanics.SpectralTheory.FunctionalCalc.ScalarMeasure transitive imports (legacy)",
         "16316636913893881825"],
        ["LogosLibrary.QuantumMechanics.SpectralTheory.FunctionalCalc.ScalarMeasure:importAllArts",
         "2757968608367144769"],
        ["LogosLibrary.QuantumMechanics.SpectralTheory.FunctionalCalc.SpectralProjection transitive imports (legacy)",
         "15437541521230090474"],
        ["LogosLibrary.QuantumMechanics.SpectralTheory.FunctionalCalc.SpectralProjection:importAllArts",
         "10909125567424564174"],
        ["LogosLibrary.QuantumMechanics.SpectralTheory.RelThermo transitive imports (legacy)",
         "1794180882240569256"],
        ["LogosLibrary.QuantumMechanics.SpectralTheory.RelThermo:importAllArts",
         "4059124638055497622"],
        ["LogosLibrary.QuantumMechanics.SpectralTheory.ResolventRoute transitive imports (legacy)",
         "10793195921357713903"],
        ["LogosLibrary.QuantumMechanics.SpectralTheory.ResolventRoute:importAllArts",
         "9764533040208489797"],
        ["LogosLibrary.QuantumMechanics.SpectralTheory.ResolventRoute.ResolventKernel transitive imports (legacy)",
         "6928746983701487826"],
        ["LogosLibrary.QuantumMechanics.SpectralTheory.ResolventRoute.ResolventKernel:importAllArts",
         "14289266565751520543"],
        ["LogosLibrary.QuantumMechanics.SpectralTheory.ResolventRoute.SpectralRepresentation transitive imports (legacy)",
         "8235016831277581102"],
        ["LogosLibrary.QuantumMechanics.SpectralTheory.ResolventRoute.SpectralRepresentation:importAllArts",
         "16885736082458265029"],
        ["LogosLibrary.QuantumMechanics.SpectralTheory.ResolventRoute.StieltjesInversion transitive imports (legacy)",
         "11345135220323414586"],
        ["LogosLibrary.QuantumMechanics.SpectralTheory.ResolventRoute.StieltjesInversion:importAllArts",
         "12036149941340722575"],
        ["LogosLibrary.QuantumMechanics.SpectralTheory.ResolventRoute.StonesFormula transitive imports (legacy)",
         "11345135220323414586"],
        ["LogosLibrary.QuantumMechanics.SpectralTheory.ResolventRoute.StonesFormula:importAllArts",
         "3304312284323548522"],
        ["LogosLibrary.QuantumMechanics.Uncertainty.Heisenberg transitive imports (legacy)",
         "5056089147768047844"],
        ["LogosLibrary.QuantumMechanics.Uncertainty.Heisenberg:importAllArts",
         "14853765436406465461"],
        ["LogosLibrary.QuantumMechanics.Uncertainty.Robertson transitive imports (legacy)",
         "6957688620317366135"],
        ["LogosLibrary.QuantumMechanics.Uncertainty.Robertson:importAllArts",
         "4839344852166641958"],
        ["LogosLibrary.QuantumMechanics.Uncertainty.Schrodinger transitive imports (legacy)",
         "2963237491912429268"],
        ["LogosLibrary.QuantumMechanics.Uncertainty.Schrodinger:importAllArts",
         "2094652233600582749"],
        ["LogosLibrary.QuantumMechanics.Uncertainty.UnboundedOperators transitive imports (legacy)",
         "587928058124601165"],
        ["LogosLibrary.QuantumMechanics.Uncertainty.UnboundedOperators:importAllArts",
         "15852183429388521184"],
        ["LogosLibrary.QuantumMechanics.UnitaryEvo.Bochner transitive imports (legacy)",
         "5233088576359916078"],
        ["LogosLibrary.QuantumMechanics.UnitaryEvo.Bochner:importAllArts",
         "14388547166058745223"],
        ["LogosLibrary.QuantumMechanics.UnitaryEvo.Bochner.Basic transitive imports (legacy)",
         "10884688675696386979"],
        ["LogosLibrary.QuantumMechanics.UnitaryEvo.Bochner.Basic:importAllArts",
         "17275418542087170262"],
        ["LogosLibrary.QuantumMechanics.UnitaryEvo.Bochner.Domain transitive imports (legacy)",
         "18030674149051731268"],
        ["LogosLibrary.QuantumMechanics.UnitaryEvo.Bochner.Domain:importAllArts",
         "5915575082716678395"],
        ["LogosLibrary.QuantumMechanics.UnitaryEvo.Bochner.Limits transitive imports (legacy)",
         "16894671346027961887"],
        ["LogosLibrary.QuantumMechanics.UnitaryEvo.Bochner.Limits:importAllArts",
         "941488048644482462"],
        ["LogosLibrary.QuantumMechanics.UnitaryEvo.Bochner.Limits.Helpers transitive imports (legacy)",
         "15251068921824129147"],
        ["LogosLibrary.QuantumMechanics.UnitaryEvo.Bochner.Limits.Helpers:importAllArts",
         "907958266915826001"],
        ["LogosLibrary.QuantumMechanics.UnitaryEvo.Bochner.Limits.Minus transitive imports (legacy)",
         "2311497440298535752"],
        ["LogosLibrary.QuantumMechanics.UnitaryEvo.Bochner.Limits.Minus:importAllArts",
         "11928708973125516923"],
        ["LogosLibrary.QuantumMechanics.UnitaryEvo.Bochner.Limits.Plus transitive imports (legacy)",
         "2311497440298535752"],
        ["LogosLibrary.QuantumMechanics.UnitaryEvo.Bochner.Limits.Plus:importAllArts",
         "16049042756001522598"],
        ["LogosLibrary.QuantumMechanics.UnitaryEvo.Bochner.Resolvent transitive imports (legacy)",
         "12806124201497417944"],
        ["LogosLibrary.QuantumMechanics.UnitaryEvo.Bochner.Resolvent:importAllArts",
         "2402980501388354780"],
        ["LogosLibrary.QuantumMechanics.UnitaryEvo.Generator transitive imports (legacy)",
         "10708018659380935608"],
        ["LogosLibrary.QuantumMechanics.UnitaryEvo.Generator:importAllArts",
         "14188173718698817739"],
        ["LogosLibrary.QuantumMechanics.UnitaryEvo.Resolvent transitive imports (legacy)",
         "9293392869134053236"],
        ["LogosLibrary.QuantumMechanics.UnitaryEvo.Resolvent:importAllArts",
         "4499315234291938745"],
        ["LogosLibrary.QuantumMechanics.UnitaryEvo.Resolvent.Analytic transitive imports (legacy)",
         "4300281778730220312"],
        ["LogosLibrary.QuantumMechanics.UnitaryEvo.Resolvent.Analytic:importAllArts",
         "84496167502681288"],
        ["LogosLibrary.QuantumMechanics.UnitaryEvo.Resolvent.Basic transitive imports (legacy)",
         "405023513067983387"],
        ["LogosLibrary.QuantumMechanics.UnitaryEvo.Resolvent.Basic:importAllArts",
         "9545624798807248958"],
        ["LogosLibrary.QuantumMechanics.UnitaryEvo.Resolvent.Core transitive imports (legacy)",
         "9054642832493690278"],
        ["LogosLibrary.QuantumMechanics.UnitaryEvo.Resolvent.Core:importAllArts",
         "13696508296826218732"],
        ["LogosLibrary.QuantumMechanics.UnitaryEvo.Resolvent.Identities transitive imports (legacy)",
         "14461765567877399103"],
        ["LogosLibrary.QuantumMechanics.UnitaryEvo.Resolvent.Identities:importAllArts",
         "14514476027267986905"],
        ["LogosLibrary.QuantumMechanics.UnitaryEvo.Resolvent.LowerBound transitive imports (legacy)",
         "7599373695201186592"],
        ["LogosLibrary.QuantumMechanics.UnitaryEvo.Resolvent.LowerBound:importAllArts",
         "340352402122242988"],
        ["LogosLibrary.QuantumMechanics.UnitaryEvo.Resolvent.NormExpansion transitive imports (legacy)",
         "7599373695201186592"],
        ["LogosLibrary.QuantumMechanics.UnitaryEvo.Resolvent.NormExpansion:importAllArts",
         "8183486791348374749"],
        ["LogosLibrary.QuantumMechanics.UnitaryEvo.Resolvent.Range transitive imports (legacy)",
         "13248798481740412672"],
        ["LogosLibrary.QuantumMechanics.UnitaryEvo.Resolvent.Range:importAllArts",
         "602218235088604263"],
        ["LogosLibrary.QuantumMechanics.UnitaryEvo.Resolvent.Range.ClosedRange transitive imports (legacy)",
         "17150713256884551137"],
        ["LogosLibrary.QuantumMechanics.UnitaryEvo.Resolvent.Range.ClosedRange:importAllArts",
         "8407398245859236832"],
        ["LogosLibrary.QuantumMechanics.UnitaryEvo.Resolvent.Range.Orthogonal transitive imports (legacy)",
         "9161237056164146152"],
        ["LogosLibrary.QuantumMechanics.UnitaryEvo.Resolvent.Range.Orthogonal:importAllArts",
         "5686867060551552269"],
        ["LogosLibrary.QuantumMechanics.UnitaryEvo.Resolvent.Range.Surjectivity transitive imports (legacy)",
         "54108729106767607"],
        ["LogosLibrary.QuantumMechanics.UnitaryEvo.Resolvent.Range.Surjectivity:importAllArts",
         "6157505836195772504"],
        ["LogosLibrary.QuantumMechanics.UnitaryEvo.Resolvent.SpecialCases transitive imports (legacy)",
         "1417281857459000434"],
        ["LogosLibrary.QuantumMechanics.UnitaryEvo.Resolvent.SpecialCases:importAllArts",
         "965905641130295230"],
        ["LogosLibrary.QuantumMechanics.UnitaryEvo.Schrodinger transitive imports (legacy)",
         "14934920346203747088"],
        ["LogosLibrary.QuantumMechanics.UnitaryEvo.Schrodinger:importAllArts",
         "10789315515897728599"],
        ["LogosLibrary.QuantumMechanics.UnitaryEvo.Stone transitive imports (legacy)",
         "17998649808537577631"],
        ["LogosLibrary.QuantumMechanics.UnitaryEvo.Stone:importAllArts",
         "2467058193193516253"],
        ["LogosLibrary.QuantumMechanics.UnitaryEvo.Yosida transitive imports (legacy)",
         "706146199954763200"],
        ["LogosLibrary.QuantumMechanics.UnitaryEvo.Yosida:importAllArts",
         "8457179476526606989"],
        ["LogosLibrary.QuantumMechanics.UnitaryEvo.Yosida.Basic transitive imports (legacy)",
         "8865986292946302882"],
        ["LogosLibrary.QuantumMechanics.UnitaryEvo.Yosida.Basic:importAllArts",
         "5978234577899729410"],
        ["LogosLibrary.QuantumMechanics.UnitaryEvo.Yosida.Bounds transitive imports (legacy)",
         "16291310743685007118"],
        ["LogosLibrary.QuantumMechanics.UnitaryEvo.Yosida.Bounds:importAllArts",
         "1380539724074072924"],
        ["LogosLibrary.QuantumMechanics.UnitaryEvo.Yosida.Convergence transitive imports (legacy)",
         "1175238311658891332"],
        ["LogosLibrary.QuantumMechanics.UnitaryEvo.Yosida.Convergence:importAllArts",
         "11139631666208842171"],
        ["LogosLibrary.QuantumMechanics.UnitaryEvo.Yosida.Convergence.Approximants transitive imports (legacy)",
         "16967582135489310558"],
        ["LogosLibrary.QuantumMechanics.UnitaryEvo.Yosida.Convergence.Approximants:importAllArts",
         "14508104864842497185"],
        ["LogosLibrary.QuantumMechanics.UnitaryEvo.Yosida.Convergence.JNegOperator transitive imports (legacy)",
         "13765963777513706325"],
        ["LogosLibrary.QuantumMechanics.UnitaryEvo.Yosida.Convergence.JNegOperator:importAllArts",
         "919975247727861767"],
        ["LogosLibrary.QuantumMechanics.UnitaryEvo.Yosida.Convergence.JOperator transitive imports (legacy)",
         "6215854059956734147"],
        ["LogosLibrary.QuantumMechanics.UnitaryEvo.Yosida.Convergence.JOperator:importAllArts",
         "2348685709927700162"],
        ["LogosLibrary.QuantumMechanics.UnitaryEvo.Yosida.Defs transitive imports (legacy)",
         "18201504498217378109"],
        ["LogosLibrary.QuantumMechanics.UnitaryEvo.Yosida.Defs:importAllArts",
         "8689007922131407715"],
        ["LogosLibrary.QuantumMechanics.UnitaryEvo.Yosida.Duhamel transitive imports (legacy)",
         "4792059259893263626"],
        ["LogosLibrary.QuantumMechanics.UnitaryEvo.Yosida.Duhamel:importAllArts",
         "17547429827900982830"],
        ["LogosLibrary.QuantumMechanics.UnitaryEvo.Yosida.Duhamel.Commutation transitive imports (legacy)",
         "14099339133882205663"],
        ["LogosLibrary.QuantumMechanics.UnitaryEvo.Yosida.Duhamel.Commutation:importAllArts",
         "17399127415884727735"],
        ["LogosLibrary.QuantumMechanics.UnitaryEvo.Yosida.Duhamel.Estimate transitive imports (legacy)",
         "16103346659097448318"],
        ["LogosLibrary.QuantumMechanics.UnitaryEvo.Yosida.Duhamel.Estimate:importAllArts",
         "5433868127923396218"],
        ["LogosLibrary.QuantumMechanics.UnitaryEvo.Yosida.Duhamel.Formula transitive imports (legacy)",
         "6910430547973858734"],
        ["LogosLibrary.QuantumMechanics.UnitaryEvo.Yosida.Duhamel.Formula:importAllArts",
         "15572981536527714895"],
        ["LogosLibrary.QuantumMechanics.UnitaryEvo.Yosida.Duhamel.Helpers transitive imports (legacy)",
         "14983458620927154027"],
        ["LogosLibrary.QuantumMechanics.UnitaryEvo.Yosida.Duhamel.Helpers:importAllArts",
         "14110814620736052957"],
        ["LogosLibrary.QuantumMechanics.UnitaryEvo.Yosida.ExpBounded transitive imports (legacy)",
         "14983458620927154027"],
        ["LogosLibrary.QuantumMechanics.UnitaryEvo.Yosida.ExpBounded:importAllArts",
         "9692913560621779055"],
        ["LogosLibrary.QuantumMechanics.UnitaryEvo.Yosida.ExpBounded.Adjoint transitive imports (legacy)",
         "15992532116683382852"],
        ["LogosLibrary.QuantumMechanics.UnitaryEvo.Yosida.ExpBounded.Adjoint:importAllArts",
         "14210233898945520901"],
        ["LogosLibrary.QuantumMechanics.UnitaryEvo.Yosida.ExpBounded.Basic transitive imports (legacy)",
         "16834333848915350569"],
        ["LogosLibrary.QuantumMechanics.UnitaryEvo.Yosida.ExpBounded.Basic:importAllArts",
         "11739151640243435923"],
        ["LogosLibrary.QuantumMechanics.UnitaryEvo.Yosida.ExpBounded.Unitary transitive imports (legacy)",
         "17123814343081314357"],
        ["LogosLibrary.QuantumMechanics.UnitaryEvo.Yosida.ExpBounded.Unitary:importAllArts",
         "18170062560132103577"],
        ["LogosLibrary.QuantumMechanics.UnitaryEvo.Yosida.Exponential transitive imports (legacy)",
         "13517873331076377586"],
        ["LogosLibrary.QuantumMechanics.UnitaryEvo.Yosida.Exponential:importAllArts",
         "3026226443344379186"],
        ["LogosLibrary.QuantumMechanics.UnitaryEvo.Yosida.Symmetry transitive imports (legacy)",
         "500053858016831172"],
        ["LogosLibrary.QuantumMechanics.UnitaryEvo.Yosida.Symmetry:importAllArts",
         "8380099432042034229"]]]]],
    ["libs",
     [["import dynlibs", "1723"],
      ["package external libraries", "1723"],
      ["module dynlibs", "1723"],
      ["module plugins", "1723"]]]]],
  ["Lean 4.23.0, commit ad1a017949674a947f0d6794cbf7130d642c6530",
   "2372534101328293747"],
  ["/Users/augustusthwack/Desktop/Logos_Library/LogosLibrary/QuantumMechanics.lean",
   "6880406854896956414"],
  ["options", "1723"],
  ["Module.leanArgs: #[]", "1723"]],
 "depHash": "8635280409482335604"}