{"synthetic": false,
 "outputs":
 {"o": ["14190274446805101046"],
  "i": "2430933292790654719",
  "c": "1635704605757422344"},
 "log":
 [{"message":
   ".> LEAN_PATH=/Users/augustusthwack/Desktop/Logos_Library/.lake/packages/Cli/.lake/build/lib/lean:/Users/augustusthwack/Desktop/Logos_Library/.lake/packages/batteries/.lake/build/lib/lean:/Users/augustusthwack/Desktop/Logos_Library/.lake/packages/Qq/.lake/build/lib/lean:/Users/augustusthwack/Desktop/Logos_Library/.lake/packages/aesop/.lake/build/lib/lean:/Users/augustusthwack/Desktop/Logos_Library/.lake/packages/proofwidgets/.lake/build/lib/lean:/Users/augustusthwack/Desktop/Logos_Library/.lake/packages/importGraph/.lake/build/lib/lean:/Users/augustusthwack/Desktop/Logos_Library/.lake/packages/LeanSearchClient/.lake/build/lib/lean:/Users/augustusthwack/Desktop/Logos_Library/.lake/packages/plausible/.lake/build/lib/lean:/Users/augustusthwack/Desktop/Logos_Library/.lake/packages/mathlib/.lake/build/lib/lean:/Users/augustusthwack/Desktop/Logos_Library/.lake/build/lib/lean /Users/augustusthwack/.elan/toolchains/leanprover--lean4---v4.23.0-rc2/bin/lean /Users/augustusthwack/Desktop/Logos_Library/LogosLibrary/Relativity.lean -o /Users/augustusthwack/Desktop/Logos_Library/.lake/build/lib/lean/LogosLibrary/Relativity.olean -i /Users/augustusthwack/Desktop/Logos_Library/.lake/build/lib/lean/LogosLibrary/Relativity.ilean -c /Users/augustusthwack/Desktop/Logos_Library/.lake/build/ir/LogosLibrary/Relativity.c --setup /Users/augustusthwack/Desktop/Logos_Library/.lake/build/ir/LogosLibrary/Relativity.setup.json --json",
   "level": "trace"}],
 "inputs":
 [["LogosLibrary.Relativity:deps",
   [["deps",
     [["logos_library/LogosLibrary:extraDep",
       [["@logos_library:extraDep", "1723"]]],
      ["imports",
       [["LogosLibrary.Relativity.GR.KerrMetric transitive imports (legacy)",
         "1865261396039013733"],
        ["LogosLibrary.Relativity.GR.KerrMetric:importAllArts",
         "15697786357500825968"],
        ["LogosLibrary.Relativity.GR.SdS.Bornemann transitive imports (legacy)",
         "7292830084051763879"],
        ["LogosLibrary.Relativity.GR.SdS.Bornemann:importAllArts",
         "6229973168044141057"],
        ["LogosLibrary.Relativity.SR.MinkowskiSpacetime transitive imports (legacy)",
         "8866376394673669804"],
        ["LogosLibrary.Relativity.SR.MinkowskiSpacetime:importAllArts",
         "14900741984102918582"],
        ["LogosLibrary.Relativity.Thermodynamics.Jacobson transitive imports (legacy)",
         "14030541746996575468"],
        ["LogosLibrary.Relativity.Thermodynamics.Jacobson:importAllArts",
         "12286417247008755636"],
        ["LogosLibrary.Relativity.Thermodynamics.Ott transitive imports (legacy)",
         "4286586866383477876"],
        ["LogosLibrary.Relativity.Thermodynamics.Ott:importAllArts",
         "6947080763949048880"],
        ["LogosLibrary.Relativity.Thermodynamics.ConnesRovelli transitive imports (legacy)",
         "14030541746996575468"],
        ["LogosLibrary.Relativity.Thermodynamics.ConnesRovelli:importAllArts",
         "15419647272739814458"]]]]],
    ["libs",
     [["import dynlibs", "1723"],
      ["package external libraries", "1723"],
      ["module dynlibs", "1723"],
      ["module plugins", "1723"]]]]],
  ["Lean 4.23.0, commit ad1a017949674a947f0d6794cbf7130d642c6530",
   "2372534101328293747"],
  ["/Users/augustusthwack/Desktop/Logos_Library/LogosLibrary/Relativity.lean",
   "17161365851665847463"],
  ["options", "1723"],
  ["Module.leanArgs: #[]", "1723"]],
 "depHash": "2521780780025546098"}