{"synthetic": false,
 "outputs":
 {"o": ["13849374693242123628"],
  "i": "9279913162676716473",
  "c": "7161327444282862389"},
 "log":
 [{"message":
   ".> LEAN_PATH=/Users/augustusthwack/Desktop/Logos_Library/.lake/packages/Cli/.lake/build/lib/lean:/Users/augustusthwack/Desktop/Logos_Library/.lake/packages/batteries/.lake/build/lib/lean:/Users/augustusthwack/Desktop/Logos_Library/.lake/packages/Qq/.lake/build/lib/lean:/Users/augustusthwack/Desktop/Logos_Library/.lake/packages/aesop/.lake/build/lib/lean:/Users/augustusthwack/Desktop/Logos_Library/.lake/packages/proofwidgets/.lake/build/lib/lean:/Users/augustusthwack/Desktop/Logos_Library/.lake/packages/importGraph/.lake/build/lib/lean:/Users/augustusthwack/Desktop/Logos_Library/.lake/packages/LeanSearchClient/.lake/build/lib/lean:/Users/augustusthwack/Desktop/Logos_Library/.lake/packages/plausible/.lake/build/lib/lean:/Users/augustusthwack/Desktop/Logos_Library/.lake/packages/mathlib/.lake/build/lib/lean:/Users/augustusthwack/Desktop/Logos_Library/.lake/build/lib/lean /Users/augustusthwack/.elan/toolchains/leanprover--lean4---v4.23.0-rc2/bin/lean /Users/augustusthwack/Desktop/Logos_Library/LogosLibrary/Superior.lean -o /Users/augustusthwack/Desktop/Logos_Library/.lake/build/lib/lean/LogosLibrary/Superior.olean -i /Users/augustusthwack/Desktop/Logos_Library/.lake/build/lib/lean/LogosLibrary/Superior.ilean -c /Users/augustusthwack/Desktop/Logos_Library/.lake/build/ir/LogosLibrary/Superior.c --setup /Users/augustusthwack/Desktop/Logos_Library/.lake/build/ir/LogosLibrary/Superior.setup.json --json",
   "level": "trace"}],
 "inputs":
 [["LogosLibrary.Superior:deps",
   [["deps",
     [["logos_library/LogosLibrary:extraDep",
       [["@logos_library:extraDep", "1723"]]],
      ["imports",
       [["LogosLibrary.Basic transitive imports (legacy)", "1723"],
        ["LogosLibrary.Basic:importAllArts", "15223126790033286920"],
        ["LogosLibrary.Superior.Bridges.Knots.HopfTowerKnot transitive imports (legacy)",
         "16719036304170912207"],
        ["LogosLibrary.Superior.Bridges.Knots.HopfTowerKnot:importAllArts",
         "6139698486097588458"],
        ["LogosLibrary.Superior.Bridges.Knots.MinimumKnot transitive imports (legacy)",
         "3092635995521924785"],
        ["LogosLibrary.Superior.Bridges.Knots.MinimumKnot:importAllArts",
         "15609422136901939784"],
        ["LogosLibrary.Superior.Bridges.SpectralBridge transitive imports (legacy)",
         "6079849843267026290"],
        ["LogosLibrary.Superior.Bridges.SpectralBridge:importAllArts",
         "2382717245547095190"],
        ["LogosLibrary.Superior.GeometricUnity.CliffordPeriodicity transitive imports (legacy)",
         "3483964166629844736"],
        ["LogosLibrary.Superior.GeometricUnity.CliffordPeriodicity:importAllArts",
         "5209781512777922955"],
        ["LogosLibrary.Superior.GeometricUnity.ComputingLambda transitive imports (legacy)",
         "17211901466610213755"],
        ["LogosLibrary.Superior.GeometricUnity.ComputingLambda:importAllArts",
         "6646083824013628978"],
        ["LogosLibrary.Superior.GeometricUnity.MetricBundle transitive imports (legacy)",
         "3483964166629844736"],
        ["LogosLibrary.Superior.GeometricUnity.MetricBundle:importAllArts",
         "1423470351436313655"],
        ["LogosLibrary.Superior.GeometricUnity.ObserverseLagrangian transitive imports (legacy)",
         "17211901466610213755"],
        ["LogosLibrary.Superior.GeometricUnity.ObserverseLagrangian:importAllArts",
         "7981474019682826940"],
        ["LogosLibrary.Superior.GeometricUnity.ShiabOperator transitive imports (legacy)",
         "17211901466610213755"],
        ["LogosLibrary.Superior.GeometricUnity.ShiabOperator:importAllArts",
         "13314568770308171924"],
        ["LogosLibrary.Superior.NanoThermo transitive imports (legacy)",
         "13689149975705911"],
        ["LogosLibrary.Superior.NanoThermo:importAllArts",
         "8199080239590599715"],
        ["LogosLibrary.Superior.NanoThermo.Biconditional transitive imports (legacy)",
         "3425739070968038981"],
        ["LogosLibrary.Superior.NanoThermo.Biconditional:importAllArts",
         "2994122450086657180"],
        ["LogosLibrary.Superior.NanoThermo.Definition transitive imports (legacy)",
         "15062751165923372949"],
        ["LogosLibrary.Superior.NanoThermo.Definition:importAllArts",
         "1411706719762872254"],
        ["LogosLibrary.Superior.NanoThermo.Limits transitive imports (legacy)",
         "3425739070968038981"],
        ["LogosLibrary.Superior.NanoThermo.Limits:importAllArts",
         "11085352029458177150"],
        ["LogosLibrary.Superior.NanoThermo.Monotonicity transitive imports (legacy)",
         "3425739070968038981"],
        ["LogosLibrary.Superior.NanoThermo.Monotonicity:importAllArts",
         "12268687493523536136"],
        ["LogosLibrary.Superior.NanoThermo.PageCurve transitive imports (legacy)",
         "3425739070968038981"],
        ["LogosLibrary.Superior.NanoThermo.PageCurve:importAllArts",
         "14340583868261890999"],
        ["LogosLibrary.Superior.ObjectiveReduction.ChemicalMeasurement transitive imports (legacy)",
         "15972693358203557225"],
        ["LogosLibrary.Superior.ObjectiveReduction.ChemicalMeasurement:importAllArts",
         "4301837100210787334"],
        ["LogosLibrary.Superior.ObjectiveReduction.CProcess transitive imports (legacy)",
         "12821148810062266558"],
        ["LogosLibrary.Superior.ObjectiveReduction.CProcess:importAllArts",
         "16586663354030148619"],
        ["LogosLibrary.Superior.ObjectiveReduction.EProcess transitive imports (legacy)",
         "12736763818795146964"],
        ["LogosLibrary.Superior.ObjectiveReduction.EProcess:importAllArts",
         "17812642418852173200"],
        ["LogosLibrary.Superior.ShapeDynamics.EntropicTime transitive imports (legacy)",
         "4043190658673115515"],
        ["LogosLibrary.Superior.ShapeDynamics.EntropicTime:importAllArts",
         "13956881597367956134"],
        ["LogosLibrary.Superior.ShapeDynamics.ModularFlow transitive imports (legacy)",
         "7518411689789449214"],
        ["LogosLibrary.Superior.ShapeDynamics.ModularFlow:importAllArts",
         "18395977580983872705"],
        ["LogosLibrary.Superior.ShapeDynamics.Quintet transitive imports (legacy)",
         "4043190658673115515"],
        ["LogosLibrary.Superior.ShapeDynamics.Quintet:importAllArts",
         "17951870062521984266"],
        ["LogosLibrary.Superior.ShapeDynamics.Synthesis transitive imports (legacy)",
         "18344182280131958400"],
        ["LogosLibrary.Superior.ShapeDynamics.Synthesis:importAllArts",
         "1102783752513459526"],
        ["LogosLibrary.Superior.SpectralTriples.ConcreteSpectrum transitive imports (legacy)",
         "508111680812110085"],
        ["LogosLibrary.Superior.SpectralTriples.ConcreteSpectrum:importAllArts",
         "4223329080524253492"],
        ["LogosLibrary.Superior.SpectralTriples.ProductGeometry transitive imports (legacy)",
         "8521603274281864131"],
        ["LogosLibrary.Superior.SpectralTriples.ProductGeometry:importAllArts",
         "7717661555685876309"],
        ["LogosLibrary.Superior.SpectralTriples.SpectralAction transitive imports (legacy)",
         "12235162313041332741"],
        ["LogosLibrary.Superior.SpectralTriples.SpectralAction:importAllArts",
         "11707858963517292598"],
        ["LogosLibrary.Superior.SpectralTriples.SpectralDefs transitive imports (legacy)",
         "9178621368509886732"],
        ["LogosLibrary.Superior.SpectralTriples.SpectralDefs:importAllArts",
         "11071006069398219661"],
        ["LogosLibrary.Superior.SplitMechanics.BohmianMech transitive imports (legacy)",
         "13637381591358444108"],
        ["LogosLibrary.Superior.SplitMechanics.BohmianMech:importAllArts",
         "10534328765822535658"],
        ["LogosLibrary.Superior.SplitMechanics.ItFromSplit transitive imports (legacy)",
         "15085603911067809610"],
        ["LogosLibrary.Superior.SplitMechanics.ItFromSplit:importAllArts",
         "15853412466258062209"],
        ["LogosLibrary.Superior.SplitMechanics.BellsTheorem.ThermalBell transitive imports (legacy)",
         "6216292324055219054"],
        ["LogosLibrary.Superior.SplitMechanics.BellsTheorem.ThermalBell:importAllArts",
         "16278663086651212398"],
        ["LogosLibrary.Superior.SplitMechanics.BellsTheorem.ThermalBell.AsymmetricTemp transitive imports (legacy)",
         "7287069961833106998"],
        ["LogosLibrary.Superior.SplitMechanics.BellsTheorem.ThermalBell.AsymmetricTemp:importAllArts",
         "13694205228535400953"],
        ["LogosLibrary.Superior.SplitMechanics.BellsTheorem.ThermalBell.DualityStructure transitive imports (legacy)",
         "8942257821517793541"],
        ["LogosLibrary.Superior.SplitMechanics.BellsTheorem.ThermalBell.DualityStructure:importAllArts",
         "13519787942980019797"],
        ["LogosLibrary.Superior.SplitMechanics.BellsTheorem.ThermalBell.HiddenStructure transitive imports (legacy)",
         "4463987971439861098"],
        ["LogosLibrary.Superior.SplitMechanics.BellsTheorem.ThermalBell.HiddenStructure:importAllArts",
         "14724879502360238600"],
        ["LogosLibrary.Superior.SplitMechanics.BellsTheorem.ThermalBell.NoSignaling transitive imports (legacy)",
         "7264478689677252040"],
        ["LogosLibrary.Superior.SplitMechanics.BellsTheorem.ThermalBell.NoSignaling:importAllArts",
         "9765449890637569537"],
        ["LogosLibrary.Superior.SplitMechanics.BellsTheorem.ThermalBell.OptimalBudget transitive imports (legacy)",
         "16455391094314588866"],
        ["LogosLibrary.Superior.SplitMechanics.BellsTheorem.ThermalBell.OptimalBudget:importAllArts",
         "12897434369414149485"],
        ["LogosLibrary.Superior.SplitMechanics.BellsTheorem.ThermalBell.OriginOfEight transitive imports (legacy)",
         "7287069961833106998"],
        ["LogosLibrary.Superior.SplitMechanics.BellsTheorem.ThermalBell.OriginOfEight:importAllArts",
         "11362704143723919833"],
        ["LogosLibrary.Superior.SplitMechanics.BellsTheorem.ThermalBell.Pointwise transitive imports (legacy)",
         "16533033699305411201"],
        ["LogosLibrary.Superior.SplitMechanics.BellsTheorem.ThermalBell.Pointwise:importAllArts",
         "12905407368002532633"],
        ["LogosLibrary.Superior.SplitMechanics.BellsTheorem.ThermalBell.PRBox transitive imports (legacy)",
         "7287069961833106998"],
        ["LogosLibrary.Superior.SplitMechanics.BellsTheorem.ThermalBell.PRBox:importAllArts",
         "8839174963319998018"],
        ["LogosLibrary.Superior.SplitMechanics.BellsTheorem.ThermalBell.QuantumCompatible transitive imports (legacy)",
         "7287069961833106998"],
        ["LogosLibrary.Superior.SplitMechanics.BellsTheorem.ThermalBell.QuantumCompatible:importAllArts",
         "16602588377551845116"],
        ["LogosLibrary.Superior.SplitMechanics.BellsTheorem.ThermalBell.SequentialMeasurements transitive imports (legacy)",
         "7287069961833106998"],
        ["LogosLibrary.Superior.SplitMechanics.BellsTheorem.ThermalBell.SequentialMeasurements:importAllArts",
         "15633885030980560773"],
        ["LogosLibrary.Superior.SplitMechanics.BellsTheorem.ThermalBell.SharedEnBudget transitive imports (legacy)",
         "7287069961833106998"],
        ["LogosLibrary.Superior.SplitMechanics.BellsTheorem.ThermalBell.SharedEnBudget:importAllArts",
         "16851531244398966649"],
        ["LogosLibrary.Superior.SplitMechanics.BellsTheorem.TLHV transitive imports (legacy)",
         "15873137194299575201"],
        ["LogosLibrary.Superior.SplitMechanics.BellsTheorem.TLHV:importAllArts",
         "6534340053614719539"],
        ["LogosLibrary.Superior.SplitMechanics.BellsTheorem.TLHV.CriticalQuestions transitive imports (legacy)",
         "939792229185368400"],
        ["LogosLibrary.Superior.SplitMechanics.BellsTheorem.TLHV.CriticalQuestions:importAllArts",
         "1078737503674779449"],
        ["LogosLibrary.Superior.SplitMechanics.BellsTheorem.TLHV.Decomp transitive imports (legacy)",
         "13192168367140847838"],
        ["LogosLibrary.Superior.SplitMechanics.BellsTheorem.TLHV.Decomp:importAllArts",
         "9673809145210668920"],
        ["LogosLibrary.Superior.SplitMechanics.BellsTheorem.TLHV.Measurement transitive imports (legacy)",
         "4394016879565608896"],
        ["LogosLibrary.Superior.SplitMechanics.BellsTheorem.TLHV.Measurement:importAllArts",
         "6920891641315442507"],
        ["LogosLibrary.Superior.SplitMechanics.BellsTheorem.TLHV.Reduction transitive imports (legacy)",
         "10069579954382886782"],
        ["LogosLibrary.Superior.SplitMechanics.BellsTheorem.TLHV.Reduction:importAllArts",
         "15791338485987817005"],
        ["LogosLibrary.Superior.SplitMechanics.BellsTheorem.TLHV.SettingDependent transitive imports (legacy)",
         "6601323914885665098"],
        ["LogosLibrary.Superior.SplitMechanics.BellsTheorem.TLHV.SettingDependent:importAllArts",
         "2673641104034797192"],
        ["LogosLibrary.Superior.SplitMechanics.BellsTheorem.TLHV.Summary transitive imports (legacy)",
         "13612478500434796617"],
        ["LogosLibrary.Superior.SplitMechanics.BellsTheorem.TLHV.Summary:importAllArts",
         "14192539506392342679"],
        ["LogosLibrary.Superior.SplitMechanics.BellsTheorem.TLHV.ThermalDictionary transitive imports (legacy)",
         "15922770555905065725"],
        ["LogosLibrary.Superior.SplitMechanics.BellsTheorem.TLHV.ThermalDictionary:importAllArts",
         "13840273084250516721"],
        ["LogosLibrary.Superior.SplitMechanics.BellsTheorem.OtherInequalities.CGLMP transitive imports (legacy)",
         "3840918506598508447"],
        ["LogosLibrary.Superior.SplitMechanics.BellsTheorem.OtherInequalities.CGLMP:importAllArts",
         "13431500957734114457"],
        ["LogosLibrary.Superior.SplitMechanics.BellsTheorem.OtherInequalities.KCBS transitive imports (legacy)",
         "3840918506598508447"],
        ["LogosLibrary.Superior.SplitMechanics.BellsTheorem.OtherInequalities.KCBS:importAllArts",
         "17858822561386033905"],
        ["LogosLibrary.Superior.SplitMechanics.BellsTheorem.OtherInequalities.LeggettGarg transitive imports (legacy)",
         "5306019332341918254"],
        ["LogosLibrary.Superior.SplitMechanics.BellsTheorem.OtherInequalities.LeggettGarg:importAllArts",
         "7322324346967556985"],
        ["LogosLibrary.Superior.SplitMechanics.BellsTheorem.OtherInequalities.Qutrit transitive imports (legacy)",
         "3930763136231288265"],
        ["LogosLibrary.Superior.SplitMechanics.BellsTheorem.OtherInequalities.Qutrit:importAllArts",
         "10209820366208067659"],
        ["LogosLibrary.Superior.SplitMechanics.BellsTheorem.OtherInequalities.ThermMerm transitive imports (legacy)",
         "10762284813362223926"],
        ["LogosLibrary.Superior.SplitMechanics.BellsTheorem.OtherInequalities.ThermMerm:importAllArts",
         "5525532242202101636"],
        ["LogosLibrary.Superior.SplitMechanics.BellsTheorem.OtherInequalities.Unity transitive imports (legacy)",
         "1898058628198621374"],
        ["LogosLibrary.Superior.SplitMechanics.BellsTheorem.OtherInequalities.Unity:importAllArts",
         "11312308668176575362"],
        ["LogosLibrary.Superior.Strings transitive imports (legacy)",
         "2330550271335849471"],
        ["LogosLibrary.Superior.Strings:importAllArts", "720091570432035813"],
        ["LogosLibrary.Superior.Strings.Basic transitive imports (legacy)",
         "16403080239662103363"],
        ["LogosLibrary.Superior.Strings.Basic:importAllArts",
         "8469384145194761588"],
        ["LogosLibrary.Superior.Strings.Quaternion transitive imports (legacy)",
         "8016703623776313095"],
        ["LogosLibrary.Superior.Strings.Quaternion:importAllArts",
         "5893082165956698346"],
        ["LogosLibrary.Superior.Strings.Synthesis transitive imports (legacy)",
         "12625373204849308179"],
        ["LogosLibrary.Superior.Strings.Synthesis:importAllArts",
         "16680568852863475935"],
        ["LogosLibrary.Superior.Strings.Thermal transitive imports (legacy)",
         "12127312482109120038"],
        ["LogosLibrary.Superior.Strings.Thermal:importAllArts",
         "14981861024627435103"],
        ["LogosLibrary.Superior.Strings.Topology transitive imports (legacy)",
         "11077615293359131511"],
        ["LogosLibrary.Superior.Strings.Topology:importAllArts",
         "17514049169531513747"],
        ["LogosLibrary.Superior.ThermalTime transitive imports (legacy)",
         "4026292835476366750"],
        ["LogosLibrary.Superior.ThermalTime:importAllArts",
         "8242859046379071592"],
        ["LogosLibrary.Superior.ThermalTime.Basic transitive imports (legacy)",
         "13321086739222866377"],
        ["LogosLibrary.Superior.ThermalTime.Basic:importAllArts",
         "1898067414926233710"],
        ["LogosLibrary.Superior.ThermalTime.Consistency transitive imports (legacy)",
         "15289564896638238167"],
        ["LogosLibrary.Superior.ThermalTime.Consistency:importAllArts",
         "18155764594578811687"],
        ["LogosLibrary.Superior.ThermalTime.InfoTheory transitive imports (legacy)",
         "2465946047364685411"],
        ["LogosLibrary.Superior.ThermalTime.InfoTheory:importAllArts",
         "1943298611750998752"],
        ["LogosLibrary.Superior.ThermalTime.Measurement transitive imports (legacy)",
         "15289564896638238167"],
        ["LogosLibrary.Superior.ThermalTime.Measurement:importAllArts",
         "11662914003755832331"],
        ["LogosLibrary.Superior.YangMills transitive imports (legacy)",
         "1273196831237458467"],
        ["LogosLibrary.Superior.YangMills:importAllArts",
         "4297122704441551680"],
        ["LogosLibrary.Superior.YangMills.DivisionAlgebra transitive imports (legacy)",
         "4671562405183375079"],
        ["LogosLibrary.Superior.YangMills.DivisionAlgebra:importAllArts",
         "9577016288354987775"],
        ["LogosLibrary.Superior.YangMills.EntropyManifold transitive imports (legacy)",
         "10389776730458826460"],
        ["LogosLibrary.Superior.YangMills.EntropyManifold:importAllArts",
         "5740199129490740186"],
        ["LogosLibrary.Superior.YangMills.HopfFibration transitive imports (legacy)",
         "5968235940486596459"],
        ["LogosLibrary.Superior.YangMills.HopfFibration:importAllArts",
         "17432740934070520607"],
        ["LogosLibrary.Superior.YangMills.TopologicalMassGap transitive imports (legacy)",
         "8565223477380800689"],
        ["LogosLibrary.Superior.YangMills.TopologicalMassGap:importAllArts",
         "2022341568778995604"]]]]],
    ["libs",
     [["import dynlibs", "1723"],
      ["package external libraries", "1723"],
      ["module dynlibs", "1723"],
      ["module plugins", "1723"]]]]],
  ["Lean 4.23.0, commit ad1a017949674a947f0d6794cbf7130d642c6530",
   "2372534101328293747"],
  ["/Users/augustusthwack/Desktop/Logos_Library/LogosLibrary/Superior.lean",
   "12392350537283595014"],
  ["options", "1723"],
  ["Module.leanArgs: #[]", "1723"]],
 "depHash": "17447871538820860123"}