{"synthetic": false,
 "outputs":
 {"o": ["18056664095081475232"],
  "i": "8091720650984095810",
  "c": "17900906954229345996"},
 "log":
 [{"message":
   ".> LEAN_PATH=/Users/augustusthwack/Desktop/Logos_Library/.lake/packages/Cli/.lake/build/lib/lean:/Users/augustusthwack/Desktop/Logos_Library/.lake/packages/batteries/.lake/build/lib/lean:/Users/augustusthwack/Desktop/Logos_Library/.lake/packages/Qq/.lake/build/lib/lean:/Users/augustusthwack/Desktop/Logos_Library/.lake/packages/aesop/.lake/build/lib/lean:/Users/augustusthwack/Desktop/Logos_Library/.lake/packages/proofwidgets/.lake/build/lib/lean:/Users/augustusthwack/Desktop/Logos_Library/.lake/packages/importGraph/.lake/build/lib/lean:/Users/augustusthwack/Desktop/Logos_Library/.lake/packages/LeanSearchClient/.lake/build/lib/lean:/Users/augustusthwack/Desktop/Logos_Library/.lake/packages/plausible/.lake/build/lib/lean:/Users/augustusthwack/Desktop/Logos_Library/.lake/packages/mathlib/.lake/build/lib/lean:/Users/augustusthwack/Desktop/Logos_Library/.lake/build/lib/lean /Users/augustusthwack/.elan/toolchains/leanprover--lean4---v4.23.0-rc2/bin/lean /Users/augustusthwack/Desktop/Logos_Library/LogosLibrary/Superior/NanoThermo.lean -o /Users/augustusthwack/Desktop/Logos_Library/.lake/build/lib/lean/LogosLibrary/Superior/NanoThermo.olean -i /Users/augustusthwack/Desktop/Logos_Library/.lake/build/lib/lean/LogosLibrary/Superior/NanoThermo.ilean -c /Users/augustusthwack/Desktop/Logos_Library/.lake/build/ir/LogosLibrary/Superior/NanoThermo.c --setup /Users/augustusthwack/Desktop/Logos_Library/.lake/build/ir/LogosLibrary/Superior/NanoThermo.setup.json --json",
   "level": "trace"}],
 "inputs":
 [["LogosLibrary.Superior.NanoThermo:deps",
   [["deps",
     [["logos_library/LogosLibrary:extraDep",
       [["@logos_library:extraDep", "1723"]]],
      ["imports",
       [["LogosLibrary.Superior.NanoThermo.Definition transitive imports (legacy)",
         "15062751165923372949"],
        ["LogosLibrary.Superior.NanoThermo.Definition:importAllArts",
         "1411706719762872254"],
        ["LogosLibrary.Superior.NanoThermo.Limits transitive imports (legacy)",
         "3425739070968038981"],
        ["LogosLibrary.Superior.NanoThermo.Limits:importAllArts",
         "11085352029458177150"],
        ["LogosLibrary.Superior.NanoThermo.Monotonicity transitive imports (legacy)",
         "3425739070968038981"],
        ["LogosLibrary.Superior.NanoThermo.Monotonicity:importAllArts",
         "12268687493523536136"],
        ["LogosLibrary.Superior.NanoThermo.PageCurve transitive imports (legacy)",
         "3425739070968038981"],
        ["LogosLibrary.Superior.NanoThermo.PageCurve:importAllArts",
         "14340583868261890999"]]]]],
    ["libs",
     [["import dynlibs", "1723"],
      ["package external libraries", "1723"],
      ["module dynlibs", "1723"],
      ["module plugins", "1723"]]]]],
  ["Lean 4.23.0, commit ad1a017949674a947f0d6794cbf7130d642c6530",
   "2372534101328293747"],
  ["/Users/augustusthwack/Desktop/Logos_Library/LogosLibrary/Superior/NanoThermo.lean",
   "11188165820005539853"],
  ["options", "1723"],
  ["Module.leanArgs: #[]", "1723"]],
 "depHash": "7509072890791166245"}