{"synthetic": false,
 "outputs":
 {"o": ["9899348166451615844"],
  "i": "456491169871803386",
  "c": "5332665190375156345"},
 "log":
 [{"message":
   ".> LEAN_PATH=/Users/augustusthwack/Desktop/Logos_Library/.lake/packages/Cli/.lake/build/lib/lean:/Users/augustusthwack/Desktop/Logos_Library/.lake/packages/batteries/.lake/build/lib/lean:/Users/augustusthwack/Desktop/Logos_Library/.lake/packages/Qq/.lake/build/lib/lean:/Users/augustusthwack/Desktop/Logos_Library/.lake/packages/aesop/.lake/build/lib/lean:/Users/augustusthwack/Desktop/Logos_Library/.lake/packages/proofwidgets/.lake/build/lib/lean:/Users/augustusthwack/Desktop/Logos_Library/.lake/packages/importGraph/.lake/build/lib/lean:/Users/augustusthwack/Desktop/Logos_Library/.lake/packages/LeanSearchClient/.lake/build/lib/lean:/Users/augustusthwack/Desktop/Logos_Library/.lake/packages/plausible/.lake/build/lib/lean:/Users/augustusthwack/Desktop/Logos_Library/.lake/packages/mathlib/.lake/build/lib/lean:/Users/augustusthwack/Desktop/Logos_Library/.lake/build/lib/lean /Users/augustusthwack/.elan/toolchains/leanprover--lean4---v4.23.0-rc2/bin/lean /Users/augustusthwack/Desktop/Logos_Library/LogosLibrary/Superior/Strings.lean -o /Users/augustusthwack/Desktop/Logos_Library/.lake/build/lib/lean/LogosLibrary/Superior/Strings.olean -i /Users/augustusthwack/Desktop/Logos_Library/.lake/build/lib/lean/LogosLibrary/Superior/Strings.ilean -c /Users/augustusthwack/Desktop/Logos_Library/.lake/build/ir/LogosLibrary/Superior/Strings.c --setup /Users/augustusthwack/Desktop/Logos_Library/.lake/build/ir/LogosLibrary/Superior/Strings.setup.json --json",
   "level": "trace"}],
 "inputs":
 [["LogosLibrary.Superior.Strings:deps",
   [["deps",
     [["logos_library/LogosLibrary:extraDep",
       [["@logos_library:extraDep", "1723"]]],
      ["imports",
       [["LogosLibrary.Superior.Strings.Basic transitive imports (legacy)",
         "16403080239662103363"],
        ["LogosLibrary.Superior.Strings.Basic:importAllArts",
         "8469384145194761588"],
        ["LogosLibrary.Superior.Strings.Thermal transitive imports (legacy)",
         "12127312482109120038"],
        ["LogosLibrary.Superior.Strings.Thermal:importAllArts",
         "14981861024627435103"],
        ["LogosLibrary.Superior.Strings.Topology transitive imports (legacy)",
         "11077615293359131511"],
        ["LogosLibrary.Superior.Strings.Topology:importAllArts",
         "17514049169531513747"],
        ["LogosLibrary.Superior.Strings.Quaternion transitive imports (legacy)",
         "8016703623776313095"],
        ["LogosLibrary.Superior.Strings.Quaternion:importAllArts",
         "5893082165956698346"],
        ["LogosLibrary.Superior.Strings.Synthesis transitive imports (legacy)",
         "12625373204849308179"],
        ["LogosLibrary.Superior.Strings.Synthesis:importAllArts",
         "16680568852863475935"]]]]],
    ["libs",
     [["import dynlibs", "1723"],
      ["package external libraries", "1723"],
      ["module dynlibs", "1723"],
      ["module plugins", "1723"]]]]],
  ["Lean 4.23.0, commit ad1a017949674a947f0d6794cbf7130d642c6530",
   "2372534101328293747"],
  ["/Users/augustusthwack/Desktop/Logos_Library/LogosLibrary/Superior/Strings.lean",
   "9441665218587349139"],
  ["options", "1723"],
  ["Module.leanArgs: #[]", "1723"]],
 "depHash": "6624774203883311479"}