{"synthetic": false,
 "outputs":
 {"o": ["5586171128239972204"],
  "i": "6356157459015977503",
  "c": "11249441072401353821"},
 "log":
 [{"message":
   ".> LEAN_PATH=/Users/augustusthwack/Desktop/Logos_Library/.lake/packages/Cli/.lake/build/lib/lean:/Users/augustusthwack/Desktop/Logos_Library/.lake/packages/batteries/.lake/build/lib/lean:/Users/augustusthwack/Desktop/Logos_Library/.lake/packages/Qq/.lake/build/lib/lean:/Users/augustusthwack/Desktop/Logos_Library/.lake/packages/aesop/.lake/build/lib/lean:/Users/augustusthwack/Desktop/Logos_Library/.lake/packages/proofwidgets/.lake/build/lib/lean:/Users/augustusthwack/Desktop/Logos_Library/.lake/packages/importGraph/.lake/build/lib/lean:/Users/augustusthwack/Desktop/Logos_Library/.lake/packages/LeanSearchClient/.lake/build/lib/lean:/Users/augustusthwack/Desktop/Logos_Library/.lake/packages/plausible/.lake/build/lib/lean:/Users/augustusthwack/Desktop/Logos_Library/.lake/packages/mathlib/.lake/build/lib/lean:/Users/augustusthwack/Desktop/Logos_Library/.lake/build/lib/lean /Users/augustusthwack/.elan/toolchains/leanprover--lean4---v4.23.0-rc2/bin/lean /Users/augustusthwack/Desktop/Logos_Library/LogosLibrary/Superior/ThermalTime.lean -o /Users/augustusthwack/Desktop/Logos_Library/.lake/build/lib/lean/LogosLibrary/Superior/ThermalTime.olean -i /Users/augustusthwack/Desktop/Logos_Library/.lake/build/lib/lean/LogosLibrary/Superior/ThermalTime.ilean -c /Users/augustusthwack/Desktop/Logos_Library/.lake/build/ir/LogosLibrary/Superior/ThermalTime.c --setup /Users/augustusthwack/Desktop/Logos_Library/.lake/build/ir/LogosLibrary/Superior/ThermalTime.setup.json --json",
   "level": "trace"}],
 "inputs":
 [["LogosLibrary.Superior.ThermalTime:deps",
   [["deps",
     [["logos_library/LogosLibrary:extraDep",
       [["@logos_library:extraDep", "1723"]]],
      ["imports",
       [["LogosLibrary.Superior.ThermalTime.Basic transitive imports (legacy)",
         "13321086739222866377"],
        ["LogosLibrary.Superior.ThermalTime.Basic:importAllArts",
         "1898067414926233710"],
        ["LogosLibrary.Superior.ThermalTime.Consistency transitive imports (legacy)",
         "15289564896638238167"],
        ["LogosLibrary.Superior.ThermalTime.Consistency:importAllArts",
         "18155764594578811687"],
        ["LogosLibrary.Superior.ThermalTime.InfoTheory transitive imports (legacy)",
         "2465946047364685411"],
        ["LogosLibrary.Superior.ThermalTime.InfoTheory:importAllArts",
         "1943298611750998752"],
        ["LogosLibrary.Superior.ThermalTime.Measurement transitive imports (legacy)",
         "15289564896638238167"],
        ["LogosLibrary.Superior.ThermalTime.Measurement:importAllArts",
         "11662914003755832331"]]]]],
    ["libs",
     [["import dynlibs", "1723"],
      ["package external libraries", "1723"],
      ["module dynlibs", "1723"],
      ["module plugins", "1723"]]]]],
  ["Lean 4.23.0, commit ad1a017949674a947f0d6794cbf7130d642c6530",
   "2372534101328293747"],
  ["/Users/augustusthwack/Desktop/Logos_Library/LogosLibrary/Superior/ThermalTime.lean",
   "3598559671807374734"],
  ["options", "1723"],
  ["Module.leanArgs: #[]", "1723"]],
 "depHash": "9117303408795249078"}