{"synthetic": false,
 "outputs":
 {"o": ["15426599718914239322"],
  "i": "2554910861995581403",
  "c": "10228498842743589704"},
 "log":
 [{"message":
   ".> LEAN_PATH=/Users/augustusthwack/Desktop/Logos_Library/.lake/packages/Cli/.lake/build/lib/lean:/Users/augustusthwack/Desktop/Logos_Library/.lake/packages/batteries/.lake/build/lib/lean:/Users/augustusthwack/Desktop/Logos_Library/.lake/packages/Qq/.lake/build/lib/lean:/Users/augustusthwack/Desktop/Logos_Library/.lake/packages/aesop/.lake/build/lib/lean:/Users/augustusthwack/Desktop/Logos_Library/.lake/packages/proofwidgets/.lake/build/lib/lean:/Users/augustusthwack/Desktop/Logos_Library/.lake/packages/importGraph/.lake/build/lib/lean:/Users/augustusthwack/Desktop/Logos_Library/.lake/packages/LeanSearchClient/.lake/build/lib/lean:/Users/augustusthwack/Desktop/Logos_Library/.lake/packages/plausible/.lake/build/lib/lean:/Users/augustusthwack/Desktop/Logos_Library/.lake/packages/mathlib/.lake/build/lib/lean:/Users/augustusthwack/Desktop/Logos_Library/.lake/build/lib/lean /Users/augustusthwack/.elan/toolchains/leanprover--lean4---v4.23.0-rc2/bin/lean /Users/augustusthwack/Desktop/Logos_Library/LogosLibrary/Superior/YangMills.lean -o /Users/augustusthwack/Desktop/Logos_Library/.lake/build/lib/lean/LogosLibrary/Superior/YangMills.olean -i /Users/augustusthwack/Desktop/Logos_Library/.lake/build/lib/lean/LogosLibrary/Superior/YangMills.ilean -c /Users/augustusthwack/Desktop/Logos_Library/.lake/build/ir/LogosLibrary/Superior/YangMills.c --setup /Users/augustusthwack/Desktop/Logos_Library/.lake/build/ir/LogosLibrary/Superior/YangMills.setup.json --json",
   "level": "trace"}],
 "inputs":
 [["LogosLibrary.Superior.YangMills:deps",
   [["deps",
     [["logos_library/LogosLibrary:extraDep",
       [["@logos_library:extraDep", "1723"]]],
      ["imports",
       [["LogosLibrary.Superior.YangMills.DivisionAlgebra transitive imports (legacy)",
         "4671562405183375079"],
        ["LogosLibrary.Superior.YangMills.DivisionAlgebra:importAllArts",
         "9577016288354987775"],
        ["LogosLibrary.Superior.YangMills.HopfFibration transitive imports (legacy)",
         "5968235940486596459"],
        ["LogosLibrary.Superior.YangMills.HopfFibration:importAllArts",
         "17432740934070520607"],
        ["LogosLibrary.Superior.YangMills.EntropyManifold transitive imports (legacy)",
         "10389776730458826460"],
        ["LogosLibrary.Superior.YangMills.EntropyManifold:importAllArts",
         "5740199129490740186"],
        ["LogosLibrary.Superior.YangMills.TopologicalMassGap transitive imports (legacy)",
         "8565223477380800689"],
        ["LogosLibrary.Superior.YangMills.TopologicalMassGap:importAllArts",
         "2022341568778995604"]]]]],
    ["libs",
     [["import dynlibs", "1723"],
      ["package external libraries", "1723"],
      ["module dynlibs", "1723"],
      ["module plugins", "1723"]]]]],
  ["Lean 4.23.0, commit ad1a017949674a947f0d6794cbf7130d642c6530",
   "2372534101328293747"],
  ["/Users/augustusthwack/Desktop/Logos_Library/LogosLibrary/Superior/YangMills.lean",
   "1711973821399985100"],
  ["options", "1723"],
  ["Module.leanArgs: #[]", "1723"]],
 "depHash": "1056676651659946636"}