{"synthetic": false,
 "schemaVersion": "2025-09-10",
 "outputs":
 {"o": ["a6bea892ed62f506.olean"],
  "i": "21505c78fe6f4c2c.ilean",
  "c": "5a7e4aa29e99b2e7.c"},
 "log":
 [{"message":
   ".> LEAN_PATH=/Users/augustusthwack/Desktop/Logos_Library/.lake/packages/Cli/.lake/build/lib/lean:/Users/augustusthwack/Desktop/Logos_Library/.lake/packages/batteries/.lake/build/lib/lean:/Users/augustusthwack/Desktop/Logos_Library/.lake/packages/Qq/.lake/build/lib/lean:/Users/augustusthwack/Desktop/Logos_Library/.lake/packages/aesop/.lake/build/lib/lean:/Users/augustusthwack/Desktop/Logos_Library/.lake/packages/proofwidgets/.lake/build/lib/lean:/Users/augustusthwack/Desktop/Logos_Library/.lake/packages/importGraph/.lake/build/lib/lean:/Users/augustusthwack/Desktop/Logos_Library/.lake/packages/LeanSearchClient/.lake/build/lib/lean:/Users/augustusthwack/Desktop/Logos_Library/.lake/packages/plausible/.lake/build/lib/lean:/Users/augustusthwack/Desktop/Logos_Library/.lake/packages/mathlib/.lake/build/lib/lean:/Users/augustusthwack/Desktop/Logos_Library/.lake/build/lib/lean /Users/augustusthwack/.elan/toolchains/leanprover--lean4---v4.29.0-rc2/bin/lean /Users/augustusthwack/Desktop/Logos_Library/LogosLibrary/Relativity/GR/KerrMetric.lean -o /Users/augustusthwack/Desktop/Logos_Library/.lake/build/lib/lean/LogosLibrary/Relativity/GR/KerrMetric.olean -i /Users/augustusthwack/Desktop/Logos_Library/.lake/build/lib/lean/LogosLibrary/Relativity/GR/KerrMetric.ilean -c /Users/augustusthwack/Desktop/Logos_Library/.lake/build/ir/LogosLibrary/Relativity/GR/KerrMetric.c --setup /Users/augustusthwack/Desktop/Logos_Library/.lake/build/ir/LogosLibrary/Relativity/GR/KerrMetric.setup.json --json",
   "level": "trace"}],
 "inputs":
 [["LogosLibrary.Relativity.GR.KerrMetric:deps",
   [["deps",
     [["logos_library/LogosLibrary:extraDep",
       [["@logos_library:extraDep", "00000000000006bb"]]],
      ["imports",
       [["LogosLibrary.Relativity.SR.MinkowskiSpacetime transitive imports (legacy)",
         "c60dff0b623d0b87"],
        ["LogosLibrary.Relativity.SR.MinkowskiSpacetime:importAllArts",
         "d622f6802cdf6008"],
        ["LogosLibrary.QuantumMechanics.Uncertainty.UnboundedOperators transitive imports (legacy)",
         "262c9c71ccb1fa30"],
        ["LogosLibrary.QuantumMechanics.Uncertainty.UnboundedOperators:importAllArts",
         "d9a0e812a30f7836"],
        ["Mathlib.Analysis.SpecialFunctions.Log.Basic transitive imports (legacy)",
         "d8680ac0661b05bc"],
        ["Mathlib.Analysis.SpecialFunctions.Log.Basic:importAllArts",
         "41d503a084afdc12"],
        ["Mathlib.Probability.Distributions.Gaussian.Real transitive imports (legacy)",
         "8148ed273d7a06fa"],
        ["Mathlib.Probability.Distributions.Gaussian.Real:importAllArts",
         "4e594c010c5254ef"]]]]],
    ["libs",
     [["import dynlibs", "00000000000006bb"],
      ["package external libraries", "00000000000006bb"],
      ["module dynlibs", "00000000000006bb"],
      ["module plugins", "00000000000006bb"]]]]],
  ["Lean 4.29.0, commit 83e54b65b65d1d3ce31d99d820a7bd5f3e219295",
   "e77748eb16099172"],
  ["/Users/augustusthwack/Desktop/Logos_Library/LogosLibrary/Relativity/GR/KerrMetric.lean",
   "3699e29f32679cc8"],
  ["options", "00000000000006bb"],
  ["isModule: false", "feefd2a0d3a1847e"],
  ["Module.name: LogosLibrary.Relativity.GR.KerrMetric", "eb7bd52f4d06a1ab"],
  ["Package.id?: (some logos_library)", "94a92e73ca6dc2d7"],
  ["Module.leanArgs: #[]", "00000000000006bb"]],
 "depHash": "ccd0a575f1b84fe9"}