{"synthetic": false,
 "outputs":
 {"o": ["3309179916650080294"],
  "i": "6101294414045866276",
  "c": "17720199000448851530"},
 "log":
 [{"message":
   ".> LEAN_PATH=/Users/augustusthwack/Desktop/Logos_Library/.lake/packages/Cli/.lake/build/lib/lean:/Users/augustusthwack/Desktop/Logos_Library/.lake/packages/batteries/.lake/build/lib/lean:/Users/augustusthwack/Desktop/Logos_Library/.lake/packages/Qq/.lake/build/lib/lean:/Users/augustusthwack/Desktop/Logos_Library/.lake/packages/aesop/.lake/build/lib/lean:/Users/augustusthwack/Desktop/Logos_Library/.lake/packages/proofwidgets/.lake/build/lib/lean:/Users/augustusthwack/Desktop/Logos_Library/.lake/packages/importGraph/.lake/build/lib/lean:/Users/augustusthwack/Desktop/Logos_Library/.lake/packages/LeanSearchClient/.lake/build/lib/lean:/Users/augustusthwack/Desktop/Logos_Library/.lake/packages/plausible/.lake/build/lib/lean:/Users/augustusthwack/Desktop/Logos_Library/.lake/packages/mathlib/.lake/build/lib/lean:/Users/augustusthwack/Desktop/Logos_Library/.lake/build/lib/lean /Users/augustusthwack/.elan/toolchains/leanprover--lean4---v4.23.0-rc2/bin/lean /Users/augustusthwack/Desktop/Logos_Library/LogosLibrary/Superior/SplitMechanics/BellsTheorem/ThermalBell/HiddenStructure.lean -o /Users/augustusthwack/Desktop/Logos_Library/.lake/build/lib/lean/LogosLibrary/Superior/SplitMechanics/BellsTheorem/ThermalBell/HiddenStructure.olean -i /Users/augustusthwack/Desktop/Logos_Library/.lake/build/lib/lean/LogosLibrary/Superior/SplitMechanics/BellsTheorem/ThermalBell/HiddenStructure.ilean -c /Users/augustusthwack/Desktop/Logos_Library/.lake/build/ir/LogosLibrary/Superior/SplitMechanics/BellsTheorem/ThermalBell/HiddenStructure.c --setup /Users/augustusthwack/Desktop/Logos_Library/.lake/build/ir/LogosLibrary/Superior/SplitMechanics/BellsTheorem/ThermalBell/HiddenStructure.setup.json --json",
   "level": "trace"}],
 "inputs":
 [["LogosLibrary.Superior.SplitMechanics.BellsTheorem.ThermalBell.HiddenStructure:deps",
   [["deps",
     [["logos_library/LogosLibrary:extraDep",
       [["@logos_library:extraDep", "1723"]]],
      ["imports",
       [["LogosLibrary.Superior.SplitMechanics.BellsTheorem.TLHV transitive imports (legacy)",
         "15873137194299575201"],
        ["LogosLibrary.Superior.SplitMechanics.BellsTheorem.TLHV:importAllArts",
         "6534340053614719539"],
        ["LogosLibrary.Superior.SplitMechanics.BellsTheorem.ThermalBell.QuantumCompatible transitive imports (legacy)",
         "7287069961833106998"],
        ["LogosLibrary.Superior.SplitMechanics.BellsTheorem.ThermalBell.QuantumCompatible:importAllArts",
         "16602588377551845116"],
        ["LogosLibrary.Superior.SplitMechanics.BellsTheorem.ThermalBell.OriginOfEight transitive imports (legacy)",
         "7287069961833106998"],
        ["LogosLibrary.Superior.SplitMechanics.BellsTheorem.ThermalBell.OriginOfEight:importAllArts",
         "11362704143723919833"],
        ["LogosLibrary.Superior.SplitMechanics.BellsTheorem.ThermalBell.PRBox transitive imports (legacy)",
         "7287069961833106998"],
        ["LogosLibrary.Superior.SplitMechanics.BellsTheorem.ThermalBell.PRBox:importAllArts",
         "8839174963319998018"]]]]],
    ["libs",
     [["import dynlibs", "1723"],
      ["package external libraries", "1723"],
      ["module dynlibs", "1723"],
      ["module plugins", "1723"]]]]],
  ["Lean 4.23.0, commit ad1a017949674a947f0d6794cbf7130d642c6530",
   "2372534101328293747"],
  ["/Users/augustusthwack/Desktop/Logos_Library/LogosLibrary/Superior/SplitMechanics/BellsTheorem/ThermalBell/HiddenStructure.lean",
   "2972503363362904371"],
  ["options", "1723"],
  ["Module.leanArgs: #[]", "1723"]],
 "depHash": "15651704216613571437"}