{"synthetic": false,
 "outputs":
 {"o": ["11366009649837276887"],
  "i": "7682797606320974813",
  "c": "12900458068053708264"},
 "log":
 [{"message":
   ".> LEAN_PATH=/Users/augustusthwack/Desktop/Logos_Library/.lake/packages/Cli/.lake/build/lib/lean:/Users/augustusthwack/Desktop/Logos_Library/.lake/packages/batteries/.lake/build/lib/lean:/Users/augustusthwack/Desktop/Logos_Library/.lake/packages/Qq/.lake/build/lib/lean:/Users/augustusthwack/Desktop/Logos_Library/.lake/packages/aesop/.lake/build/lib/lean:/Users/augustusthwack/Desktop/Logos_Library/.lake/packages/proofwidgets/.lake/build/lib/lean:/Users/augustusthwack/Desktop/Logos_Library/.lake/packages/importGraph/.lake/build/lib/lean:/Users/augustusthwack/Desktop/Logos_Library/.lake/packages/LeanSearchClient/.lake/build/lib/lean:/Users/augustusthwack/Desktop/Logos_Library/.lake/packages/plausible/.lake/build/lib/lean:/Users/augustusthwack/Desktop/Logos_Library/.lake/packages/mathlib/.lake/build/lib/lean:/Users/augustusthwack/Desktop/Logos_Library/.lake/build/lib/lean /Users/augustusthwack/.elan/toolchains/leanprover--lean4---v4.23.0-rc2/bin/lean /Users/augustusthwack/Desktop/Logos_Library/LogosLibrary/QuantumMechanics/BellsTheorem/CHSH_bounds/CHSH_Basic.lean -o /Users/augustusthwack/Desktop/Logos_Library/.lake/build/lib/lean/LogosLibrary/QuantumMechanics/BellsTheorem/CHSH_bounds/CHSH_Basic.olean -i /Users/augustusthwack/Desktop/Logos_Library/.lake/build/lib/lean/LogosLibrary/QuantumMechanics/BellsTheorem/CHSH_bounds/CHSH_Basic.ilean -c /Users/augustusthwack/Desktop/Logos_Library/.lake/build/ir/LogosLibrary/QuantumMechanics/BellsTheorem/CHSH_bounds/CHSH_Basic.c --setup /Users/augustusthwack/Desktop/Logos_Library/.lake/build/ir/LogosLibrary/QuantumMechanics/BellsTheorem/CHSH_bounds/CHSH_Basic.setup.json --json",
   "level": "trace"}],
 "inputs":
 [["LogosLibrary.QuantumMechanics.BellsTheorem.CHSH_bounds.CHSH_Basic:deps",
   [["deps",
     [["logos_library/LogosLibrary:extraDep",
       [["@logos_library:extraDep", "1723"]]],
      ["imports",
       [["LogosLibrary.QuantumMechanics.BellsTheorem.Basic transitive imports (legacy)",
         "2524833854479707626"],
        ["LogosLibrary.QuantumMechanics.BellsTheorem.Basic:importAllArts",
         "9688761796033684809"],
        ["Mathlib.Analysis.InnerProductSpace.Basic transitive imports (legacy)",
         "611061487222482892"],
        ["Mathlib.Analysis.InnerProductSpace.Basic:importAllArts",
         "14557261562944803168"],
        ["Mathlib.Analysis.InnerProductSpace.PiL2 transitive imports (legacy)",
         "17950490558050793438"],
        ["Mathlib.Analysis.InnerProductSpace.PiL2:importAllArts",
         "9598105501781636149"],
        ["Mathlib.LinearAlgebra.Matrix.DotProduct transitive imports (legacy)",
         "17824333296168085979"],
        ["Mathlib.LinearAlgebra.Matrix.DotProduct:importAllArts",
         "13488091400868699415"],
        ["Mathlib.Data.Matrix.Basic transitive imports (legacy)",
         "7153154004988272961"],
        ["Mathlib.Data.Matrix.Basic:importAllArts", "7529567267253840499"]]]]],
    ["libs",
     [["import dynlibs", "1723"],
      ["package external libraries", "1723"],
      ["module dynlibs", "1723"],
      ["module plugins", "1723"]]]]],
  ["Lean 4.23.0, commit ad1a017949674a947f0d6794cbf7130d642c6530",
   "2372534101328293747"],
  ["/Users/augustusthwack/Desktop/Logos_Library/LogosLibrary/QuantumMechanics/BellsTheorem/CHSH_bounds/CHSH_Basic.lean",
   "15809533439292315600"],
  ["options", "1723"],
  ["Module.leanArgs: #[]", "1723"]],
 "depHash": "15306518905797794497"}